{"/home/runner/work/devsecops/devsecops/frontend/src/App.js": {"path":"/home/runner/work/devsecops/devsecops/frontend/src/App.js","statementMap":{"0":{"start":{"line":33,"column":2},"end":{"line":105,"column":4}}},"fnMap":{"0":{"name":"App","decl":{"start":{"line":32,"column":9},"end":{"line":32,"column":12}},"loc":{"start":{"line":32,"column":15},"end":{"line":106,"column":1}},"line":32}},"branchMap":{},"s":{"0":0},"f":{"0":0},"b":{}}
,"/home/runner/work/devsecops/devsecops/frontend/src/index.js": {"path":"/home/runner/work/devsecops/devsecops/frontend/src/index.js","statementMap":{"0":{"start":{"line":11,"column":13},"end":{"line":11,"column":65}},"1":{"start":{"line":12,"column":0},"end":{"line":16,"column":2}}},"fnMap":{},"branchMap":{},"s":{"0":0,"1":0},"f":{},"b":{}}
,"/home/runner/work/devsecops/devsecops/frontend/src/reportWebVitals.js": {"path":"/home/runner/work/devsecops/devsecops/frontend/src/reportWebVitals.js","statementMap":{"0":{"start":{"line":1,"column":24},"end":{"line":11,"column":1}},"1":{"start":{"line":2,"column":2},"end":{"line":10,"column":3}},"2":{"start":{"line":3,"column":4},"end":{"line":9,"column":7}},"3":{"start":{"line":4,"column":6},"end":{"line":4,"column":26}},"4":{"start":{"line":5,"column":6},"end":{"line":5,"column":26}},"5":{"start":{"line":6,"column":6},"end":{"line":6,"column":26}},"6":{"start":{"line":7,"column":6},"end":{"line":7,"column":26}},"7":{"start":{"line":8,"column":6},"end":{"line":8,"column":27}}},"fnMap":{"0":{"name":"(anonymous_0)","decl":{"start":{"line":1,"column":24},"end":{"line":1,"column":25}},"loc":{"start":{"line":1,"column":39},"end":{"line":11,"column":1}},"line":1},"1":{"name":"(anonymous_1)","decl":{"start":{"line":3,"column":30},"end":{"line":3,"column":31}},"loc":{"start":{"line":3,"column":79},"end":{"line":9,"column":5}},"line":3}},"branchMap":{"0":{"loc":{"start":{"line":2,"column":2},"end":{"line":10,"column":3}},"type":"if","locations":[{"start":{"line":2,"column":2},"end":{"line":10,"column":3}},{"start":{},"end":{}}],"line":2},"1":{"loc":{"start":{"line":2,"column":6},"end":{"line":2,"column":52}},"type":"binary-expr","locations":[{"start":{"line":2,"column":6},"end":{"line":2,"column":17}},{"start":{"line":2,"column":21},"end":{"line":2,"column":52}}],"line":2}},"s":{"0":0,"1":0,"2":0,"3":0,"4":0,"5":0,"6":0,"7":0},"f":{"0":0,"1":0},"b":{"0":[0,0],"1":[0,0]}}
,"/home/runner/work/devsecops/devsecops/frontend/src/api/axios.js": {"path":"/home/runner/work/devsecops/devsecops/frontend/src/api/axios.js","statementMap":{"0":{"start":{"line":5,"column":16},"end":{"line":5,"column":76}},"1":{"start":{"line":8,"column":22},"end":{"line":13,"column":2}},"2":{"start":{"line":16,"column":0},"end":{"line":25,"column":2}},"3":{"start":{"line":18,"column":18},"end":{"line":18,"column":47}},"4":{"start":{"line":19,"column":4},"end":{"line":21,"column":5}},"5":{"start":{"line":20,"column":6},"end":{"line":20,"column":55}},"6":{"start":{"line":22,"column":4},"end":{"line":22,"column":18}},"7":{"start":{"line":24,"column":13},"end":{"line":24,"column":34}},"8":{"start":{"line":28,"column":0},"end":{"line":39,"column":2}},"9":{"start":{"line":29,"column":16},"end":{"line":29,"column":24}},"10":{"start":{"line":31,"column":4},"end":{"line":36,"column":5}},"11":{"start":{"line":33,"column":6},"end":{"line":33,"column":39}},"12":{"start":{"line":34,"column":6},"end":{"line":34,"column":38}},"13":{"start":{"line":35,"column":6},"end":{"line":35,"column":38}},"14":{"start":{"line":37,"column":4},"end":{"line":37,"column":33}}},"fnMap":{"0":{"name":"(anonymous_0)","decl":{"start":{"line":17,"column":2},"end":{"line":17,"column":3}},"loc":{"start":{"line":17,"column":14},"end":{"line":23,"column":3}},"line":17},"1":{"name":"(anonymous_1)","decl":{"start":{"line":24,"column":2},"end":{"line":24,"column":3}},"loc":{"start":{"line":24,"column":13},"end":{"line":24,"column":34}},"line":24},"2":{"name":"(anonymous_2)","decl":{"start":{"line":29,"column":2},"end":{"line":29,"column":3}},"loc":{"start":{"line":29,"column":16},"end":{"line":29,"column":24}},"line":29},"3":{"name":"(anonymous_3)","decl":{"start":{"line":30,"column":2},"end":{"line":30,"column":3}},"loc":{"start":{"line":30,"column":13},"end":{"line":38,"column":3}},"line":30}},"branchMap":{"0":{"loc":{"start":{"line":5,"column":16},"end":{"line":5,"column":76}},"type":"binary-expr","locations":[{"start":{"line":5,"column":16},"end":{"line":5,"column":45}},{"start":{"line":5,"column":49},"end":{"line":5,"column":76}}],"line":5},"1":{"loc":{"start":{"line":19,"column":4},"end":{"line":21,"column":5}},"type":"if","locations":[{"start":{"line":19,"column":4},"end":{"line":21,"column":5}},{"start":{},"end":{}}],"line":19},"2":{"loc":{"start":{"line":31,"column":4},"end":{"line":36,"column":5}},"type":"if","locations":[{"start":{"line":31,"column":4},"end":{"line":36,"column":5}},{"start":{},"end":{}}],"line":31},"3":{"loc":{"start":{"line":31,"column":8},"end":{"line":31,"column":55}},"type":"binary-expr","locations":[{"start":{"line":31,"column":8},"end":{"line":31,"column":22}},{"start":{"line":31,"column":26},"end":{"line":31,"column":55}}],"line":31}},"s":{"0":0,"1":0,"2":0,"3":0,"4":0,"5":0,"6":0,"7":0,"8":0,"9":0,"10":0,"11":0,"12":0,"13":0,"14":0},"f":{"0":0,"1":0,"2":0,"3":0},"b":{"0":[0,0],"1":[0,0],"2":[0,0],"3":[0,0]}}
,"/home/runner/work/devsecops/devsecops/frontend/src/components/AppointmentCard.js": {"path":"/home/runner/work/devsecops/devsecops/frontend/src/components/AppointmentCard.js","statementMap":{"0":{"start":{"line":12,"column":24},"end":{"line":108,"column":1}},"1":{"start":{"line":13,"column":19},"end":{"line":13,"column":32}},"2":{"start":{"line":19,"column":25},"end":{"line":32,"column":3}},"3":{"start":{"line":20,"column":4},"end":{"line":31,"column":5}},"4":{"start":{"line":22,"column":8},"end":{"line":22,"column":34}},"5":{"start":{"line":24,"column":8},"end":{"line":24,"column":34}},"6":{"start":{"line":26,"column":8},"end":{"line":26,"column":34}},"7":{"start":{"line":28,"column":8},"end":{"line":28,"column":34}},"8":{"start":{"line":30,"column":8},"end":{"line":30,"column":34}},"9":{"start":{"line":39,"column":21},"end":{"line":47,"column":3}},"10":{"start":{"line":40,"column":4},"end":{"line":40,"column":31}},"11":{"start":{"line":40,"column":18},"end":{"line":40,"column":31}},"12":{"start":{"line":41,"column":17},"end":{"line":41,"column":48}},"13":{"start":{"line":42,"column":4},"end":{"line":46,"column":7}},"14":{"start":{"line":54,"column":21},"end":{"line":58,"column":3}},"15":{"start":{"line":55,"column":4},"end":{"line":55,"column":31}},"16":{"start":{"line":55,"column":18},"end":{"line":55,"column":31}},"17":{"start":{"line":57,"column":4},"end":{"line":57,"column":35}},"18":{"start":{"line":60,"column":2},"end":{"line":107,"column":4}},"19":{"start":{"line":63,"column":21},"end":{"line":63,"column":64}},"20":{"start":{"line":67,"column":8},"end":{"line":67,"column":75}},"21":{"start":{"line":67,"column":31},"end":{"line":67,"column":75}}},"fnMap":{"0":{"name":"(anonymous_0)","decl":{"start":{"line":12,"column":24},"end":{"line":12,"column":25}},"loc":{"start":{"line":12,"column":45},"end":{"line":108,"column":1}},"line":12},"1":{"name":"(anonymous_1)","decl":{"start":{"line":19,"column":25},"end":{"line":19,"column":26}},"loc":{"start":{"line":19,"column":37},"end":{"line":32,"column":3}},"line":19},"2":{"name":"(anonymous_2)","decl":{"start":{"line":39,"column":21},"end":{"line":39,"column":22}},"loc":{"start":{"line":39,"column":34},"end":{"line":47,"column":3}},"line":39},"3":{"name":"(anonymous_3)","decl":{"start":{"line":54,"column":21},"end":{"line":54,"column":22}},"loc":{"start":{"line":54,"column":34},"end":{"line":58,"column":3}},"line":54},"4":{"name":"(anonymous_4)","decl":{"start":{"line":63,"column":15},"end":{"line":63,"column":16}},"loc":{"start":{"line":63,"column":21},"end":{"line":63,"column":64}},"line":63},"5":{"name":"(anonymous_5)","decl":{"start":{"line":66,"column":17},"end":{"line":66,"column":18}},"loc":{"start":{"line":66,"column":24},"end":{"line":68,"column":7}},"line":66}},"branchMap":{"0":{"loc":{"start":{"line":20,"column":4},"end":{"line":31,"column":5}},"type":"switch","locations":[{"start":{"line":21,"column":6},"end":{"line":22,"column":34}},{"start":{"line":23,"column":6},"end":{"line":24,"column":34}},{"start":{"line":25,"column":6},"end":{"line":26,"column":34}},{"start":{"line":27,"column":6},"end":{"line":28,"column":34}},{"start":{"line":29,"column":6},"end":{"line":30,"column":34}}],"line":20},"1":{"loc":{"start":{"line":40,"column":4},"end":{"line":40,"column":31}},"type":"if","locations":[{"start":{"line":40,"column":4},"end":{"line":40,"column":31}},{"start":{},"end":{}}],"line":40},"2":{"loc":{"start":{"line":55,"column":4},"end":{"line":55,"column":31}},"type":"if","locations":[{"start":{"line":55,"column":4},"end":{"line":55,"column":31}},{"start":{},"end":{}}],"line":55},"3":{"loc":{"start":{"line":67,"column":8},"end":{"line":67,"column":75}},"type":"if","locations":[{"start":{"line":67,"column":8},"end":{"line":67,"column":75}},{"start":{},"end":{}}],"line":67},"4":{"loc":{"start":{"line":77,"column":9},"end":{"line":77,"column":82}},"type":"binary-expr","locations":[{"start":{"line":77,"column":9},"end":{"line":77,"column":33}},{"start":{"line":77,"column":37},"end":{"line":77,"column":68}},{"start":{"line":77,"column":72},"end":{"line":77,"column":82}}],"line":77},"5":{"loc":{"start":{"line":94,"column":11},"end":{"line":98,"column":35}},"type":"cond-expr","locations":[{"start":{"line":95,"column":14},"end":{"line":97,"column":34}},{"start":{"line":98,"column":14},"end":{"line":98,"column":35}}],"line":94},"6":{"loc":{"start":{"line":95,"column":14},"end":{"line":97,"column":34}},"type":"cond-expr","locations":[{"start":{"line":96,"column":16},"end":{"line":96,"column":59}},{"start":{"line":97,"column":16},"end":{"line":97,"column":34}}],"line":95}},"s":{"0":0,"1":0,"2":0,"3":0,"4":0,"5":0,"6":0,"7":0,"8":0,"9":0,"10":0,"11":0,"12":0,"13":0,"14":0,"15":0,"16":0,"17":0,"18":0,"19":0,"20":0,"21":0},"f":{"0":0,"1":0,"2":0,"3":0,"4":0,"5":0},"b":{"0":[0,0,0,0,0],"1":[0,0],"2":[0,0],"3":[0,0],"4":[0,0,0],"5":[0,0],"6":[0,0]}}
,"/home/runner/work/devsecops/devsecops/frontend/src/components/Navbar.js": {"path":"/home/runner/work/devsecops/devsecops/frontend/src/components/Navbar.js","statementMap":{"0":{"start":{"line":11,"column":15},"end":{"line":77,"column":1}},"1":{"start":{"line":12,"column":36},"end":{"line":12,"column":45}},"2":{"start":{"line":13,"column":19},"end":{"line":13,"column":32}},"3":{"start":{"line":14,"column":19},"end":{"line":14,"column":32}},"4":{"start":{"line":19,"column":23},"end":{"line":22,"column":3}},"5":{"start":{"line":20,"column":4},"end":{"line":20,"column":13}},"6":{"start":{"line":21,"column":4},"end":{"line":21,"column":23}},"7":{"start":{"line":29,"column":19},"end":{"line":31,"column":3}},"8":{"start":{"line":30,"column":4},"end":{"line":30,"column":71}},"9":{"start":{"line":33,"column":2},"end":{"line":76,"column":4}}},"fnMap":{"0":{"name":"(anonymous_0)","decl":{"start":{"line":11,"column":15},"end":{"line":11,"column":16}},"loc":{"start":{"line":11,"column":21},"end":{"line":77,"column":1}},"line":11},"1":{"name":"(anonymous_1)","decl":{"start":{"line":19,"column":23},"end":{"line":19,"column":24}},"loc":{"start":{"line":19,"column":29},"end":{"line":22,"column":3}},"line":19},"2":{"name":"(anonymous_2)","decl":{"start":{"line":29,"column":19},"end":{"line":29,"column":20}},"loc":{"start":{"line":29,"column":29},"end":{"line":31,"column":3}},"line":29}},"branchMap":{"0":{"loc":{"start":{"line":30,"column":11},"end":{"line":30,"column":70}},"type":"cond-expr","locations":[{"start":{"line":30,"column":40},"end":{"line":30,"column":57}},{"start":{"line":30,"column":60},"end":{"line":30,"column":70}}],"line":30},"1":{"loc":{"start":{"line":43,"column":9},"end":{"line":61,"column":9}},"type":"binary-expr","locations":[{"start":{"line":43,"column":9},"end":{"line":43,"column":13}},{"start":{"line":44,"column":10},"end":{"line":60,"column":16}}],"line":43},"2":{"loc":{"start":{"line":55,"column":13},"end":{"line":59,"column":13}},"type":"binary-expr","locations":[{"start":{"line":55,"column":13},"end":{"line":55,"column":22}},{"start":{"line":56,"column":14},"end":{"line":58,"column":21}}],"line":55},"3":{"loc":{"start":{"line":64,"column":9},"end":{"line":73,"column":9}},"type":"binary-expr","locations":[{"start":{"line":64,"column":9},"end":{"line":64,"column":13}},{"start":{"line":65,"column":10},"end":{"line":72,"column":16}}],"line":64}},"s":{"0":0,"1":0,"2":0,"3":0,"4":0,"5":0,"6":0,"7":0,"8":0,"9":0},"f":{"0":0,"1":0,"2":0},"b":{"0":[0,0],"1":[0,0],"2":[0,0],"3":[0,0]}}
,"/home/runner/work/devsecops/devsecops/frontend/src/components/PrivateRoute.js": {"path":"/home/runner/work/devsecops/devsecops/frontend/src/components/PrivateRoute.js","statementMap":{"0":{"start":{"line":10,"column":21},"end":{"line":30,"column":1}},"1":{"start":{"line":11,"column":29},"end":{"line":11,"column":38}},"2":{"start":{"line":14,"column":2},"end":{"line":21,"column":3}},"3":{"start":{"line":15,"column":4},"end":{"line":20,"column":6}},"4":{"start":{"line":24,"column":2},"end":{"line":26,"column":3}},"5":{"start":{"line":25,"column":4},"end":{"line":25,"column":44}},"6":{"start":{"line":29,"column":2},"end":{"line":29,"column":18}}},"fnMap":{"0":{"name":"(anonymous_0)","decl":{"start":{"line":10,"column":21},"end":{"line":10,"column":22}},"loc":{"start":{"line":10,"column":39},"end":{"line":30,"column":1}},"line":10}},"branchMap":{"0":{"loc":{"start":{"line":14,"column":2},"end":{"line":21,"column":3}},"type":"if","locations":[{"start":{"line":14,"column":2},"end":{"line":21,"column":3}},{"start":{},"end":{}}],"line":14},"1":{"loc":{"start":{"line":24,"column":2},"end":{"line":26,"column":3}},"type":"if","locations":[{"start":{"line":24,"column":2},"end":{"line":26,"column":3}},{"start":{},"end":{}}],"line":24}},"s":{"0":0,"1":0,"2":0,"3":0,"4":0,"5":0,"6":0},"f":{"0":0},"b":{"0":[0,0],"1":[0,0]}}
,"/home/runner/work/devsecops/devsecops/frontend/src/components/Toast.js": {"path":"/home/runner/work/devsecops/devsecops/frontend/src/components/Toast.js","statementMap":{"0":{"start":{"line":4,"column":21},"end":{"line":4,"column":40}},"1":{"start":{"line":6,"column":29},"end":{"line":37,"column":1}},"2":{"start":{"line":7,"column":30},"end":{"line":7,"column":42}},"3":{"start":{"line":9,"column":19},"end":{"line":15,"column":8}},"4":{"start":{"line":10,"column":15},"end":{"line":10,"column":41}},"5":{"start":{"line":11,"column":4},"end":{"line":11,"column":56}},"6":{"start":{"line":11,"column":22},"end":{"line":11,"column":54}},"7":{"start":{"line":12,"column":4},"end":{"line":14,"column":17}},"8":{"start":{"line":13,"column":6},"end":{"line":13,"column":55}},"9":{"start":{"line":13,"column":24},"end":{"line":13,"column":53}},"10":{"start":{"line":13,"column":41},"end":{"line":13,"column":52}},"11":{"start":{"line":17,"column":22},"end":{"line":19,"column":8}},"12":{"start":{"line":18,"column":4},"end":{"line":18,"column":53}},"13":{"start":{"line":18,"column":22},"end":{"line":18,"column":51}},"14":{"start":{"line":18,"column":39},"end":{"line":18,"column":50}},"15":{"start":{"line":21,"column":2},"end":{"line":36,"column":4}},"16":{"start":{"line":26,"column":10},"end":{"line":32,"column":16}},"17":{"start":{"line":31,"column":59},"end":{"line":31,"column":80}},"18":{"start":{"line":39,"column":24},"end":{"line":43,"column":1}},"19":{"start":{"line":40,"column":18},"end":{"line":40,"column":42}},"20":{"start":{"line":41,"column":2},"end":{"line":41,"column":78}},"21":{"start":{"line":41,"column":16},"end":{"line":41,"column":78}},"22":{"start":{"line":42,"column":2},"end":{"line":42,"column":17}}},"fnMap":{"0":{"name":"(anonymous_0)","decl":{"start":{"line":6,"column":29},"end":{"line":6,"column":30}},"loc":{"start":{"line":6,"column":47},"end":{"line":37,"column":1}},"line":6},"1":{"name":"(anonymous_1)","decl":{"start":{"line":9,"column":31},"end":{"line":9,"column":32}},"loc":{"start":{"line":9,"column":77},"end":{"line":15,"column":3}},"line":9},"2":{"name":"(anonymous_2)","decl":{"start":{"line":11,"column":14},"end":{"line":11,"column":15}},"loc":{"start":{"line":11,"column":22},"end":{"line":11,"column":54}},"line":11},"3":{"name":"(anonymous_3)","decl":{"start":{"line":12,"column":15},"end":{"line":12,"column":16}},"loc":{"start":{"line":12,"column":21},"end":{"line":14,"column":5}},"line":12},"4":{"name":"(anonymous_4)","decl":{"start":{"line":13,"column":16},"end":{"line":13,"column":17}},"loc":{"start":{"line":13,"column":24},"end":{"line":13,"column":53}},"line":13},"5":{"name":"(anonymous_5)","decl":{"start":{"line":13,"column":36},"end":{"line":13,"column":37}},"loc":{"start":{"line":13,"column":41},"end":{"line":13,"column":52}},"line":13},"6":{"name":"(anonymous_6)","decl":{"start":{"line":17,"column":34},"end":{"line":17,"column":35}},"loc":{"start":{"line":17,"column":42},"end":{"line":19,"column":3}},"line":17},"7":{"name":"(anonymous_7)","decl":{"start":{"line":18,"column":14},"end":{"line":18,"column":15}},"loc":{"start":{"line":18,"column":22},"end":{"line":18,"column":51}},"line":18},"8":{"name":"(anonymous_8)","decl":{"start":{"line":18,"column":34},"end":{"line":18,"column":35}},"loc":{"start":{"line":18,"column":39},"end":{"line":18,"column":50}},"line":18},"9":{"name":"(anonymous_9)","decl":{"start":{"line":25,"column":20},"end":{"line":25,"column":21}},"loc":{"start":{"line":26,"column":10},"end":{"line":32,"column":16}},"line":26},"10":{"name":"(anonymous_10)","decl":{"start":{"line":31,"column":53},"end":{"line":31,"column":54}},"loc":{"start":{"line":31,"column":59},"end":{"line":31,"column":80}},"line":31},"11":{"name":"(anonymous_11)","decl":{"start":{"line":39,"column":24},"end":{"line":39,"column":25}},"loc":{"start":{"line":39,"column":30},"end":{"line":43,"column":1}},"line":39}},"branchMap":{"0":{"loc":{"start":{"line":9,"column":41},"end":{"line":9,"column":55}},"type":"default-arg","locations":[{"start":{"line":9,"column":48},"end":{"line":9,"column":55}}],"line":9},"1":{"loc":{"start":{"line":9,"column":57},"end":{"line":9,"column":72}},"type":"default-arg","locations":[{"start":{"line":9,"column":68},"end":{"line":9,"column":72}}],"line":9},"2":{"loc":{"start":{"line":28,"column":15},"end":{"line":28,"column":97}},"type":"cond-expr","locations":[{"start":{"line":28,"column":42},"end":{"line":28,"column":50}},{"start":{"line":28,"column":53},"end":{"line":28,"column":97}}],"line":28},"3":{"loc":{"start":{"line":28,"column":53},"end":{"line":28,"column":97}},"type":"cond-expr","locations":[{"start":{"line":28,"column":78},"end":{"line":28,"column":86}},{"start":{"line":28,"column":89},"end":{"line":28,"column":97}}],"line":28},"4":{"loc":{"start":{"line":41,"column":2},"end":{"line":41,"column":78}},"type":"if","locations":[{"start":{"line":41,"column":2},"end":{"line":41,"column":78}},{"start":{},"end":{}}],"line":41}},"s":{"0":0,"1":0,"2":0,"3":0,"4":0,"5":0,"6":0,"7":0,"8":0,"9":0,"10":0,"11":0,"12":0,"13":0,"14":0,"15":0,"16":0,"17":0,"18":0,"19":0,"20":0,"21":0,"22":0},"f":{"0":0,"1":0,"2":0,"3":0,"4":0,"5":0,"6":0,"7":0,"8":0,"9":0,"10":0,"11":0},"b":{"0":[0],"1":[0],"2":[0,0],"3":[0,0],"4":[0,0]}}
,"/home/runner/work/devsecops/devsecops/frontend/src/context/AuthContext.js": {"path":"/home/runner/work/devsecops/devsecops/frontend/src/context/AuthContext.js","statementMap":{"0":{"start":{"line":4,"column":20},"end":{"line":4,"column":39}},"1":{"start":{"line":11,"column":28},"end":{"line":70,"column":1}},"2":{"start":{"line":12,"column":26},"end":{"line":12,"column":40}},"3":{"start":{"line":13,"column":28},"end":{"line":13,"column":42}},"4":{"start":{"line":14,"column":32},"end":{"line":14,"column":46}},"5":{"start":{"line":17,"column":2},"end":{"line":33,"column":9}},"6":{"start":{"line":18,"column":24},"end":{"line":18,"column":53}},"7":{"start":{"line":19,"column":23},"end":{"line":19,"column":51}},"8":{"start":{"line":21,"column":4},"end":{"line":31,"column":5}},"9":{"start":{"line":22,"column":6},"end":{"line":30,"column":7}},"10":{"start":{"line":23,"column":8},"end":{"line":23,"column":30}},"11":{"start":{"line":24,"column":8},"end":{"line":24,"column":40}},"12":{"start":{"line":27,"column":8},"end":{"line":27,"column":66}},"13":{"start":{"line":28,"column":8},"end":{"line":28,"column":41}},"14":{"start":{"line":29,"column":8},"end":{"line":29,"column":40}},"15":{"start":{"line":32,"column":4},"end":{"line":32,"column":22}},"16":{"start":{"line":40,"column":16},"end":{"line":45,"column":3}},"17":{"start":{"line":41,"column":4},"end":{"line":41,"column":23}},"18":{"start":{"line":42,"column":4},"end":{"line":42,"column":21}},"19":{"start":{"line":43,"column":4},"end":{"line":43,"column":44}},"20":{"start":{"line":44,"column":4},"end":{"line":44,"column":58}},"21":{"start":{"line":50,"column":17},"end":{"line":55,"column":3}},"22":{"start":{"line":51,"column":4},"end":{"line":51,"column":19}},"23":{"start":{"line":52,"column":4},"end":{"line":52,"column":18}},"24":{"start":{"line":53,"column":4},"end":{"line":53,"column":37}},"25":{"start":{"line":54,"column":4},"end":{"line":54,"column":36}},"26":{"start":{"line":61,"column":18},"end":{"line":63,"column":3}},"27":{"start":{"line":62,"column":4},"end":{"line":62,"column":73}},"28":{"start":{"line":65,"column":2},"end":{"line":69,"column":4}},"29":{"start":{"line":76,"column":23},"end":{"line":82,"column":1}},"30":{"start":{"line":77,"column":18},"end":{"line":77,"column":41}},"31":{"start":{"line":78,"column":2},"end":{"line":80,"column":3}},"32":{"start":{"line":79,"column":4},"end":{"line":79,"column":67}},"33":{"start":{"line":81,"column":2},"end":{"line":81,"column":17}}},"fnMap":{"0":{"name":"(anonymous_0)","decl":{"start":{"line":11,"column":28},"end":{"line":11,"column":29}},"loc":{"start":{"line":11,"column":46},"end":{"line":70,"column":1}},"line":11},"1":{"name":"(anonymous_1)","decl":{"start":{"line":17,"column":12},"end":{"line":17,"column":13}},"loc":{"start":{"line":17,"column":18},"end":{"line":33,"column":3}},"line":17},"2":{"name":"(anonymous_2)","decl":{"start":{"line":40,"column":16},"end":{"line":40,"column":17}},"loc":{"start":{"line":40,"column":39},"end":{"line":45,"column":3}},"line":40},"3":{"name":"(anonymous_3)","decl":{"start":{"line":50,"column":17},"end":{"line":50,"column":18}},"loc":{"start":{"line":50,"column":23},"end":{"line":55,"column":3}},"line":50},"4":{"name":"(anonymous_4)","decl":{"start":{"line":61,"column":18},"end":{"line":61,"column":19}},"loc":{"start":{"line":61,"column":24},"end":{"line":63,"column":3}},"line":61},"5":{"name":"(anonymous_5)","decl":{"start":{"line":76,"column":23},"end":{"line":76,"column":24}},"loc":{"start":{"line":76,"column":29},"end":{"line":82,"column":1}},"line":76}},"branchMap":{"0":{"loc":{"start":{"line":21,"column":4},"end":{"line":31,"column":5}},"type":"if","locations":[{"start":{"line":21,"column":4},"end":{"line":31,"column":5}},{"start":{},"end":{}}],"line":21},"1":{"loc":{"start":{"line":21,"column":8},"end":{"line":21,"column":33}},"type":"binary-expr","locations":[{"start":{"line":21,"column":8},"end":{"line":21,"column":19}},{"start":{"line":21,"column":23},"end":{"line":21,"column":33}}],"line":21},"2":{"loc":{"start":{"line":62,"column":11},"end":{"line":62,"column":72}},"type":"binary-expr","locations":[{"start":{"line":62,"column":11},"end":{"line":62,"column":15}},{"start":{"line":62,"column":20},"end":{"line":62,"column":41}},{"start":{"line":62,"column":45},"end":{"line":62,"column":71}}],"line":62},"3":{"loc":{"start":{"line":78,"column":2},"end":{"line":80,"column":3}},"type":"if","locations":[{"start":{"line":78,"column":2},"end":{"line":80,"column":3}},{"start":{},"end":{}}],"line":78}},"s":{"0":0,"1":0,"2":0,"3":0,"4":0,"5":0,"6":0,"7":0,"8":0,"9":0,"10":0,"11":0,"12":0,"13":0,"14":0,"15":0,"16":0,"17":0,"18":0,"19":0,"20":0,"21":0,"22":0,"23":0,"24":0,"25":0,"26":0,"27":0,"28":0,"29":0,"30":0,"31":0,"32":0,"33":0},"f":{"0":0,"1":0,"2":0,"3":0,"4":0,"5":0},"b":{"0":[0,0],"1":[0,0],"2":[0,0,0],"3":[0,0]}}
,"/home/runner/work/devsecops/devsecops/frontend/src/pages/AddProvider.js": {"path":"/home/runner/work/devsecops/devsecops/frontend/src/pages/AddProvider.js","statementMap":{"0":{"start":{"line":11,"column":20},"end":{"line":261,"column":1}},"1":{"start":{"line":12,"column":19},"end":{"line":12,"column":32}},"2":{"start":{"line":15,"column":34},"end":{"line":22,"column":4}},"3":{"start":{"line":25,"column":30},"end":{"line":25,"column":42}},"4":{"start":{"line":26,"column":34},"end":{"line":26,"column":46}},"5":{"start":{"line":27,"column":38},"end":{"line":27,"column":50}},"6":{"start":{"line":28,"column":32},"end":{"line":28,"column":47}},"7":{"start":{"line":33,"column":23},"end":{"line":43,"column":3}},"8":{"start":{"line":34,"column":43},"end":{"line":34,"column":51}},"9":{"start":{"line":35,"column":4},"end":{"line":38,"column":8}},"10":{"start":{"line":35,"column":27},"end":{"line":38,"column":5}},"11":{"start":{"line":39,"column":4},"end":{"line":41,"column":5}},"12":{"start":{"line":40,"column":6},"end":{"line":40,"column":53}},"13":{"start":{"line":40,"column":27},"end":{"line":40,"column":50}},"14":{"start":{"line":42,"column":4},"end":{"line":42,"column":20}},"15":{"start":{"line":50,"column":23},"end":{"line":85,"column":3}},"16":{"start":{"line":51,"column":22},"end":{"line":51,"column":24}},"17":{"start":{"line":54,"column":4},"end":{"line":60,"column":5}},"18":{"start":{"line":55,"column":6},"end":{"line":55,"column":51}},"19":{"start":{"line":56,"column":11},"end":{"line":60,"column":5}},"20":{"start":{"line":57,"column":6},"end":{"line":57,"column":60}},"21":{"start":{"line":58,"column":11},"end":{"line":60,"column":5}},"22":{"start":{"line":59,"column":6},"end":{"line":59,"column":61}},"23":{"start":{"line":63,"column":4},"end":{"line":65,"column":5}},"24":{"start":{"line":64,"column":6},"end":{"line":64,"column":62}},"25":{"start":{"line":68,"column":23},"end":{"line":68,"column":51}},"26":{"start":{"line":69,"column":4},"end":{"line":73,"column":5}},"27":{"start":{"line":70,"column":6},"end":{"line":70,"column":44}},"28":{"start":{"line":71,"column":11},"end":{"line":73,"column":5}},"29":{"start":{"line":72,"column":6},"end":{"line":72,"column":61}},"30":{"start":{"line":76,"column":23},"end":{"line":76,"column":46}},"31":{"start":{"line":77,"column":4},"end":{"line":81,"column":5}},"32":{"start":{"line":78,"column":6},"end":{"line":78,"column":51}},"33":{"start":{"line":79,"column":11},"end":{"line":81,"column":5}},"34":{"start":{"line":80,"column":6},"end":{"line":80,"column":60}},"35":{"start":{"line":83,"column":4},"end":{"line":83,"column":25}},"36":{"start":{"line":84,"column":4},"end":{"line":84,"column":47}},"37":{"start":{"line":90,"column":23},"end":{"line":123,"column":3}},"38":{"start":{"line":91,"column":4},"end":{"line":91,"column":23}},"39":{"start":{"line":93,"column":4},"end":{"line":93,"column":32}},"40":{"start":{"line":93,"column":25},"end":{"line":93,"column":32}},"41":{"start":{"line":95,"column":4},"end":{"line":95,"column":21}},"42":{"start":{"line":96,"column":4},"end":{"line":96,"column":20}},"43":{"start":{"line":97,"column":4},"end":{"line":97,"column":22}},"44":{"start":{"line":99,"column":4},"end":{"line":122,"column":5}},"45":{"start":{"line":101,"column":6},"end":{"line":108,"column":9}},"46":{"start":{"line":110,"column":6},"end":{"line":110,"column":60}},"47":{"start":{"line":111,"column":6},"end":{"line":113,"column":15}},"48":{"start":{"line":112,"column":8},"end":{"line":112,"column":31}},"49":{"start":{"line":115,"column":6},"end":{"line":119,"column":7}},"50":{"start":{"line":116,"column":8},"end":{"line":116,"column":107}},"51":{"start":{"line":118,"column":8},"end":{"line":118,"column":80}},"52":{"start":{"line":121,"column":6},"end":{"line":121,"column":24}},"53":{"start":{"line":125,"column":2},"end":{"line":260,"column":4}},"54":{"start":{"line":241,"column":29},"end":{"line":241,"column":51}}},"fnMap":{"0":{"name":"(anonymous_0)","decl":{"start":{"line":11,"column":20},"end":{"line":11,"column":21}},"loc":{"start":{"line":11,"column":26},"end":{"line":261,"column":1}},"line":11},"1":{"name":"(anonymous_1)","decl":{"start":{"line":33,"column":23},"end":{"line":33,"column":24}},"loc":{"start":{"line":33,"column":30},"end":{"line":43,"column":3}},"line":33},"2":{"name":"(anonymous_2)","decl":{"start":{"line":35,"column":16},"end":{"line":35,"column":17}},"loc":{"start":{"line":35,"column":27},"end":{"line":38,"column":5}},"line":35},"3":{"name":"(anonymous_3)","decl":{"start":{"line":40,"column":16},"end":{"line":40,"column":17}},"loc":{"start":{"line":40,"column":27},"end":{"line":40,"column":50}},"line":40},"4":{"name":"(anonymous_4)","decl":{"start":{"line":50,"column":23},"end":{"line":50,"column":24}},"loc":{"start":{"line":50,"column":29},"end":{"line":85,"column":3}},"line":50},"5":{"name":"(anonymous_5)","decl":{"start":{"line":90,"column":23},"end":{"line":90,"column":24}},"loc":{"start":{"line":90,"column":36},"end":{"line":123,"column":3}},"line":90},"6":{"name":"(anonymous_6)","decl":{"start":{"line":111,"column":17},"end":{"line":111,"column":18}},"loc":{"start":{"line":111,"column":23},"end":{"line":113,"column":7}},"line":111},"7":{"name":"(anonymous_7)","decl":{"start":{"line":241,"column":23},"end":{"line":241,"column":24}},"loc":{"start":{"line":241,"column":29},"end":{"line":241,"column":51}},"line":241}},"branchMap":{"0":{"loc":{"start":{"line":37,"column":14},"end":{"line":37,"column":51}},"type":"cond-expr","locations":[{"start":{"line":37,"column":36},"end":{"line":37,"column":43}},{"start":{"line":37,"column":46},"end":{"line":37,"column":51}}],"line":37},"1":{"loc":{"start":{"line":39,"column":4},"end":{"line":41,"column":5}},"type":"if","locations":[{"start":{"line":39,"column":4},"end":{"line":41,"column":5}},{"start":{},"end":{}}],"line":39},"2":{"loc":{"start":{"line":54,"column":4},"end":{"line":60,"column":5}},"type":"if","locations":[{"start":{"line":54,"column":4},"end":{"line":60,"column":5}},{"start":{"line":56,"column":11},"end":{"line":60,"column":5}}],"line":54},"3":{"loc":{"start":{"line":56,"column":11},"end":{"line":60,"column":5}},"type":"if","locations":[{"start":{"line":56,"column":11},"end":{"line":60,"column":5}},{"start":{"line":58,"column":11},"end":{"line":60,"column":5}}],"line":56},"4":{"loc":{"start":{"line":58,"column":11},"end":{"line":60,"column":5}},"type":"if","locations":[{"start":{"line":58,"column":11},"end":{"line":60,"column":5}},{"start":{},"end":{}}],"line":58},"5":{"loc":{"start":{"line":63,"column":4},"end":{"line":65,"column":5}},"type":"if","locations":[{"start":{"line":63,"column":4},"end":{"line":65,"column":5}},{"start":{},"end":{}}],"line":63},"6":{"loc":{"start":{"line":69,"column":4},"end":{"line":73,"column":5}},"type":"if","locations":[{"start":{"line":69,"column":4},"end":{"line":73,"column":5}},{"start":{"line":71,"column":11},"end":{"line":73,"column":5}}],"line":69},"7":{"loc":{"start":{"line":71,"column":11},"end":{"line":73,"column":5}},"type":"if","locations":[{"start":{"line":71,"column":11},"end":{"line":73,"column":5}},{"start":{},"end":{}}],"line":71},"8":{"loc":{"start":{"line":77,"column":4},"end":{"line":81,"column":5}},"type":"if","locations":[{"start":{"line":77,"column":4},"end":{"line":81,"column":5}},{"start":{"line":79,"column":11},"end":{"line":81,"column":5}}],"line":77},"9":{"loc":{"start":{"line":79,"column":11},"end":{"line":81,"column":5}},"type":"if","locations":[{"start":{"line":79,"column":11},"end":{"line":81,"column":5}},{"start":{},"end":{}}],"line":79},"10":{"loc":{"start":{"line":93,"column":4},"end":{"line":93,"column":32}},"type":"if","locations":[{"start":{"line":93,"column":4},"end":{"line":93,"column":32}},{"start":{},"end":{}}],"line":93},"11":{"loc":{"start":{"line":115,"column":6},"end":{"line":119,"column":7}},"type":"if","locations":[{"start":{"line":115,"column":6},"end":{"line":119,"column":7}},{"start":{"line":117,"column":13},"end":{"line":119,"column":7}}],"line":115},"12":{"loc":{"start":{"line":115,"column":10},"end":{"line":115,"column":47}},"type":"binary-expr","locations":[{"start":{"line":115,"column":10},"end":{"line":115,"column":24}},{"start":{"line":115,"column":28},"end":{"line":115,"column":47}}],"line":115},"13":{"loc":{"start":{"line":116,"column":20},"end":{"line":116,"column":105}},"type":"binary-expr","locations":[{"start":{"line":116,"column":20},"end":{"line":116,"column":47}},{"start":{"line":116,"column":51},"end":{"line":116,"column":76}},{"start":{"line":116,"column":80},"end":{"line":116,"column":105}}],"line":116},"14":{"loc":{"start":{"line":135,"column":9},"end":{"line":135,"column":67}},"type":"binary-expr","locations":[{"start":{"line":135,"column":9},"end":{"line":135,"column":17}},{"start":{"line":135,"column":21},"end":{"line":135,"column":67}}],"line":135},"15":{"loc":{"start":{"line":136,"column":9},"end":{"line":136,"column":73}},"type":"binary-expr","locations":[{"start":{"line":136,"column":9},"end":{"line":136,"column":19}},{"start":{"line":136,"column":23},"end":{"line":136,"column":73}}],"line":136},"16":{"loc":{"start":{"line":150,"column":25},"end":{"line":150,"column":57}},"type":"cond-expr","locations":[{"start":{"line":150,"column":39},"end":{"line":150,"column":52}},{"start":{"line":150,"column":55},"end":{"line":150,"column":57}}],"line":150},"17":{"loc":{"start":{"line":154,"column":13},"end":{"line":154,"column":78}},"type":"binary-expr","locations":[{"start":{"line":154,"column":13},"end":{"line":154,"column":24}},{"start":{"line":154,"column":28},"end":{"line":154,"column":78}}],"line":154},"18":{"loc":{"start":{"line":167,"column":25},"end":{"line":167,"column":67}},"type":"cond-expr","locations":[{"start":{"line":167,"column":49},"end":{"line":167,"column":62}},{"start":{"line":167,"column":65},"end":{"line":167,"column":67}}],"line":167},"19":{"loc":{"start":{"line":170,"column":13},"end":{"line":172,"column":13}},"type":"binary-expr","locations":[{"start":{"line":170,"column":13},"end":{"line":170,"column":34}},{"start":{"line":171,"column":14},"end":{"line":171,"column":74}}],"line":170},"20":{"loc":{"start":{"line":186,"column":27},"end":{"line":186,"column":60}},"type":"cond-expr","locations":[{"start":{"line":186,"column":42},"end":{"line":186,"column":55}},{"start":{"line":186,"column":58},"end":{"line":186,"column":60}}],"line":186},"21":{"loc":{"start":{"line":189,"column":15},"end":{"line":189,"column":82}},"type":"binary-expr","locations":[{"start":{"line":189,"column":15},"end":{"line":189,"column":27}},{"start":{"line":189,"column":31},"end":{"line":189,"column":82}}],"line":189},"22":{"loc":{"start":{"line":201,"column":27},"end":{"line":201,"column":60}},"type":"cond-expr","locations":[{"start":{"line":201,"column":42},"end":{"line":201,"column":55}},{"start":{"line":201,"column":58},"end":{"line":201,"column":60}}],"line":201},"23":{"loc":{"start":{"line":204,"column":15},"end":{"line":204,"column":82}},"type":"binary-expr","locations":[{"start":{"line":204,"column":15},"end":{"line":204,"column":27}},{"start":{"line":204,"column":31},"end":{"line":204,"column":82}}],"line":204},"24":{"loc":{"start":{"line":247,"column":15},"end":{"line":254,"column":15}},"type":"cond-expr","locations":[{"start":{"line":248,"column":16},"end":{"line":251,"column":23}},{"start":{"line":253,"column":16},"end":{"line":253,"column":30}}],"line":247}},"s":{"0":0,"1":0,"2":0,"3":0,"4":0,"5":0,"6":0,"7":0,"8":0,"9":0,"10":0,"11":0,"12":0,"13":0,"14":0,"15":0,"16":0,"17":0,"18":0,"19":0,"20":0,"21":0,"22":0,"23":0,"24":0,"25":0,"26":0,"27":0,"28":0,"29":0,"30":0,"31":0,"32":0,"33":0,"34":0,"35":0,"36":0,"37":0,"38":0,"39":0,"40":0,"41":0,"42":0,"43":0,"44":0,"45":0,"46":0,"47":0,"48":0,"49":0,"50":0,"51":0,"52":0,"53":0,"54":0},"f":{"0":0,"1":0,"2":0,"3":0,"4":0,"5":0,"6":0,"7":0},"b":{"0":[0,0],"1":[0,0],"2":[0,0],"3":[0,0],"4":[0,0],"5":[0,0],"6":[0,0],"7":[0,0],"8":[0,0],"9":[0,0],"10":[0,0],"11":[0,0],"12":[0,0],"13":[0,0,0],"14":[0,0],"15":[0,0],"16":[0,0],"17":[0,0],"18":[0,0],"19":[0,0],"20":[0,0],"21":[0,0],"22":[0,0],"23":[0,0],"24":[0,0]}}
,"/home/runner/work/devsecops/devsecops/frontend/src/pages/AppointmentDetail.js": {"path":"/home/runner/work/devsecops/devsecops/frontend/src/pages/AppointmentDetail.js","statementMap":{"0":{"start":{"line":12,"column":26},"end":{"line":293,"column":1}},"1":{"start":{"line":13,"column":17},"end":{"line":13,"column":28}},"2":{"start":{"line":14,"column":19},"end":{"line":14,"column":32}},"3":{"start":{"line":15,"column":23},"end":{"line":15,"column":33}},"4":{"start":{"line":18,"column":40},"end":{"line":18,"column":54}},"5":{"start":{"line":20,"column":32},"end":{"line":20,"column":46}},"6":{"start":{"line":21,"column":28},"end":{"line":21,"column":40}},"7":{"start":{"line":22,"column":44},"end":{"line":22,"column":59}},"8":{"start":{"line":23,"column":38},"end":{"line":23,"column":50}},"9":{"start":{"line":28,"column":2},"end":{"line":31,"column":11}},"10":{"start":{"line":29,"column":4},"end":{"line":29,"column":23}},"11":{"start":{"line":36,"column":27},"end":{"line":48,"column":3}},"12":{"start":{"line":37,"column":4},"end":{"line":37,"column":21}},"13":{"start":{"line":38,"column":4},"end":{"line":38,"column":17}},"14":{"start":{"line":39,"column":4},"end":{"line":47,"column":5}},"15":{"start":{"line":40,"column":23},"end":{"line":40,"column":69}},"16":{"start":{"line":41,"column":6},"end":{"line":41,"column":36}},"17":{"start":{"line":43,"column":6},"end":{"line":43,"column":54}},"18":{"start":{"line":44,"column":6},"end":{"line":44,"column":56}},"19":{"start":{"line":46,"column":6},"end":{"line":46,"column":24}},"20":{"start":{"line":54,"column":23},"end":{"line":84,"column":3}},"21":{"start":{"line":55,"column":4},"end":{"line":57,"column":5}},"22":{"start":{"line":56,"column":6},"end":{"line":56,"column":13}},"23":{"start":{"line":59,"column":4},"end":{"line":59,"column":27}},"24":{"start":{"line":60,"column":4},"end":{"line":83,"column":5}},"25":{"start":{"line":62,"column":6},"end":{"line":65,"column":9}},"26":{"start":{"line":66,"column":6},"end":{"line":66,"column":65}},"27":{"start":{"line":67,"column":6},"end":{"line":67,"column":59}},"28":{"start":{"line":69,"column":6},"end":{"line":69,"column":31}},"29":{"start":{"line":72,"column":6},"end":{"line":80,"column":7}},"30":{"start":{"line":73,"column":8},"end":{"line":73,"column":58}},"31":{"start":{"line":74,"column":8},"end":{"line":74,"column":67}},"32":{"start":{"line":75,"column":6},"end":{"line":75,"column":59}},"33":{"start":{"line":76,"column":8},"end":{"line":76,"column":55}},"34":{"start":{"line":76,"column":25},"end":{"line":76,"column":47}},"35":{"start":{"line":78,"column":8},"end":{"line":78,"column":77}},"36":{"start":{"line":79,"column":8},"end":{"line":79,"column":50}},"37":{"start":{"line":82,"column":6},"end":{"line":82,"column":30}},"38":{"start":{"line":89,"column":25},"end":{"line":110,"column":3}},"39":{"start":{"line":90,"column":4},"end":{"line":92,"column":5}},"40":{"start":{"line":91,"column":6},"end":{"line":91,"column":13}},"41":{"start":{"line":94,"column":4},"end":{"line":94,"column":27}},"42":{"start":{"line":95,"column":4},"end":{"line":109,"column":5}},"43":{"start":{"line":96,"column":6},"end":{"line":99,"column":9}},"44":{"start":{"line":100,"column":6},"end":{"line":100,"column":62}},"45":{"start":{"line":101,"column":6},"end":{"line":101,"column":56}},"46":{"start":{"line":102,"column":6},"end":{"line":102,"column":31}},"47":{"start":{"line":104,"column":21},"end":{"line":104,"column":84}},"48":{"start":{"line":105,"column":6},"end":{"line":105,"column":38}},"49":{"start":{"line":106,"column":6},"end":{"line":106,"column":23}},"50":{"start":{"line":108,"column":6},"end":{"line":108,"column":30}},"51":{"start":{"line":115,"column":21},"end":{"line":124,"column":3}},"52":{"start":{"line":116,"column":4},"end":{"line":116,"column":31}},"53":{"start":{"line":116,"column":18},"end":{"line":116,"column":31}},"54":{"start":{"line":117,"column":17},"end":{"line":117,"column":48}},"55":{"start":{"line":118,"column":4},"end":{"line":123,"column":7}},"56":{"start":{"line":129,"column":21},"end":{"line":132,"column":3}},"57":{"start":{"line":130,"column":4},"end":{"line":130,"column":31}},"58":{"start":{"line":130,"column":18},"end":{"line":130,"column":31}},"59":{"start":{"line":131,"column":4},"end":{"line":131,"column":35}},"60":{"start":{"line":137,"column":25},"end":{"line":145,"column":3}},"61":{"start":{"line":138,"column":4},"end":{"line":144,"column":5}},"62":{"start":{"line":139,"column":24},"end":{"line":139,"column":57}},"63":{"start":{"line":140,"column":24},"end":{"line":140,"column":57}},"64":{"start":{"line":141,"column":24},"end":{"line":141,"column":57}},"65":{"start":{"line":142,"column":24},"end":{"line":142,"column":57}},"66":{"start":{"line":143,"column":15},"end":{"line":143,"column":48}},"67":{"start":{"line":148,"column":2},"end":{"line":155,"column":3}},"68":{"start":{"line":149,"column":4},"end":{"line":154,"column":6}},"69":{"start":{"line":158,"column":2},"end":{"line":165,"column":3}},"70":{"start":{"line":159,"column":4},"end":{"line":164,"column":6}},"71":{"start":{"line":167,"column":2},"end":{"line":292,"column":4}}},"fnMap":{"0":{"name":"(anonymous_0)","decl":{"start":{"line":12,"column":26},"end":{"line":12,"column":27}},"loc":{"start":{"line":12,"column":32},"end":{"line":293,"column":1}},"line":12},"1":{"name":"(anonymous_1)","decl":{"start":{"line":28,"column":12},"end":{"line":28,"column":13}},"loc":{"start":{"line":28,"column":18},"end":{"line":31,"column":3}},"line":28},"2":{"name":"(anonymous_2)","decl":{"start":{"line":36,"column":27},"end":{"line":36,"column":28}},"loc":{"start":{"line":36,"column":39},"end":{"line":48,"column":3}},"line":36},"3":{"name":"(anonymous_3)","decl":{"start":{"line":54,"column":23},"end":{"line":54,"column":24}},"loc":{"start":{"line":54,"column":35},"end":{"line":84,"column":3}},"line":54},"4":{"name":"(anonymous_4)","decl":{"start":{"line":76,"column":19},"end":{"line":76,"column":20}},"loc":{"start":{"line":76,"column":25},"end":{"line":76,"column":47}},"line":76},"5":{"name":"(anonymous_5)","decl":{"start":{"line":89,"column":25},"end":{"line":89,"column":26}},"loc":{"start":{"line":89,"column":37},"end":{"line":110,"column":3}},"line":89},"6":{"name":"(anonymous_6)","decl":{"start":{"line":115,"column":21},"end":{"line":115,"column":22}},"loc":{"start":{"line":115,"column":34},"end":{"line":124,"column":3}},"line":115},"7":{"name":"(anonymous_7)","decl":{"start":{"line":129,"column":21},"end":{"line":129,"column":22}},"loc":{"start":{"line":129,"column":34},"end":{"line":132,"column":3}},"line":129},"8":{"name":"(anonymous_8)","decl":{"start":{"line":137,"column":25},"end":{"line":137,"column":26}},"loc":{"start":{"line":137,"column":37},"end":{"line":145,"column":3}},"line":137}},"branchMap":{"0":{"loc":{"start":{"line":55,"column":4},"end":{"line":57,"column":5}},"type":"if","locations":[{"start":{"line":55,"column":4},"end":{"line":57,"column":5}},{"start":{},"end":{}}],"line":55},"1":{"loc":{"start":{"line":90,"column":4},"end":{"line":92,"column":5}},"type":"if","locations":[{"start":{"line":90,"column":4},"end":{"line":92,"column":5}},{"start":{},"end":{}}],"line":90},"2":{"loc":{"start":{"line":104,"column":21},"end":{"line":104,"column":84}},"type":"binary-expr","locations":[{"start":{"line":104,"column":21},"end":{"line":104,"column":47}},{"start":{"line":104,"column":51},"end":{"line":104,"column":84}}],"line":104},"3":{"loc":{"start":{"line":116,"column":4},"end":{"line":116,"column":31}},"type":"if","locations":[{"start":{"line":116,"column":4},"end":{"line":116,"column":31}},{"start":{},"end":{}}],"line":116},"4":{"loc":{"start":{"line":130,"column":4},"end":{"line":130,"column":31}},"type":"if","locations":[{"start":{"line":130,"column":4},"end":{"line":130,"column":31}},{"start":{},"end":{}}],"line":130},"5":{"loc":{"start":{"line":138,"column":4},"end":{"line":144,"column":5}},"type":"switch","locations":[{"start":{"line":139,"column":6},"end":{"line":139,"column":57}},{"start":{"line":140,"column":6},"end":{"line":140,"column":57}},{"start":{"line":141,"column":6},"end":{"line":141,"column":57}},{"start":{"line":142,"column":6},"end":{"line":142,"column":57}},{"start":{"line":143,"column":6},"end":{"line":143,"column":48}}],"line":138},"6":{"loc":{"start":{"line":148,"column":2},"end":{"line":155,"column":3}},"type":"if","locations":[{"start":{"line":148,"column":2},"end":{"line":155,"column":3}},{"start":{},"end":{}}],"line":148},"7":{"loc":{"start":{"line":158,"column":2},"end":{"line":165,"column":3}},"type":"if","locations":[{"start":{"line":158,"column":2},"end":{"line":165,"column":3}},{"start":{},"end":{}}],"line":158},"8":{"loc":{"start":{"line":158,"column":6},"end":{"line":158,"column":27}},"type":"binary-expr","locations":[{"start":{"line":158,"column":6},"end":{"line":158,"column":11}},{"start":{"line":158,"column":15},"end":{"line":158,"column":27}}],"line":158},"9":{"loc":{"start":{"line":175,"column":7},"end":{"line":175,"column":71}},"type":"binary-expr","locations":[{"start":{"line":175,"column":7},"end":{"line":175,"column":17}},{"start":{"line":175,"column":21},"end":{"line":175,"column":71}}],"line":175},"10":{"loc":{"start":{"line":176,"column":7},"end":{"line":176,"column":59}},"type":"binary-expr","locations":[{"start":{"line":176,"column":7},"end":{"line":176,"column":12}},{"start":{"line":176,"column":16},"end":{"line":176,"column":59}}],"line":176},"11":{"loc":{"start":{"line":178,"column":7},"end":{"line":290,"column":7}},"type":"binary-expr","locations":[{"start":{"line":178,"column":7},"end":{"line":178,"column":18}},{"start":{"line":179,"column":8},"end":{"line":289,"column":14}}],"line":178},"12":{"loc":{"start":{"line":196,"column":19},"end":{"line":196,"column":87}},"type":"binary-expr","locations":[{"start":{"line":196,"column":19},"end":{"line":196,"column":43}},{"start":{"line":196,"column":47},"end":{"line":196,"column":78}},{"start":{"line":196,"column":82},"end":{"line":196,"column":87}}],"line":196},"13":{"loc":{"start":{"line":199,"column":15},"end":{"line":204,"column":15}},"type":"binary-expr","locations":[{"start":{"line":199,"column":15},"end":{"line":199,"column":49}},{"start":{"line":200,"column":16},"end":{"line":203,"column":22}}],"line":199},"14":{"loc":{"start":{"line":205,"column":15},"end":{"line":210,"column":15}},"type":"binary-expr","locations":[{"start":{"line":205,"column":15},"end":{"line":205,"column":40}},{"start":{"line":206,"column":16},"end":{"line":209,"column":22}}],"line":205},"15":{"loc":{"start":{"line":211,"column":15},"end":{"line":216,"column":15}},"type":"binary-expr","locations":[{"start":{"line":211,"column":15},"end":{"line":211,"column":40}},{"start":{"line":212,"column":16},"end":{"line":215,"column":22}}],"line":211},"16":{"loc":{"start":{"line":234,"column":15},"end":{"line":241,"column":15}},"type":"binary-expr","locations":[{"start":{"line":234,"column":15},"end":{"line":234,"column":36}},{"start":{"line":235,"column":16},"end":{"line":240,"column":22}}],"line":234},"17":{"loc":{"start":{"line":248,"column":40},"end":{"line":248,"column":82}},"type":"binary-expr","locations":[{"start":{"line":248,"column":40},"end":{"line":248,"column":58}},{"start":{"line":248,"column":62},"end":{"line":248,"column":82}}],"line":248},"18":{"loc":{"start":{"line":251,"column":11},"end":{"line":256,"column":11}},"type":"binary-expr","locations":[{"start":{"line":251,"column":11},"end":{"line":251,"column":28}},{"start":{"line":252,"column":12},"end":{"line":255,"column":18}}],"line":251},"19":{"loc":{"start":{"line":261,"column":13},"end":{"line":265,"column":13}},"type":"binary-expr","locations":[{"start":{"line":261,"column":14},"end":{"line":261,"column":48}},{"start":{"line":261,"column":52},"end":{"line":261,"column":86}},{"start":{"line":262,"column":14},"end":{"line":264,"column":21}}],"line":261},"20":{"loc":{"start":{"line":268,"column":13},"end":{"line":276,"column":13}},"type":"binary-expr","locations":[{"start":{"line":268,"column":14},"end":{"line":268,"column":48}},{"start":{"line":268,"column":52},"end":{"line":268,"column":86}},{"start":{"line":269,"column":14},"end":{"line":275,"column":23}}],"line":268},"21":{"loc":{"start":{"line":274,"column":17},"end":{"line":274,"column":70}},"type":"cond-expr","locations":[{"start":{"line":274,"column":33},"end":{"line":274,"column":48}},{"start":{"line":274,"column":51},"end":{"line":274,"column":70}}],"line":274},"22":{"loc":{"start":{"line":279,"column":13},"end":{"line":287,"column":13}},"type":"binary-expr","locations":[{"start":{"line":279,"column":14},"end":{"line":279,"column":48}},{"start":{"line":279,"column":52},"end":{"line":279,"column":86}},{"start":{"line":280,"column":14},"end":{"line":286,"column":23}}],"line":279},"23":{"loc":{"start":{"line":285,"column":17},"end":{"line":285,"column":71}},"type":"cond-expr","locations":[{"start":{"line":285,"column":33},"end":{"line":285,"column":48}},{"start":{"line":285,"column":51},"end":{"line":285,"column":71}}],"line":285}},"s":{"0":0,"1":0,"2":0,"3":0,"4":0,"5":0,"6":0,"7":0,"8":0,"9":0,"10":0,"11":0,"12":0,"13":0,"14":0,"15":0,"16":0,"17":0,"18":0,"19":0,"20":0,"21":0,"22":0,"23":0,"24":0,"25":0,"26":0,"27":0,"28":0,"29":0,"30":0,"31":0,"32":0,"33":0,"34":0,"35":0,"36":0,"37":0,"38":0,"39":0,"40":0,"41":0,"42":0,"43":0,"44":0,"45":0,"46":0,"47":0,"48":0,"49":0,"50":0,"51":0,"52":0,"53":0,"54":0,"55":0,"56":0,"57":0,"58":0,"59":0,"60":0,"61":0,"62":0,"63":0,"64":0,"65":0,"66":0,"67":0,"68":0,"69":0,"70":0,"71":0},"f":{"0":0,"1":0,"2":0,"3":0,"4":0,"5":0,"6":0,"7":0,"8":0},"b":{"0":[0,0],"1":[0,0],"2":[0,0],"3":[0,0],"4":[0,0],"5":[0,0,0,0,0],"6":[0,0],"7":[0,0],"8":[0,0],"9":[0,0],"10":[0,0],"11":[0,0],"12":[0,0,0],"13":[0,0],"14":[0,0],"15":[0,0],"16":[0,0],"17":[0,0],"18":[0,0],"19":[0,0,0],"20":[0,0,0],"21":[0,0],"22":[0,0,0],"23":[0,0]}}
,"/home/runner/work/devsecops/devsecops/frontend/src/pages/BookAppointment.js": {"path":"/home/runner/work/devsecops/devsecops/frontend/src/pages/BookAppointment.js","statementMap":{"0":{"start":{"line":12,"column":24},"end":{"line":301,"column":1}},"1":{"start":{"line":13,"column":19},"end":{"line":13,"column":32}},"2":{"start":{"line":14,"column":23},"end":{"line":14,"column":33}},"3":{"start":{"line":17,"column":34},"end":{"line":23,"column":4}},"4":{"start":{"line":26,"column":36},"end":{"line":26,"column":48}},"5":{"start":{"line":28,"column":30},"end":{"line":28,"column":42}},"6":{"start":{"line":29,"column":34},"end":{"line":29,"column":46}},"7":{"start":{"line":30,"column":38},"end":{"line":30,"column":50}},"8":{"start":{"line":31,"column":32},"end":{"line":31,"column":47}},"9":{"start":{"line":32,"column":50},"end":{"line":32,"column":64}},"10":{"start":{"line":38,"column":2},"end":{"line":54,"column":9}},"11":{"start":{"line":39,"column":27},"end":{"line":52,"column":5}},"12":{"start":{"line":40,"column":6},"end":{"line":51,"column":7}},"13":{"start":{"line":41,"column":25},"end":{"line":41,"column":62}},"14":{"start":{"line":42,"column":21},"end":{"line":42,"column":95}},"15":{"start":{"line":44,"column":32},"end":{"line":44,"column":70}},"16":{"start":{"line":44,"column":51},"end":{"line":44,"column":69}},"17":{"start":{"line":45,"column":8},"end":{"line":45,"column":38}},"18":{"start":{"line":47,"column":8},"end":{"line":47,"column":56}},"19":{"start":{"line":48,"column":8},"end":{"line":48,"column":57}},"20":{"start":{"line":50,"column":8},"end":{"line":50,"column":35}},"21":{"start":{"line":53,"column":4},"end":{"line":53,"column":21}},"22":{"start":{"line":60,"column":23},"end":{"line":63,"column":3}},"23":{"start":{"line":61,"column":18},"end":{"line":61,"column":28}},"24":{"start":{"line":62,"column":4},"end":{"line":62,"column":45}},"25":{"start":{"line":68,"column":23},"end":{"line":75,"column":3}},"26":{"start":{"line":69,"column":28},"end":{"line":69,"column":36}},"27":{"start":{"line":70,"column":4},"end":{"line":70,"column":56}},"28":{"start":{"line":70,"column":27},"end":{"line":70,"column":53}},"29":{"start":{"line":71,"column":4},"end":{"line":73,"column":5}},"30":{"start":{"line":72,"column":6},"end":{"line":72,"column":53}},"31":{"start":{"line":72,"column":27},"end":{"line":72,"column":50}},"32":{"start":{"line":74,"column":4},"end":{"line":74,"column":20}},"33":{"start":{"line":82,"column":23},"end":{"line":121,"column":3}},"34":{"start":{"line":83,"column":22},"end":{"line":83,"column":24}},"35":{"start":{"line":86,"column":4},"end":{"line":88,"column":5}},"36":{"start":{"line":87,"column":6},"end":{"line":87,"column":71}},"37":{"start":{"line":91,"column":4},"end":{"line":100,"column":5}},"38":{"start":{"line":92,"column":6},"end":{"line":92,"column":65}},"39":{"start":{"line":94,"column":27},"end":{"line":94,"column":75}},"40":{"start":{"line":95,"column":20},"end":{"line":95,"column":30}},"41":{"start":{"line":96,"column":6},"end":{"line":96,"column":33}},"42":{"start":{"line":97,"column":6},"end":{"line":99,"column":7}},"43":{"start":{"line":98,"column":8},"end":{"line":98,"column":86}},"44":{"start":{"line":103,"column":4},"end":{"line":105,"column":5}},"45":{"start":{"line":104,"column":6},"end":{"line":104,"column":65}},"46":{"start":{"line":108,"column":4},"end":{"line":112,"column":5}},"47":{"start":{"line":109,"column":6},"end":{"line":109,"column":62}},"48":{"start":{"line":110,"column":11},"end":{"line":112,"column":5}},"49":{"start":{"line":111,"column":6},"end":{"line":111,"column":65}},"50":{"start":{"line":115,"column":4},"end":{"line":117,"column":5}},"51":{"start":{"line":116,"column":6},"end":{"line":116,"column":64}},"52":{"start":{"line":119,"column":4},"end":{"line":119,"column":25}},"53":{"start":{"line":120,"column":4},"end":{"line":120,"column":47}},"54":{"start":{"line":126,"column":23},"end":{"line":158,"column":3}},"55":{"start":{"line":127,"column":4},"end":{"line":127,"column":23}},"56":{"start":{"line":130,"column":4},"end":{"line":130,"column":32}},"57":{"start":{"line":130,"column":25},"end":{"line":130,"column":32}},"58":{"start":{"line":132,"column":4},"end":{"line":132,"column":21}},"59":{"start":{"line":133,"column":4},"end":{"line":133,"column":20}},"60":{"start":{"line":134,"column":4},"end":{"line":134,"column":22}},"61":{"start":{"line":136,"column":4},"end":{"line":157,"column":5}},"62":{"start":{"line":138,"column":6},"end":{"line":144,"column":9}},"63":{"start":{"line":147,"column":6},"end":{"line":147,"column":62}},"64":{"start":{"line":148,"column":6},"end":{"line":150,"column":15}},"65":{"start":{"line":149,"column":8},"end":{"line":149,"column":31}},"66":{"start":{"line":152,"column":18},"end":{"line":152,"column":112}},"67":{"start":{"line":153,"column":6},"end":{"line":153,"column":35}},"68":{"start":{"line":154,"column":6},"end":{"line":154,"column":23}},"69":{"start":{"line":156,"column":6},"end":{"line":156,"column":24}},"70":{"start":{"line":160,"column":2},"end":{"line":300,"column":4}},"71":{"start":{"line":191,"column":18},"end":{"line":193,"column":27}},"72":{"start":{"line":281,"column":29},"end":{"line":281,"column":51}}},"fnMap":{"0":{"name":"(anonymous_0)","decl":{"start":{"line":12,"column":24},"end":{"line":12,"column":25}},"loc":{"start":{"line":12,"column":30},"end":{"line":301,"column":1}},"line":12},"1":{"name":"(anonymous_1)","decl":{"start":{"line":38,"column":12},"end":{"line":38,"column":13}},"loc":{"start":{"line":38,"column":18},"end":{"line":54,"column":3}},"line":38},"2":{"name":"(anonymous_2)","decl":{"start":{"line":39,"column":27},"end":{"line":39,"column":28}},"loc":{"start":{"line":39,"column":39},"end":{"line":52,"column":5}},"line":39},"3":{"name":"(anonymous_3)","decl":{"start":{"line":44,"column":44},"end":{"line":44,"column":45}},"loc":{"start":{"line":44,"column":51},"end":{"line":44,"column":69}},"line":44},"4":{"name":"(anonymous_4)","decl":{"start":{"line":60,"column":23},"end":{"line":60,"column":24}},"loc":{"start":{"line":60,"column":29},"end":{"line":63,"column":3}},"line":60},"5":{"name":"(anonymous_5)","decl":{"start":{"line":68,"column":23},"end":{"line":68,"column":24}},"loc":{"start":{"line":68,"column":30},"end":{"line":75,"column":3}},"line":68},"6":{"name":"(anonymous_6)","decl":{"start":{"line":70,"column":16},"end":{"line":70,"column":17}},"loc":{"start":{"line":70,"column":27},"end":{"line":70,"column":53}},"line":70},"7":{"name":"(anonymous_7)","decl":{"start":{"line":72,"column":16},"end":{"line":72,"column":17}},"loc":{"start":{"line":72,"column":27},"end":{"line":72,"column":50}},"line":72},"8":{"name":"(anonymous_8)","decl":{"start":{"line":82,"column":23},"end":{"line":82,"column":24}},"loc":{"start":{"line":82,"column":29},"end":{"line":121,"column":3}},"line":82},"9":{"name":"(anonymous_9)","decl":{"start":{"line":126,"column":23},"end":{"line":126,"column":24}},"loc":{"start":{"line":126,"column":36},"end":{"line":158,"column":3}},"line":126},"10":{"name":"(anonymous_10)","decl":{"start":{"line":148,"column":17},"end":{"line":148,"column":18}},"loc":{"start":{"line":148,"column":23},"end":{"line":150,"column":7}},"line":148},"11":{"name":"(anonymous_11)","decl":{"start":{"line":190,"column":31},"end":{"line":190,"column":32}},"loc":{"start":{"line":191,"column":18},"end":{"line":193,"column":27}},"line":191},"12":{"name":"(anonymous_12)","decl":{"start":{"line":281,"column":23},"end":{"line":281,"column":24}},"loc":{"start":{"line":281,"column":29},"end":{"line":281,"column":51}},"line":281}},"branchMap":{"0":{"loc":{"start":{"line":42,"column":21},"end":{"line":42,"column":95}},"type":"cond-expr","locations":[{"start":{"line":42,"column":52},"end":{"line":42,"column":65}},{"start":{"line":42,"column":68},"end":{"line":42,"column":95}}],"line":42},"1":{"loc":{"start":{"line":42,"column":68},"end":{"line":42,"column":95}},"type":"binary-expr","locations":[{"start":{"line":42,"column":68},"end":{"line":42,"column":89}},{"start":{"line":42,"column":93},"end":{"line":42,"column":95}}],"line":42},"2":{"loc":{"start":{"line":71,"column":4},"end":{"line":73,"column":5}},"type":"if","locations":[{"start":{"line":71,"column":4},"end":{"line":73,"column":5}},{"start":{},"end":{}}],"line":71},"3":{"loc":{"start":{"line":86,"column":4},"end":{"line":88,"column":5}},"type":"if","locations":[{"start":{"line":86,"column":4},"end":{"line":88,"column":5}},{"start":{},"end":{}}],"line":86},"4":{"loc":{"start":{"line":91,"column":4},"end":{"line":100,"column":5}},"type":"if","locations":[{"start":{"line":91,"column":4},"end":{"line":100,"column":5}},{"start":{"line":93,"column":11},"end":{"line":100,"column":5}}],"line":91},"5":{"loc":{"start":{"line":97,"column":6},"end":{"line":99,"column":7}},"type":"if","locations":[{"start":{"line":97,"column":6},"end":{"line":99,"column":7}},{"start":{},"end":{}}],"line":97},"6":{"loc":{"start":{"line":103,"column":4},"end":{"line":105,"column":5}},"type":"if","locations":[{"start":{"line":103,"column":4},"end":{"line":105,"column":5}},{"start":{},"end":{}}],"line":103},"7":{"loc":{"start":{"line":108,"column":4},"end":{"line":112,"column":5}},"type":"if","locations":[{"start":{"line":108,"column":4},"end":{"line":112,"column":5}},{"start":{"line":110,"column":11},"end":{"line":112,"column":5}}],"line":108},"8":{"loc":{"start":{"line":110,"column":11},"end":{"line":112,"column":5}},"type":"if","locations":[{"start":{"line":110,"column":11},"end":{"line":112,"column":5}},{"start":{},"end":{}}],"line":110},"9":{"loc":{"start":{"line":115,"column":4},"end":{"line":117,"column":5}},"type":"if","locations":[{"start":{"line":115,"column":4},"end":{"line":117,"column":5}},{"start":{},"end":{}}],"line":115},"10":{"loc":{"start":{"line":130,"column":4},"end":{"line":130,"column":32}},"type":"if","locations":[{"start":{"line":130,"column":4},"end":{"line":130,"column":32}},{"start":{},"end":{}}],"line":130},"11":{"loc":{"start":{"line":152,"column":18},"end":{"line":152,"column":112}},"type":"binary-expr","locations":[{"start":{"line":152,"column":18},"end":{"line":152,"column":46}},{"start":{"line":152,"column":50},"end":{"line":152,"column":79}},{"start":{"line":152,"column":83},"end":{"line":152,"column":112}}],"line":152},"12":{"loc":{"start":{"line":170,"column":9},"end":{"line":170,"column":67}},"type":"binary-expr","locations":[{"start":{"line":170,"column":9},"end":{"line":170,"column":17}},{"start":{"line":170,"column":21},"end":{"line":170,"column":67}}],"line":170},"13":{"loc":{"start":{"line":171,"column":9},"end":{"line":171,"column":73}},"type":"binary-expr","locations":[{"start":{"line":171,"column":9},"end":{"line":171,"column":19}},{"start":{"line":171,"column":23},"end":{"line":171,"column":73}}],"line":171},"14":{"loc":{"start":{"line":178,"column":13},"end":{"line":196,"column":13}},"type":"cond-expr","locations":[{"start":{"line":179,"column":14},"end":{"line":179,"column":66}},{"start":{"line":181,"column":14},"end":{"line":195,"column":23}}],"line":178},"15":{"loc":{"start":{"line":186,"column":27},"end":{"line":186,"column":72}},"type":"cond-expr","locations":[{"start":{"line":186,"column":54},"end":{"line":186,"column":67}},{"start":{"line":186,"column":70},"end":{"line":186,"column":72}}],"line":186},"16":{"loc":{"start":{"line":197,"column":13},"end":{"line":199,"column":13}},"type":"binary-expr","locations":[{"start":{"line":197,"column":13},"end":{"line":197,"column":37}},{"start":{"line":198,"column":14},"end":{"line":198,"column":77}}],"line":197},"17":{"loc":{"start":{"line":214,"column":27},"end":{"line":214,"column":70}},"type":"cond-expr","locations":[{"start":{"line":214,"column":52},"end":{"line":214,"column":65}},{"start":{"line":214,"column":68},"end":{"line":214,"column":70}}],"line":214},"18":{"loc":{"start":{"line":217,"column":15},"end":{"line":219,"column":15}},"type":"binary-expr","locations":[{"start":{"line":217,"column":15},"end":{"line":217,"column":37}},{"start":{"line":218,"column":16},"end":{"line":218,"column":77}}],"line":217},"19":{"loc":{"start":{"line":231,"column":27},"end":{"line":231,"column":70}},"type":"cond-expr","locations":[{"start":{"line":231,"column":52},"end":{"line":231,"column":65}},{"start":{"line":231,"column":68},"end":{"line":231,"column":70}}],"line":231},"20":{"loc":{"start":{"line":234,"column":15},"end":{"line":236,"column":15}},"type":"binary-expr","locations":[{"start":{"line":234,"column":15},"end":{"line":234,"column":37}},{"start":{"line":235,"column":16},"end":{"line":235,"column":77}}],"line":234},"21":{"loc":{"start":{"line":250,"column":25},"end":{"line":250,"column":59}},"type":"cond-expr","locations":[{"start":{"line":250,"column":41},"end":{"line":250,"column":54}},{"start":{"line":250,"column":57},"end":{"line":250,"column":59}}],"line":250},"22":{"loc":{"start":{"line":255,"column":13},"end":{"line":255,"column":82}},"type":"binary-expr","locations":[{"start":{"line":255,"column":13},"end":{"line":255,"column":26}},{"start":{"line":255,"column":30},"end":{"line":255,"column":82}}],"line":255},"23":{"loc":{"start":{"line":268,"column":25},"end":{"line":268,"column":58}},"type":"cond-expr","locations":[{"start":{"line":268,"column":40},"end":{"line":268,"column":53}},{"start":{"line":268,"column":56},"end":{"line":268,"column":58}}],"line":268},"24":{"loc":{"start":{"line":273,"column":13},"end":{"line":273,"column":80}},"type":"binary-expr","locations":[{"start":{"line":273,"column":13},"end":{"line":273,"column":25}},{"start":{"line":273,"column":29},"end":{"line":273,"column":80}}],"line":273},"25":{"loc":{"start":{"line":287,"column":15},"end":{"line":294,"column":15}},"type":"cond-expr","locations":[{"start":{"line":288,"column":16},"end":{"line":291,"column":23}},{"start":{"line":293,"column":16},"end":{"line":293,"column":34}}],"line":287}},"s":{"0":0,"1":0,"2":0,"3":0,"4":0,"5":0,"6":0,"7":0,"8":0,"9":0,"10":0,"11":0,"12":0,"13":0,"14":0,"15":0,"16":0,"17":0,"18":0,"19":0,"20":0,"21":0,"22":0,"23":0,"24":0,"25":0,"26":0,"27":0,"28":0,"29":0,"30":0,"31":0,"32":0,"33":0,"34":0,"35":0,"36":0,"37":0,"38":0,"39":0,"40":0,"41":0,"42":0,"43":0,"44":0,"45":0,"46":0,"47":0,"48":0,"49":0,"50":0,"51":0,"52":0,"53":0,"54":0,"55":0,"56":0,"57":0,"58":0,"59":0,"60":0,"61":0,"62":0,"63":0,"64":0,"65":0,"66":0,"67":0,"68":0,"69":0,"70":0,"71":0,"72":0},"f":{"0":0,"1":0,"2":0,"3":0,"4":0,"5":0,"6":0,"7":0,"8":0,"9":0,"10":0,"11":0,"12":0},"b":{"0":[0,0],"1":[0,0],"2":[0,0],"3":[0,0],"4":[0,0],"5":[0,0],"6":[0,0],"7":[0,0],"8":[0,0],"9":[0,0],"10":[0,0],"11":[0,0,0],"12":[0,0],"13":[0,0],"14":[0,0],"15":[0,0],"16":[0,0],"17":[0,0],"18":[0,0],"19":[0,0],"20":[0,0],"21":[0,0],"22":[0,0],"23":[0,0],"24":[0,0],"25":[0,0]}}
,"/home/runner/work/devsecops/devsecops/frontend/src/pages/Dashboard.js": {"path":"/home/runner/work/devsecops/devsecops/frontend/src/pages/Dashboard.js","statementMap":{"0":{"start":{"line":12,"column":18},"end":{"line":162,"column":1}},"1":{"start":{"line":14,"column":42},"end":{"line":14,"column":54}},"2":{"start":{"line":16,"column":42},"end":{"line":16,"column":54}},"3":{"start":{"line":18,"column":32},"end":{"line":18,"column":46}},"4":{"start":{"line":19,"column":28},"end":{"line":19,"column":40}},"5":{"start":{"line":25,"column":2},"end":{"line":27,"column":9}},"6":{"start":{"line":26,"column":4},"end":{"line":26,"column":24}},"7":{"start":{"line":32,"column":28},"end":{"line":46,"column":3}},"8":{"start":{"line":33,"column":4},"end":{"line":33,"column":21}},"9":{"start":{"line":34,"column":4},"end":{"line":34,"column":17}},"10":{"start":{"line":35,"column":4},"end":{"line":45,"column":5}},"11":{"start":{"line":36,"column":23},"end":{"line":36,"column":63}},"12":{"start":{"line":38,"column":19},"end":{"line":38,"column":93}},"13":{"start":{"line":39,"column":6},"end":{"line":39,"column":28}},"14":{"start":{"line":41,"column":6},"end":{"line":41,"column":65}},"15":{"start":{"line":42,"column":6},"end":{"line":42,"column":57}},"16":{"start":{"line":44,"column":6},"end":{"line":44,"column":24}},"17":{"start":{"line":52,"column":31},"end":{"line":54,"column":18}},"18":{"start":{"line":53,"column":35},"end":{"line":53,"column":62}},"19":{"start":{"line":61,"column":24},"end":{"line":63,"column":3}},"20":{"start":{"line":62,"column":4},"end":{"line":62,"column":70}},"21":{"start":{"line":62,"column":40},"end":{"line":62,"column":61}},"22":{"start":{"line":65,"column":2},"end":{"line":161,"column":4}},"23":{"start":{"line":84,"column":25},"end":{"line":84,"column":44}},"24":{"start":{"line":90,"column":25},"end":{"line":90,"column":53}},"25":{"start":{"line":96,"column":25},"end":{"line":96,"column":53}},"26":{"start":{"line":102,"column":25},"end":{"line":102,"column":53}},"27":{"start":{"line":108,"column":25},"end":{"line":108,"column":53}},"28":{"start":{"line":138,"column":16},"end":{"line":141,"column":18}}},"fnMap":{"0":{"name":"(anonymous_0)","decl":{"start":{"line":12,"column":18},"end":{"line":12,"column":19}},"loc":{"start":{"line":12,"column":24},"end":{"line":162,"column":1}},"line":12},"1":{"name":"(anonymous_1)","decl":{"start":{"line":25,"column":12},"end":{"line":25,"column":13}},"loc":{"start":{"line":25,"column":18},"end":{"line":27,"column":3}},"line":25},"2":{"name":"(anonymous_2)","decl":{"start":{"line":32,"column":28},"end":{"line":32,"column":29}},"loc":{"start":{"line":32,"column":40},"end":{"line":46,"column":3}},"line":32},"3":{"name":"(anonymous_3)","decl":{"start":{"line":53,"column":26},"end":{"line":53,"column":27}},"loc":{"start":{"line":53,"column":35},"end":{"line":53,"column":62}},"line":53},"4":{"name":"(anonymous_4)","decl":{"start":{"line":61,"column":24},"end":{"line":61,"column":25}},"loc":{"start":{"line":61,"column":36},"end":{"line":63,"column":3}},"line":61},"5":{"name":"(anonymous_5)","decl":{"start":{"line":62,"column":31},"end":{"line":62,"column":32}},"loc":{"start":{"line":62,"column":40},"end":{"line":62,"column":61}},"line":62},"6":{"name":"(anonymous_6)","decl":{"start":{"line":84,"column":19},"end":{"line":84,"column":20}},"loc":{"start":{"line":84,"column":25},"end":{"line":84,"column":44}},"line":84},"7":{"name":"(anonymous_7)","decl":{"start":{"line":90,"column":19},"end":{"line":90,"column":20}},"loc":{"start":{"line":90,"column":25},"end":{"line":90,"column":53}},"line":90},"8":{"name":"(anonymous_8)","decl":{"start":{"line":96,"column":19},"end":{"line":96,"column":20}},"loc":{"start":{"line":96,"column":25},"end":{"line":96,"column":53}},"line":96},"9":{"name":"(anonymous_9)","decl":{"start":{"line":102,"column":19},"end":{"line":102,"column":20}},"loc":{"start":{"line":102,"column":25},"end":{"line":102,"column":53}},"line":102},"10":{"name":"(anonymous_10)","decl":{"start":{"line":108,"column":19},"end":{"line":108,"column":20}},"loc":{"start":{"line":108,"column":25},"end":{"line":108,"column":53}},"line":108},"11":{"name":"(anonymous_11)","decl":{"start":{"line":137,"column":40},"end":{"line":137,"column":41}},"loc":{"start":{"line":138,"column":16},"end":{"line":141,"column":18}},"line":138}},"branchMap":{"0":{"loc":{"start":{"line":38,"column":19},"end":{"line":38,"column":93}},"type":"cond-expr","locations":[{"start":{"line":38,"column":50},"end":{"line":38,"column":63}},{"start":{"line":38,"column":66},"end":{"line":38,"column":93}}],"line":38},"1":{"loc":{"start":{"line":38,"column":66},"end":{"line":38,"column":93}},"type":"binary-expr","locations":[{"start":{"line":38,"column":66},"end":{"line":38,"column":87}},{"start":{"line":38,"column":91},"end":{"line":38,"column":93}}],"line":38},"2":{"loc":{"start":{"line":52,"column":31},"end":{"line":54,"column":18}},"type":"cond-expr","locations":[{"start":{"line":53,"column":6},"end":{"line":53,"column":63}},{"start":{"line":54,"column":6},"end":{"line":54,"column":18}}],"line":52},"3":{"loc":{"start":{"line":83,"column":35},"end":{"line":83,"column":77}},"type":"cond-expr","locations":[{"start":{"line":83,"column":57},"end":{"line":83,"column":72}},{"start":{"line":83,"column":75},"end":{"line":83,"column":77}}],"line":83},"4":{"loc":{"start":{"line":89,"column":52},"end":{"line":89,"column":103}},"type":"cond-expr","locations":[{"start":{"line":89,"column":83},"end":{"line":89,"column":98}},{"start":{"line":89,"column":101},"end":{"line":89,"column":103}}],"line":89},"5":{"loc":{"start":{"line":95,"column":52},"end":{"line":95,"column":103}},"type":"cond-expr","locations":[{"start":{"line":95,"column":83},"end":{"line":95,"column":98}},{"start":{"line":95,"column":101},"end":{"line":95,"column":103}}],"line":95},"6":{"loc":{"start":{"line":101,"column":52},"end":{"line":101,"column":103}},"type":"cond-expr","locations":[{"start":{"line":101,"column":83},"end":{"line":101,"column":98}},{"start":{"line":101,"column":101},"end":{"line":101,"column":103}}],"line":101},"7":{"loc":{"start":{"line":107,"column":52},"end":{"line":107,"column":103}},"type":"cond-expr","locations":[{"start":{"line":107,"column":83},"end":{"line":107,"column":98}},{"start":{"line":107,"column":101},"end":{"line":107,"column":103}}],"line":107},"8":{"loc":{"start":{"line":115,"column":7},"end":{"line":120,"column":7}},"type":"binary-expr","locations":[{"start":{"line":115,"column":7},"end":{"line":115,"column":14}},{"start":{"line":116,"column":8},"end":{"line":119,"column":14}}],"line":115},"9":{"loc":{"start":{"line":123,"column":7},"end":{"line":130,"column":7}},"type":"binary-expr","locations":[{"start":{"line":123,"column":7},"end":{"line":123,"column":12}},{"start":{"line":124,"column":8},"end":{"line":129,"column":14}}],"line":123},"10":{"loc":{"start":{"line":133,"column":7},"end":{"line":159,"column":7}},"type":"binary-expr","locations":[{"start":{"line":133,"column":7},"end":{"line":133,"column":15}},{"start":{"line":133,"column":19},"end":{"line":133,"column":25}},{"start":{"line":134,"column":8},"end":{"line":158,"column":11}}],"line":133},"11":{"loc":{"start":{"line":135,"column":11},"end":{"line":157,"column":11}},"type":"cond-expr","locations":[{"start":{"line":136,"column":12},"end":{"line":143,"column":18}},{"start":{"line":145,"column":12},"end":{"line":156,"column":18}}],"line":135},"12":{"loc":{"start":{"line":149,"column":17},"end":{"line":151,"column":63}},"type":"cond-expr","locations":[{"start":{"line":150,"column":20},"end":{"line":150,"column":77}},{"start":{"line":151,"column":20},"end":{"line":151,"column":63}}],"line":149}},"s":{"0":0,"1":0,"2":0,"3":0,"4":0,"5":0,"6":0,"7":0,"8":0,"9":0,"10":0,"11":0,"12":0,"13":0,"14":0,"15":0,"16":0,"17":0,"18":0,"19":0,"20":0,"21":0,"22":0,"23":0,"24":0,"25":0,"26":0,"27":0,"28":0},"f":{"0":0,"1":0,"2":0,"3":0,"4":0,"5":0,"6":0,"7":0,"8":0,"9":0,"10":0,"11":0},"b":{"0":[0,0],"1":[0,0],"2":[0,0],"3":[0,0],"4":[0,0],"5":[0,0],"6":[0,0],"7":[0,0],"8":[0,0],"9":[0,0],"10":[0,0,0],"11":[0,0],"12":[0,0]}}
,"/home/runner/work/devsecops/devsecops/frontend/src/pages/EditAppointment.js": {"path":"/home/runner/work/devsecops/devsecops/frontend/src/pages/EditAppointment.js","statementMap":{"0":{"start":{"line":11,"column":24},"end":{"line":315,"column":1}},"1":{"start":{"line":12,"column":17},"end":{"line":12,"column":28}},"2":{"start":{"line":13,"column":19},"end":{"line":13,"column":32}},"3":{"start":{"line":16,"column":34},"end":{"line":22,"column":4}},"4":{"start":{"line":25,"column":36},"end":{"line":25,"column":48}},"5":{"start":{"line":27,"column":30},"end":{"line":27,"column":42}},"6":{"start":{"line":28,"column":34},"end":{"line":28,"column":46}},"7":{"start":{"line":29,"column":38},"end":{"line":29,"column":50}},"8":{"start":{"line":30,"column":32},"end":{"line":30,"column":47}},"9":{"start":{"line":31,"column":40},"end":{"line":31,"column":54}},"10":{"start":{"line":37,"column":2},"end":{"line":71,"column":11}},"11":{"start":{"line":38,"column":22},"end":{"line":69,"column":5}},"12":{"start":{"line":39,"column":6},"end":{"line":68,"column":7}},"13":{"start":{"line":41,"column":47},"end":{"line":44,"column":10}},"14":{"start":{"line":46,"column":28},"end":{"line":46,"column":47}},"15":{"start":{"line":47,"column":29},"end":{"line":49,"column":43}},"16":{"start":{"line":51,"column":8},"end":{"line":51,"column":69}},"17":{"start":{"line":51,"column":48},"end":{"line":51,"column":66}},"18":{"start":{"line":54,"column":8},"end":{"line":62,"column":11}},"19":{"start":{"line":64,"column":8},"end":{"line":64,"column":77}},"20":{"start":{"line":65,"column":8},"end":{"line":65,"column":58}},"21":{"start":{"line":67,"column":8},"end":{"line":67,"column":30}},"22":{"start":{"line":70,"column":4},"end":{"line":70,"column":16}},"23":{"start":{"line":76,"column":23},"end":{"line":78,"column":3}},"24":{"start":{"line":77,"column":4},"end":{"line":77,"column":50}},"25":{"start":{"line":83,"column":23},"end":{"line":90,"column":3}},"26":{"start":{"line":84,"column":28},"end":{"line":84,"column":36}},"27":{"start":{"line":85,"column":4},"end":{"line":85,"column":56}},"28":{"start":{"line":85,"column":27},"end":{"line":85,"column":53}},"29":{"start":{"line":86,"column":4},"end":{"line":88,"column":5}},"30":{"start":{"line":87,"column":6},"end":{"line":87,"column":53}},"31":{"start":{"line":87,"column":27},"end":{"line":87,"column":50}},"32":{"start":{"line":89,"column":4},"end":{"line":89,"column":20}},"33":{"start":{"line":97,"column":23},"end":{"line":131,"column":3}},"34":{"start":{"line":98,"column":22},"end":{"line":98,"column":24}},"35":{"start":{"line":100,"column":4},"end":{"line":102,"column":5}},"36":{"start":{"line":101,"column":6},"end":{"line":101,"column":71}},"37":{"start":{"line":104,"column":4},"end":{"line":113,"column":5}},"38":{"start":{"line":105,"column":6},"end":{"line":105,"column":65}},"39":{"start":{"line":107,"column":27},"end":{"line":107,"column":75}},"40":{"start":{"line":108,"column":20},"end":{"line":108,"column":30}},"41":{"start":{"line":109,"column":6},"end":{"line":109,"column":33}},"42":{"start":{"line":110,"column":6},"end":{"line":112,"column":7}},"43":{"start":{"line":111,"column":8},"end":{"line":111,"column":86}},"44":{"start":{"line":115,"column":4},"end":{"line":117,"column":5}},"45":{"start":{"line":116,"column":6},"end":{"line":116,"column":65}},"46":{"start":{"line":119,"column":4},"end":{"line":123,"column":5}},"47":{"start":{"line":120,"column":6},"end":{"line":120,"column":62}},"48":{"start":{"line":121,"column":11},"end":{"line":123,"column":5}},"49":{"start":{"line":122,"column":6},"end":{"line":122,"column":65}},"50":{"start":{"line":125,"column":4},"end":{"line":127,"column":5}},"51":{"start":{"line":126,"column":6},"end":{"line":126,"column":64}},"52":{"start":{"line":129,"column":4},"end":{"line":129,"column":25}},"53":{"start":{"line":130,"column":4},"end":{"line":130,"column":47}},"54":{"start":{"line":136,"column":23},"end":{"line":168,"column":3}},"55":{"start":{"line":137,"column":4},"end":{"line":137,"column":23}},"56":{"start":{"line":139,"column":4},"end":{"line":139,"column":32}},"57":{"start":{"line":139,"column":25},"end":{"line":139,"column":32}},"58":{"start":{"line":141,"column":4},"end":{"line":141,"column":21}},"59":{"start":{"line":142,"column":4},"end":{"line":142,"column":20}},"60":{"start":{"line":143,"column":4},"end":{"line":143,"column":22}},"61":{"start":{"line":145,"column":4},"end":{"line":167,"column":5}},"62":{"start":{"line":147,"column":6},"end":{"line":153,"column":9}},"63":{"start":{"line":155,"column":6},"end":{"line":155,"column":57}},"64":{"start":{"line":156,"column":6},"end":{"line":158,"column":15}},"65":{"start":{"line":157,"column":8},"end":{"line":157,"column":40}},"66":{"start":{"line":160,"column":6},"end":{"line":164,"column":7}},"67":{"start":{"line":161,"column":8},"end":{"line":161,"column":143}},"68":{"start":{"line":163,"column":8},"end":{"line":163,"column":80}},"69":{"start":{"line":166,"column":6},"end":{"line":166,"column":24}},"70":{"start":{"line":171,"column":2},"end":{"line":178,"column":3}},"71":{"start":{"line":172,"column":4},"end":{"line":177,"column":6}},"72":{"start":{"line":180,"column":2},"end":{"line":314,"column":4}},"73":{"start":{"line":208,"column":16},"end":{"line":210,"column":25}},"74":{"start":{"line":295,"column":29},"end":{"line":295,"column":60}}},"fnMap":{"0":{"name":"(anonymous_0)","decl":{"start":{"line":11,"column":24},"end":{"line":11,"column":25}},"loc":{"start":{"line":11,"column":30},"end":{"line":315,"column":1}},"line":11},"1":{"name":"(anonymous_1)","decl":{"start":{"line":37,"column":12},"end":{"line":37,"column":13}},"loc":{"start":{"line":37,"column":18},"end":{"line":71,"column":3}},"line":37},"2":{"name":"(anonymous_2)","decl":{"start":{"line":38,"column":22},"end":{"line":38,"column":23}},"loc":{"start":{"line":38,"column":34},"end":{"line":69,"column":5}},"line":38},"3":{"name":"(anonymous_3)","decl":{"start":{"line":51,"column":41},"end":{"line":51,"column":42}},"loc":{"start":{"line":51,"column":48},"end":{"line":51,"column":66}},"line":51},"4":{"name":"(anonymous_4)","decl":{"start":{"line":76,"column":23},"end":{"line":76,"column":24}},"loc":{"start":{"line":76,"column":29},"end":{"line":78,"column":3}},"line":76},"5":{"name":"(anonymous_5)","decl":{"start":{"line":83,"column":23},"end":{"line":83,"column":24}},"loc":{"start":{"line":83,"column":30},"end":{"line":90,"column":3}},"line":83},"6":{"name":"(anonymous_6)","decl":{"start":{"line":85,"column":16},"end":{"line":85,"column":17}},"loc":{"start":{"line":85,"column":27},"end":{"line":85,"column":53}},"line":85},"7":{"name":"(anonymous_7)","decl":{"start":{"line":87,"column":16},"end":{"line":87,"column":17}},"loc":{"start":{"line":87,"column":27},"end":{"line":87,"column":50}},"line":87},"8":{"name":"(anonymous_8)","decl":{"start":{"line":97,"column":23},"end":{"line":97,"column":24}},"loc":{"start":{"line":97,"column":29},"end":{"line":131,"column":3}},"line":97},"9":{"
[...]
ine":132,"column":41},"end":{"line":132,"column":60}}],"line":132},"11":{"loc":{"start":{"line":137,"column":9},"end":{"line":141,"column":9}},"type":"binary-expr","locations":[{"start":{"line":137,"column":9},"end":{"line":137,"column":17}},{"start":{"line":138,"column":10},"end":{"line":140,"column":16}}],"line":137},"12":{"loc":{"start":{"line":155,"column":25},"end":{"line":155,"column":61}},"type":"cond-expr","locations":[{"start":{"line":155,"column":43},"end":{"line":155,"column":56}},{"start":{"line":155,"column":59},"end":{"line":155,"column":61}}],"line":155},"13":{"loc":{"start":{"line":158,"column":13},"end":{"line":158,"column":86}},"type":"binary-expr","locations":[{"start":{"line":158,"column":13},"end":{"line":158,"column":28}},{"start":{"line":158,"column":32},"end":{"line":158,"column":86}}],"line":158},"14":{"loc":{"start":{"line":171,"column":25},"end":{"line":171,"column":61}},"type":"cond-expr","locations":[{"start":{"line":171,"column":43},"end":{"line":171,"column":56}},{"start":{"line":171,"column":59},"end":{"line":171,"column":61}}],"line":171},"15":{"loc":{"start":{"line":174,"column":13},"end":{"line":174,"column":86}},"type":"binary-expr","locations":[{"start":{"line":174,"column":13},"end":{"line":174,"column":28}},{"start":{"line":174,"column":32},"end":{"line":174,"column":86}}],"line":174},"16":{"loc":{"start":{"line":179,"column":13},"end":{"line":186,"column":13}},"type":"cond-expr","locations":[{"start":{"line":180,"column":14},"end":{"line":183,"column":21}},{"start":{"line":185,"column":14},"end":{"line":185,"column":23}}],"line":179}},"s":{"0":0,"1":0,"2":0,"3":0,"4":0,"5":0,"6":0,"7":0,"8":0,"9":0,"10":0,"11":0,"12":0,"13":0,"14":0,"15":0,"16":0,"17":0,"18":0,"19":0,"20":0,"21":0,"22":0,"23":0,"24":0,"25":0,"26":0,"27":0,"28":0,"29":0,"30":0,"31":0,"32":0,"33":0,"34":0,"35":0,"36":0,"37":0,"38":0,"39":0,"40":0,"41":0,"42":0,"43":0,"44":0,"45":0,"46":0,"47":0,"48":0,"49":0,"50":0},"f":{"0":0,"1":0,"2":0,"3":0,"4":0,"5":0,"6":0},"b":{"0":[0,0],"1":[0,0],"2":[0,0],"3":[0,0],"4":[0,0],"5":[0,0],"6":[0,0],"7":[0,0],"8":[0,0],"9":[0,0,0,0],"10":[0,0],"11":[0,0],"12":[0,0],"13":[0,0],"14":[0,0],"15":[0,0],"16":[0,0]}}
,"/home/runner/work/devsecops/devsecops/frontend/src/pages/ServiceProviders.js": {"path":"/home/runner/work/devsecops/devsecops/frontend/src/pages/ServiceProviders.js","statementMap":{"0":{"start":{"line":13,"column":25},"end":{"line":139,"column":1}},"1":{"start":{"line":14,"column":22},"end":{"line":14,"column":31}},"2":{"start":{"line":17,"column":36},"end":{"line":17,"column":48}},"3":{"start":{"line":19,"column":32},"end":{"line":19,"column":46}},"4":{"start":{"line":20,"column":28},"end":{"line":20,"column":40}},"5":{"start":{"line":25,"column":2},"end":{"line":27,"column":9}},"6":{"start":{"line":26,"column":4},"end":{"line":26,"column":21}},"7":{"start":{"line":32,"column":25},"end":{"line":45,"column":3}},"8":{"start":{"line":33,"column":4},"end":{"line":33,"column":21}},"9":{"start":{"line":34,"column":4},"end":{"line":34,"column":17}},"10":{"start":{"line":35,"column":4},"end":{"line":44,"column":5}},"11":{"start":{"line":36,"column":23},"end":{"line":36,"column":60}},"12":{"start":{"line":37,"column":19},"end":{"line":37,"column":93}},"13":{"start":{"line":38,"column":6},"end":{"line":38,"column":25}},"14":{"start":{"line":40,"column":6},"end":{"line":40,"column":70}},"15":{"start":{"line":41,"column":6},"end":{"line":41,"column":54}},"16":{"start":{"line":43,"column":6},"end":{"line":43,"column":24}},"17":{"start":{"line":47,"column":2},"end":{"line":138,"column":4}},"18":{"start":{"line":89,"column":16},"end":{"line":125,"column":22}}},"fnMap":{"0":{"name":"(anonymous_0)","decl":{"start":{"line":13,"column":25},"end":{"line":13,"column":26}},"loc":{"start":{"line":13,"column":31},"end":{"line":139,"column":1}},"line":13},"1":{"name":"(anonymous_1)","decl":{"start":{"line":25,"column":12},"end":{"line":25,"column":13}},"loc":{"start":{"line":25,"column":18},"end":{"line":27,"column":3}},"line":25},"2":{"name":"(anonymous_2)","decl":{"start":{"line":32,"column":25},"end":{"line":32,"column":26}},"loc":{"start":{"line":32,"column":37},"end":{"line":45,"column":3}},"line":32},"3":{"name":"(anonymous_3)","decl":{"start":{"line":88,"column":29},"end":{"line":88,"column":30}},"loc":{"start":{"line":89,"column":16},"end":{"line":125,"column":22}},"line":89}},"branchMap":{"0":{"loc":{"start":{"line":37,"column":19},"end":{"line":37,"column":93}},"type":"cond-expr","locations":[{"start":{"line":37,"column":50},"end":{"line":37,"column":63}},{"start":{"line":37,"column":66},"end":{"line":37,"column":93}}],"line":37},"1":{"loc":{"start":{"line":37,"column":66},"end":{"line":37,"column":93}},"type":"binary-expr","locations":[{"start":{"line":37,"column":66},"end":{"line":37,"column":87}},{"start":{"line":37,"column":91},"end":{"line":37,"column":93}}],"line":37},"2":{"loc":{"start":{"line":58,"column":9},"end":{"line":62,"column":9}},"type":"binary-expr","locations":[{"start":{"line":58,"column":9},"end":{"line":58,"column":18}},{"start":{"line":59,"column":10},"end":{"line":61,"column":17}}],"line":58},"3":{"loc":{"start":{"line":66,"column":7},"end":{"line":71,"column":7}},"type":"binary-expr","locations":[{"start":{"line":66,"column":7},"end":{"line":66,"column":14}},{"start":{"line":67,"column":8},"end":{"line":70,"column":14}}],"line":66},"4":{"loc":{"start":{"line":74,"column":7},"end":{"line":81,"column":7}},"type":"binary-expr","locations":[{"start":{"line":74,"column":7},"end":{"line":74,"column":12}},{"start":{"line":75,"column":8},"end":{"line":80,"column":14}}],"line":74},"5":{"loc":{"start":{"line":84,"column":7},"end":{"line":136,"column":7}},"type":"binary-expr","locations":[{"start":{"line":84,"column":7},"end":{"line":84,"column":15}},{"start":{"line":84,"column":19},"end":{"line":84,"column":25}},{"start":{"line":85,"column":8},"end":{"line":135,"column":11}}],"line":84},"6":{"loc":{"start":{"line":86,"column":11},"end":{"line":134,"column":11}},"type":"cond-expr","locations":[{"start":{"line":87,"column":12},"end":{"line":127,"column":18}},{"start":{"line":129,"column":12},"end":{"line":133,"column":18}}],"line":86},"7":{"loc":{"start":{"line":92,"column":21},"end":{"line":92,"column":80}},"type":"cond-expr","locations":[{"start":{"line":92,"column":37},"end":{"line":92,"column":74}},{"start":{"line":92,"column":77},"end":{"line":92,"column":80}}],"line":92},"8":{"loc":{"start":{"line":101,"column":21},"end":{"line":106,"column":21}},"type":"binary-expr","locations":[{"start":{"line":101,"column":21},"end":{"line":101,"column":35}},{"start":{"line":102,"column":22},"end":{"line":105,"column":28}}],"line":101},"9":{"loc":{"start":{"line":107,"column":21},"end":{"line":112,"column":21}},"type":"binary-expr","locations":[{"start":{"line":107,"column":21},"end":{"line":107,"column":35}},{"start":{"line":108,"column":22},"end":{"line":111,"column":28}}],"line":107},"10":{"loc":{"start":{"line":113,"column":21},"end":{"line":118,"column":21}},"type":"binary-expr","locations":[{"start":{"line":113,"column":21},"end":{"line":113,"column":37}},{"start":{"line":114,"column":22},"end":{"line":117,"column":28}}],"line":113},"11":{"loc":{"start":{"line":122,"column":53},"end":{"line":122,"column":102}},"type":"cond-expr","locations":[{"start":{"line":122,"column":81},"end":{"line":122,"column":89}},{"start":{"line":122,"column":92},"end":{"line":122,"column":102}}],"line":122},"12":{"loc":{"start":{"line":123,"column":21},"end":{"line":123,"column":70}},"type":"cond-expr","locations":[{"start":{"line":123,"column":49},"end":{"line":123,"column":57}},{"start":{"line":123,"column":60},"end":{"line":123,"column":70}}],"line":123}},"s":{"0":0,"1":0,"2":0,"3":0,"4":0,"5":0,"6":0,"7":0,"8":0,"9":0,"10":0,"11":0,"12":0,"13":0,"14":0,"15":0,"16":0,"17":0,"18":0},"f":{"0":0,"1":0,"2":0,"3":0},"b":{"0":[0,0],"1":[0,0],"2":[0,0],"3":[0,0],"4":[0,0],"5":[0,0,0],"6":[0,0],"7":[0,0],"8":[0,0],"9":[0,0],"10":[0,0],"11":[0,0],"12":[0,0]}}
,"/home/runner/work/devsecops/devsecops/frontend/src/pages/Signup.js": {"path":"/home/runner/work/devsecops/devsecops/frontend/src/pages/Signup.js","statementMap":{"0":{"start":{"line":11,"column":15},"end":{"line":233,"column":1}},"1":{"start":{"line":12,"column":19},"end":{"line":12,"column":32}},"2":{"start":{"line":15,"column":34},"end":{"line":20,"column":4}},"3":{"start":{"line":23,"column":30},"end":{"line":23,"column":42}},"4":{"start":{"line":25,"column":34},"end":{"line":25,"column":46}},"5":{"start":{"line":27,"column":38},"end":{"line":27,"column":50}},"6":{"start":{"line":29,"column":32},"end":{"line":29,"column":47}},"7":{"start":{"line":34,"column":23},"end":{"line":41,"column":3}},"8":{"start":{"line":35,"column":28},"end":{"line":35,"column":36}},"9":{"start":{"line":36,"column":4},"end":{"line":36,"column":56}},"10":{"start":{"line":36,"column":27},"end":{"line":36,"column":53}},"11":{"start":{"line":37,"column":4},"end":{"line":39,"column":5}},"12":{"start":{"line":38,"column":6},"end":{"line":38,"column":53}},"13":{"start":{"line":38,"column":27},"end":{"line":38,"column":50}},"14":{"start":{"line":40,"column":4},"end":{"line":40,"column":20}},"15":{"start":{"line":48,"column":23},"end":{"line":84,"column":3}},"16":{"start":{"line":49,"column":22},"end":{"line":49,"column":24}},"17":{"start":{"line":52,"column":4},"end":{"line":58,"column":5}},"18":{"start":{"line":53,"column":6},"end":{"line":53,"column":50}},"19":{"start":{"line":54,"column":11},"end":{"line":58,"column":5}},"20":{"start":{"line":55,"column":6},"end":{"line":55,"column":68}},"21":{"start":{"line":56,"column":11},"end":{"line":58,"column":5}},"22":{"start":{"line":57,"column":6},"end":{"line":57,"column":68}},"23":{"start":{"line":61,"column":23},"end":{"line":61,"column":51}},"24":{"start":{"line":62,"column":4},"end":{"line":66,"column":5}},"25":{"start":{"line":63,"column":6},"end":{"line":63,"column":44}},"26":{"start":{"line":64,"column":11},"end":{"line":66,"column":5}},"27":{"start":{"line":65,"column":6},"end":{"line":65,"column":61}},"28":{"start":{"line":69,"column":4},"end":{"line":73,"column":5}},"29":{"start":{"line":70,"column":6},"end":{"line":70,"column":50}},"30":{"start":{"line":71,"column":11},"end":{"line":73,"column":5}},"31":{"start":{"line":72,"column":6},"end":{"line":72,"column":68}},"32":{"start":{"line":76,"column":4},"end":{"line":80,"column":5}},"33":{"start":{"line":77,"column":6},"end":{"line":77,"column":65}},"34":{"start":{"line":78,"column":11},"end":{"line":80,"column":5}},"35":{"start":{"line":79,"column":6},"end":{"line":79,"column":59}},"36":{"start":{"line":82,"column":4},"end":{"line":82,"column":25}},"37":{"start":{"line":83,"column":4},"end":{"line":83,"column":47}},"38":{"start":{"line":89,"column":23},"end":{"line":122,"column":3}},"39":{"start":{"line":90,"column":4},"end":{"line":90,"column":23}},"40":{"start":{"line":93,"column":4},"end":{"line":93,"column":32}},"41":{"start":{"line":93,"column":25},"end":{"line":93,"column":32}},"42":{"start":{"line":95,"column":4},"end":{"line":95,"column":21}},"43":{"start":{"line":96,"column":4},"end":{"line":96,"column":20}},"44":{"start":{"line":97,"column":4},"end":{"line":97,"column":22}},"45":{"start":{"line":99,"column":4},"end":{"line":121,"column":5}},"46":{"start":{"line":101,"column":6},"end":{"line":105,"column":9}},"47":{"start":{"line":108,"column":6},"end":{"line":108,"column":77}},"48":{"start":{"line":109,"column":6},"end":{"line":111,"column":15}},"49":{"start":{"line":110,"column":8},"end":{"line":110,"column":27}},"50":{"start":{"line":114,"column":6},"end":{"line":118,"column":7}},"51":{"start":{"line":115,"column":8},"end":{"line":115,"column":152}},"52":{"start":{"line":117,"column":8},"end":{"line":117,"column":80}},"53":{"start":{"line":120,"column":6},"end":{"line":120,"column":24}},"54":{"start":{"line":124,"column":2},"end":{"line":232,"column":4}}},"fnMap":{"0":{"name":"(anonymous_0)","decl":{"start":{"line":11,"column":15},"end":{"line":11,"column":16}},"loc":{"start":{"line":11,"column":21},"end":{"line":233,"column":1}},"line":11},"1":{"name":"(anonymous_1)","decl":{"start":{"line":34,"column":23},"end":{"line":34,"column":24}},"loc":{"start":{"line":34,"column":30},"end":{"line":41,"column":3}},"line":34},"2":{"name":"(anonymous_2)","decl":{"start":{"line":36,"column":16},"end":{"line":36,"column":17}},"loc":{"start":{"line":36,"column":27},"end":{"line":36,"column":53}},"line":36},"3":{"name":"(anonymous_3)","decl":{"start":{"line":38,"column":16},"end":{"line":38,"column":17}},"loc":{"start":{"line":38,"column":27},"end":{"line":38,"column":50}},"line":38},"4":{"name":"(anonymous_4)","decl":{"start":{"line":48,"column":23},"end":{"line":48,"column":24}},"loc":{"start":{"line":48,"column":29},"end":{"line":84,"column":3}},"line":48},"5":{"name":"(anonymous_5)","decl":{"start":{"line":89,"column":23},"end":{"line":89,"column":24}},"loc":{"start":{"line":89,"column":36},"end":{"line":122,"column":3}},"line":89},"6":{"name":"(anonymous_6)","decl":{"start":{"line":109,"column":17},"end":{"line":109,"column":18}},"loc":{"start":{"line":109,"column":23},"end":{"line":111,"column":7}},"line":109}},"branchMap":{"0":{"loc":{"start":{"line":37,"column":4},"end":{"line":39,"column":5}},"type":"if","locations":[{"start":{"line":37,"column":4},"end":{"line":39,"column":5}},{"start":{},"end":{}}],"line":37},"1":{"loc":{"start":{"line":52,"column":4},"end":{"line":58,"column":5}},"type":"if","locations":[{"start":{"line":52,"column":4},"end":{"line":58,"column":5}},{"start":{"line":54,"column":11},"end":{"line":58,"column":5}}],"line":52},"2":{"loc":{"start":{"line":54,"column":11},"end":{"line":58,"column":5}},"type":"if","locations":[{"start":{"line":54,"column":11},"end":{"line":58,"column":5}},{"start":{"line":56,"column":11},"end":{"line":58,"column":5}}],"line":54},"3":{"loc":{"start":{"line":56,"column":11},"end":{"line":58,"column":5}},"type":"if","locations":[{"start":{"line":56,"column":11},"end":{"line":58,"column":5}},{"start":{},"end":{}}],"line":56},"4":{"loc":{"start":{"line":62,"column":4},"end":{"line":66,"column":5}},"type":"if","locations":[{"start":{"line":62,"column":4},"end":{"line":66,"column":5}},{"start":{"line":64,"column":11},"end":{"line":66,"column":5}}],"line":62},"5":{"loc":{"start":{"line":64,"column":11},"end":{"line":66,"column":5}},"type":"if","locations":[{"start":{"line":64,"column":11},"end":{"line":66,"column":5}},{"start":{},"end":{}}],"line":64},"6":{"loc":{"start":{"line":69,"column":4},"end":{"line":73,"column":5}},"type":"if","locations":[{"start":{"line":69,"column":4},"end":{"line":73,"column":5}},{"start":{"line":71,"column":11},"end":{"line":73,"column":5}}],"line":69},"7":{"loc":{"start":{"line":71,"column":11},"end":{"line":73,"column":5}},"type":"if","locations":[{"start":{"line":71,"column":11},"end":{"line":73,"column":5}},{"start":{},"end":{}}],"line":71},"8":{"loc":{"start":{"line":76,"column":4},"end":{"line":80,"column":5}},"type":"if","locations":[{"start":{"line":76,"column":4},"end":{"line":80,"column":5}},{"start":{"line":78,"column":11},"end":{"line":80,"column":5}}],"line":76},"9":{"loc":{"start":{"line":78,"column":11},"end":{"line":80,"column":5}},"type":"if","locations":[{"start":{"line":78,"column":11},"end":{"line":80,"column":5}},{"start":{},"end":{}}],"line":78},"10":{"loc":{"start":{"line":93,"column":4},"end":{"line":93,"column":32}},"type":"if","locations":[{"start":{"line":93,"column":4},"end":{"line":93,"column":32}},{"start":{},"end":{}}],"line":93},"11":{"loc":{"start":{"line":114,"column":6},"end":{"line":118,"column":7}},"type":"if","locations":[{"start":{"line":114,"column":6},"end":{"line":118,"column":7}},{"start":{"line":116,"column":13},"end":{"line":118,"column":7}}],"line":114},"12":{"loc":{"start":{"line":114,"column":10},"end":{"line":114,"column":47}},"type":"binary-expr","locations":[{"start":{"line":114,"column":10},"end":{"line":114,"column":24}},{"start":{"line":114,"column":28},"end":{"line":114,"column":47}}],"line":114},"13":{"loc":{"start":{"line":115,"column":20},"end":{"line":115,"column":150}},"type":"binary-expr","locations":[{"start":{"line":115,"column":20},"end":{"line":115,"column":46}},{"start":{"line":115,"column":50},"end":{"line":115,"column":77}},{"start":{"line":115,"column":81},"end":{"line":115,"column":106}},{"start":{"line":115,"column":110},"end":{"line":115,"column":150}}],"line":115},"14":{"loc":{"start":{"line":134,"column":9},"end":{"line":134,"column":67}},"type":"binary-expr","locations":[{"start":{"line":134,"column":9},"end":{"line":134,"column":17}},{"start":{"line":134,"column":21},"end":{"line":134,"column":67}}],"line":134},"15":{"loc":{"start":{"line":137,"column":9},"end":{"line":137,"column":73}},"type":"binary-expr","locations":[{"start":{"line":137,"column":9},"end":{"line":137,"column":19}},{"start":{"line":137,"column":23},"end":{"line":137,"column":73}}],"line":137},"16":{"loc":{"start":{"line":151,"column":25},"end":{"line":151,"column":61}},"type":"cond-expr","locations":[{"start":{"line":151,"column":43},"end":{"line":151,"column":56}},{"start":{"line":151,"column":59},"end":{"line":151,"column":61}}],"line":151},"17":{"loc":{"start":{"line":155,"column":13},"end":{"line":155,"column":86}},"type":"binary-expr","locations":[{"start":{"line":155,"column":13},"end":{"line":155,"column":28}},{"start":{"line":155,"column":32},"end":{"line":155,"column":86}}],"line":155},"18":{"loc":{"start":{"line":168,"column":25},"end":{"line":168,"column":58}},"type":"cond-expr","locations":[{"start":{"line":168,"column":40},"end":{"line":168,"column":53}},{"start":{"line":168,"column":56},"end":{"line":168,"column":58}}],"line":168},"19":{"loc":{"start":{"line":171,"column":13},"end":{"line":171,"column":80}},"type":"binary-expr","locations":[{"start":{"line":171,"column":13},"end":{"line":171,"column":25}},{"start":{"line":171,"column":29},"end":{"line":171,"column":80}}],"line":171},"20":{"loc":{"start":{"line":184,"column":25},"end":{"line":184,"column":61}},"type":"cond-expr","locations":[{"start":{"line":184,"column":43},"end":{"line":184,"column":56}},{"start":{"line":184,"column":59},"end":{"line":184,"column":61}}],"line":184},"21":{"loc":{"start":{"line":187,"column":13},"end":{"line":187,"column":86}},"type":"binary-expr","locations":[{"start":{"line":187,"column":13},"end":{"line":187,"column":28}},{"start":{"line":187,"column":32},"end":{"line":187,"column":86}}],"line":187},"22":{"loc":{"start":{"line":200,"column":25},"end":{"line":200,"column":68}},"type":"cond-expr","locations":[{"start":{"line":200,"column":50},"end":{"line":200,"column":63}},{"start":{"line":200,"column":66},"end":{"line":200,"column":68}}],"line":200},"23":{"loc":{"start":{"line":203,"column":13},"end":{"line":205,"column":13}},"type":"binary-expr","locations":[{"start":{"line":203,"column":13},"end":{"line":203,"column":35}},{"start":{"line":204,"column":14},"end":{"line":204,"column":75}}],"line":203},"24":{"loc":{"start":{"line":210,"column":13},"end":{"line":217,"column":13}},"type":"cond-expr","locations":[{"start":{"line":211,"column":14},"end":{"line":214,"column":21}},{"start":{"line":216,"column":14},"end":{"line":216,"column":30}}],"line":210}},"s":{"0":0,"1":0,"2":0,"3":0,"4":0,"5":0,"6":0,"7":0,"8":0,"9":0,"10":0,"11":0,"12":0,"13":0,"14":0,"15":0,"16":0,"17":0,"18":0,"19":0,"20":0,"21":0,"22":0,"23":0,"24":0,"25":0,"26":0,"27":0,"28":0,"29":0,"30":0,"31":0,"32":0,"33":0,"34":0,"35":0,"36":0,"37":0,"38":0,"39":0,"40":0,"41":0,"42":0,"43":0,"44":0,"45":0,"46":0,"47":0,"48":0,"49":0,"50":0,"51":0,"52":0,"53":0,"54":0},"f":{"0":0,"1":0,"2":0,"3":0,"4":0,"5":0,"6":0},"b":{"0":[0,0],"1":[0,0],"2":[0,0],"3":[0,0],"4":[0,0],"5":[0,0],"6":[0,0],"7":[0,0],"8":[0,0],"9":[0,0],"10":[0,0],"11":[0,0],"12":[0,0],"13":[0,0,0,0],"14":[0,0],"15":[0,0],"16":[0,0],"17":[0,0],"18":[0,0],"19":[0,0],"20":[0,0],"21":[0,0],"22":[0,0],"23":[0,0],"24":[0,0]}}
}
