TN:
SF:src/App.js
FN:32,App
FNF:1
FNH:0
FNDA:0,App
DA:33,0
LF:1
LH:0
BRF:0
BRH:0
end_of_record
TN:
SF:src/index.js
FNF:0
FNH:0
DA:11,0
DA:12,0
LF:2
LH:0
BRF:0
BRH:0
end_of_record
TN:
SF:src/reportWebVitals.js
FN:1,(anonymous_0)
FN:3,(anonymous_1)
FNF:2
FNH:0
FNDA:0,(anonymous_0)
FNDA:0,(anonymous_1)
DA:1,0
DA:2,0
DA:3,0
DA:4,0
DA:5,0
DA:6,0
DA:7,0
DA:8,0
LF:8
LH:0
BRDA:2,0,0,0
BRDA:2,0,1,0
BRDA:2,1,0,0
BRDA:2,1,1,0
BRF:4
BRH:0
end_of_record
TN:
SF:src/api/axios.js
FN:17,(anonymous_0)
FN:24,(anonymous_1)
FN:29,(anonymous_2)
FN:30,(anonymous_3)
FNF:4
FNH:0
FNDA:0,(anonymous_0)
FNDA:0,(anonymous_1)
FNDA:0,(anonymous_2)
FNDA:0,(anonymous_3)
DA:5,0
DA:8,0
DA:16,0
DA:18,0
DA:19,0
DA:20,0
DA:22,0
DA:24,0
DA:28,0
DA:29,0
DA:31,0
DA:33,0
DA:34,0
DA:35,0
DA:37,0
LF:15
LH:0
BRDA:5,0,0,0
BRDA:5,0,1,0
BRDA:19,1,0,0
BRDA:19,1,1,0
BRDA:31,2,0,0
BRDA:31,2,1,0
BRDA:31,3,0,0
BRDA:31,3,1,0
BRF:8
BRH:0
end_of_record
TN:
SF:src/components/AppointmentCard.js
FN:12,(anonymous_0)
FN:19,(anonymous_1)
FN:39,(anonymous_2)
FN:54,(anonymous_3)
FN:63,(anonymous_4)
FN:66,(anonymous_5)
FNF:6
FNH:0
FNDA:0,(anonymous_0)
FNDA:0,(anonymous_1)
FNDA:0,(anonymous_2)
FNDA:0,(anonymous_3)
FNDA:0,(anonymous_4)
FNDA:0,(anonymous_5)
DA:12,0
DA:13,0
DA:19,0
DA:20,0
DA:22,0
DA:24,0
DA:26,0
DA:28,0
DA:30,0
DA:39,0
DA:40,0
DA:41,0
DA:42,0
DA:54,0
DA:55,0
DA:57,0
DA:60,0
DA:63,0
DA:67,0
LF:19
LH:0
BRDA:20,0,0,0
BRDA:20,0,1,0
BRDA:20,0,2,0
BRDA:20,0,3,0
BRDA:20,0,4,0
BRDA:40,1,0,0
BRDA:40,1,1,0
BRDA:55,2,0,0
BRDA:55,2,1,0
BRDA:67,3,0,0
BRDA:67,3,1,0
BRDA:77,4,0,0
BRDA:77,4,1,0
BRDA:77,4,2,0
BRDA:94,5,0,0
BRDA:94,5,1,0
BRDA:95,6,0,0
BRDA:95,6,1,0
BRF:18
BRH:0
end_of_record
TN:
SF:src/components/Navbar.js
FN:11,(anonymous_0)
FN:19,(anonymous_1)
FN:29,(anonymous_2)
FNF:3
FNH:0
FNDA:0,(anonymous_0)
FNDA:0,(anonymous_1)
FNDA:0,(anonymous_2)
DA:11,0
DA:12,0
DA:13,0
DA:14,0
DA:19,0
DA:20,0
DA:21,0
DA:29,0
DA:30,0
DA:33,0
LF:10
LH:0
BRDA:30,0,0,0
BRDA:30,0,1,0
BRDA:43,1,0,0
BRDA:43,1,1,0
BRDA:55,2,0,0
BRDA:55,2,1,0
BRDA:64,3,0,0
BRDA:64,3,1,0
BRF:8
BRH:0
end_of_record
TN:
SF:src/components/PrivateRoute.js
FN:10,(anonymous_0)
FNF:1
FNH:0
FNDA:0,(anonymous_0)
DA:10,0
DA:11,0
DA:14,0
DA:15,0
DA:24,0
DA:25,0
DA:29,0
LF:7
LH:0
BRDA:14,0,0,0
BRDA:14,0,1,0
BRDA:24,1,0,0
BRDA:24,1,1,0
BRF:4
BRH:0
end_of_record
TN:
SF:src/components/Toast.js
FN:6,(anonymous_0)
FN:9,(anonymous_1)
FN:11,(anonymous_2)
FN:12,(anonymous_3)
FN:13,(anonymous_4)
FN:13,(anonymous_5)
FN:17,(anonymous_6)
FN:18,(anonymous_7)
FN:18,(anonymous_8)
FN:25,(anonymous_9)
FN:31,(anonymous_10)
FN:39,(anonymous_11)
FNF:12
FNH:0
FNDA:0,(anonymous_0)
FNDA:0,(anonymous_1)
FNDA:0,(anonymous_2)
FNDA:0,(anonymous_3)
FNDA:0,(anonymous_4)
FNDA:0,(anonymous_5)
FNDA:0,(anonymous_6)
FNDA:0,(anonymous_7)
FNDA:0,(anonymous_8)
FNDA:0,(anonymous_9)
FNDA:0,(anonymous_10)
FNDA:0,(anonymous_11)
DA:4,0
DA:6,0
DA:7,0
DA:9,0
DA:10,0
DA:11,0
DA:12,0
DA:13,0
DA:17,0
DA:18,0
DA:21,0
DA:26,0
DA:31,0
DA:39,0
DA:40,0
DA:41,0
DA:42,0
LF:17
LH:0
BRDA:9,0,0,0
BRDA:9,1,0,0
BRDA:28,2,0,0
BRDA:28,2,1,0
BRDA:28,3,0,0
BRDA:28,3,1,0
BRDA:41,4,0,0
BRDA:41,4,1,0
BRF:8
BRH:0
end_of_record
TN:
SF:src/context/AuthContext.js
FN:11,(anonymous_0)
FN:17,(anonymous_1)
FN:40,(anonymous_2)
FN:50,(anonymous_3)
FN:61,(anonymous_4)
FN:76,(anonymous_5)
FNF:6
FNH:0
FNDA:0,(anonymous_0)
FNDA:0,(anonymous_1)
FNDA:0,(anonymous_2)
FNDA:0,(anonymous_3)
FNDA:0,(anonymous_4)
FNDA:0,(anonymous_5)
DA:4,0
DA:11,0
DA:12,0
DA:13,0
DA:14,0
DA:17,0
DA:18,0
DA:19,0
DA:21,0
DA:22,0
DA:23,0
DA:24,0
DA:27,0
DA:28,0
DA:29,0
DA:32,0
DA:40,0
DA:41,0
DA:42,0
DA:43,0
DA:44,0
DA:50,0
DA:51,0
DA:52,0
DA:53,0
DA:54,0
DA:61,0
DA:62,0
DA:65,0
DA:76,0
DA:77,0
DA:78,0
DA:79,0
DA:81,0
LF:34
LH:0
BRDA:21,0,0,0
BRDA:21,0,1,0
BRDA:21,1,0,0
BRDA:21,1,1,0
BRDA:62,2,0,0
BRDA:62,2,1,0
BRDA:62,2,2,0
BRDA:78,3,0,0
BRDA:78,3,1,0
BRF:9
BRH:0
end_of_record
TN:
SF:src/pages/AddProvider.js
FN:11,(anonymous_0)
FN:33,(anonymous_1)
FN:35,(anonymous_2)
FN:40,(anonymous_3)
FN:50,(anonymous_4)
FN:90,(anonymous_5)
FN:111,(anonymous_6)
FN:241,(anonymous_7)
FNF:8
FNH:0
FNDA:0,(anonymous_0)
FNDA:0,(anonymous_1)
FNDA:0,(anonymous_2)
FNDA:0,(anonymous_3)
FNDA:0,(anonymous_4)
FNDA:0,(anonymous_5)
FNDA:0,(anonymous_6)
FNDA:0,(anonymous_7)
DA:11,0
DA:12,0
DA:15,0
DA:25,0
DA:26,0
DA:27,0
DA:28,0
DA:33,0
DA:34,0
DA:35,0
DA:39,0
DA:40,0
DA:42,0
DA:50,0
DA:51,0
DA:54,0
DA:55,0
DA:56,0
DA:57,0
DA:58,0
DA:59,0
DA:63,0
DA:64,0
DA:68,0
DA:69,0
DA:70,0
DA:71,0
DA:72,0
DA:76,0
DA:77,0
DA:78,0
DA:79,0
DA:80,0
DA:83,0
DA:84,0
DA:90,0
DA:91,0
DA:93,0
DA:95,0
DA:96,0
DA:97,0
DA:99,0
DA:101,0
DA:110,0
DA:111,0
DA:112,0
DA:115,0
DA:116,0
DA:118,0
DA:121,0
DA:125,0
DA:241,0
LF:52
LH:0
BRDA:37,0,0,0
BRDA:37,0,1,0
BRDA:39,1,0,0
BRDA:39,1,1,0
BRDA:54,2,0,0
BRDA:54,2,1,0
BRDA:56,3,0,0
BRDA:56,3,1,0
BRDA:58,4,0,0
BRDA:58,4,1,0
BRDA:63,5,0,0
BRDA:63,5,1,0
BRDA:69,6,0,0
BRDA:69,6,1,0
BRDA:71,7,0,0
BRDA:71,7,1,0
BRDA:77,8,0,0
BRDA:77,8,1,0
BRDA:79,9,0,0
BRDA:79,9,1,0
BRDA:93,10,0,0
BRDA:93,10,1,0
BRDA:115,11,0,0
BRDA:115,11,1,0
BRDA:115,12,0,0
BRDA:115,12,1,0
BRDA:116,13,0,0
BRDA:116,13,1,0
BRDA:116,13,2,0
BRDA:135,14,0,0
BRDA:135,14,1,0
BRDA:136,15,0,0
BRDA:136,15,1,0
BRDA:150,16,0,0
BRDA:150,16,1,0
BRDA:154,17,0,0
BRDA:154,17,1,0
BRDA:167,18,0,0
BRDA:167,18,1,0
BRDA:170,19,0,0
BRDA:170,19,1,0
BRDA:186,20,0,0
BRDA:186,20,1,0
BRDA:189,21,0,0
BRDA:189,21,1,0
BRDA:201,22,0,0
BRDA:201,22,1,0
BRDA:204,23,0,0
BRDA:204,23,1,0
BRDA:247,24,0,0
BRDA:247,24,1,0
BRF:51
BRH:0
end_of_record
TN:
SF:src/pages/AppointmentDetail.js
FN:12,(anonymous_0)
FN:28,(anonymous_1)
FN:36,(anonymous_2)
FN:54,(anonymous_3)
FN:76,(anonymous_4)
FN:89,(anonymous_5)
FN:115,(anonymous_6)
FN:129,(anonymous_7)
FN:137,(anonymous_8)
FNF:9
FNH:0
FNDA:0,(anonymous_0)
FNDA:0,(anonymous_1)
FNDA:0,(anonymous_2)
FNDA:0,(anonymous_3)
FNDA:0,(anonymous_4)
FNDA:0,(anonymous_5)
FNDA:0,(anonymous_6)
FNDA:0,(anonymous_7)
FNDA:0,(anonymous_8)
DA:12,0
DA:13,0
DA:14,0
DA:15,0
DA:18,0
DA:20,0
DA:21,0
DA:22,0
DA:23,0
DA:28,0
DA:29,0
DA:36,0
DA:37,0
DA:38,0
DA:39,0
DA:40,0
DA:41,0
DA:43,0
DA:44,0
DA:46,0
DA:54,0
DA:55,0
DA:56,0
DA:59,0
DA:60,0
DA:62,0
DA:66,0
DA:67,0
DA:69,0
DA:72,0
DA:73,0
DA:74,0
DA:75,0
DA:76,0
DA:78,0
DA:79,0
DA:82,0
DA:89,0
DA:90,0
DA:91,0
DA:94,0
DA:95,0
DA:96,0
DA:100,0
DA:101,0
DA:102,0
DA:104,0
DA:105,0
DA:106,0
DA:108,0
DA:115,0
DA:116,0
DA:117,0
DA:118,0
DA:129,0
DA:130,0
DA:131,0
DA:137,0
DA:138,0
DA:139,0
DA:140,0
DA:141,0
DA:142,0
DA:143,0
DA:148,0
DA:149,0
DA:158,0
DA:159,0
DA:167,0
LF:69
LH:0
BRDA:55,0,0,0
BRDA:55,0,1,0
BRDA:90,1,0,0
BRDA:90,1,1,0
BRDA:104,2,0,0
BRDA:104,2,1,0
BRDA:116,3,0,0
BRDA:116,3,1,0
BRDA:130,4,0,0
BRDA:130,4,1,0
BRDA:138,5,0,0
BRDA:138,5,1,0
BRDA:138,5,2,0
BRDA:138,5,3,0
BRDA:138,5,4,0
BRDA:148,6,0,0
BRDA:148,6,1,0
BRDA:158,7,0,0
BRDA:158,7,1,0
BRDA:158,8,0,0
BRDA:158,8,1,0
BRDA:175,9,0,0
BRDA:175,9,1,0
BRDA:176,10,0,0
BRDA:176,10,1,0
BRDA:178,11,0,0
BRDA:178,11,1,0
BRDA:196,12,0,0
BRDA:196,12,1,0
BRDA:196,12,2,0
BRDA:199,13,0,0
BRDA:199,13,1,0
BRDA:205,14,0,0
BRDA:205,14,1,0
BRDA:211,15,0,0
BRDA:211,15,1,0
BRDA:234,16,0,0
BRDA:234,16,1,0
BRDA:248,17,0,0
BRDA:248,17,1,0
BRDA:251,18,0,0
BRDA:251,18,1,0
BRDA:261,19,0,0
BRDA:261,19,1,0
BRDA:261,19,2,0
BRDA:268,20,0,0
BRDA:268,20,1,0
BRDA:268,20,2,0
BRDA:274,21,0,0
BRDA:274,21,1,0
BRDA:279,22,0,0
BRDA:279,22,1,0
BRDA:279,22,2,0
BRDA:285,23,0,0
BRDA:285,23,1,0
BRF:55
BRH:0
end_of_record
TN:
SF:src/pages/BookAppointment.js
FN:12,(anonymous_0)
FN:38,(anonymous_1)
FN:39,(anonymous_2)
FN:44,(anonymous_3)
FN:60,(anonymous_4)
FN:68,(anonymous_5)
FN:70,(anonymous_6)
FN:72,(anonymous_7)
FN:82,(anonymous_8)
FN:126,(anonymous_9)
FN:148,(anonymous_10)
FN:190,(anonymous_11)
FN:281,(anonymous_12)
FNF:13
FNH:0
FNDA:0,(anonymous_0)
FNDA:0,(anonymous_1)
FNDA:0,(anonymous_2)
FNDA:0,(anonymous_3)
FNDA:0,(anonymous_4)
FNDA:0,(anonymous_5)
FNDA:0,(anonymous_6)
FNDA:0,(anonymous_7)
FNDA:0,(anonymous_8)
FNDA:0,(anonymous_9)
FNDA:0,(anonymous_10)
FNDA:0,(anonymous_11)
FNDA:0,(anonymous_12)
DA:12,0
DA:13,0
DA:14,0
DA:17,0
DA:26,0
DA:28,0
DA:29,0
DA:30,0
DA:31,0
DA:32,0
DA:38,0
DA:39,0
DA:40,0
DA:41,0
DA:42,0
DA:44,0
DA:45,0
DA:47,0
DA:48,0
DA:50,0
DA:53,0
DA:60,0
DA:61,0
DA:62,0
DA:68,0
DA:69,0
DA:70,0
DA:71,0
DA:72,0
DA:74,0
DA:82,0
DA:83,0
DA:86,0
DA:87,0
DA:91,0
DA:92,0
DA:94,0
DA:95,0
DA:96,0
DA:97,0
DA:98,0
DA:103,0
DA:104,0
DA:108,0
DA:109,0
DA:110,0
DA:111,0
DA:115,0
DA:116,0
DA:119,0
DA:120,0
DA:126,0
DA:127,0
DA:130,0
DA:132,0
DA:133,0
DA:134,0
DA:136,0
DA:138,0
DA:147,0
DA:148,0
DA:149,0
DA:152,0
DA:153,0
DA:154,0
DA:156,0
DA:160,0
DA:191,0
DA:281,0
LF:69
LH:0
BRDA:42,0,0,0
BRDA:42,0,1,0
BRDA:42,1,0,0
BRDA:42,1,1,0
BRDA:71,2,0,0
BRDA:71,2,1,0
BRDA:86,3,0,0
BRDA:86,3,1,0
BRDA:91,4,0,0
BRDA:91,4,1,0
BRDA:97,5,0,0
BRDA:97,5,1,0
BRDA:103,6,0,0
BRDA:103,6,1,0
BRDA:108,7,0,0
BRDA:108,7,1,0
BRDA:110,8,0,0
BRDA:110,8,1,0
BRDA:115,9,0,0
BRDA:115,9,1,0
BRDA:130,10,0,0
BRDA:130,10,1,0
BRDA:152,11,0,0
BRDA:152,11,1,0
BRDA:152,11,2,0
BRDA:170,12,0,0
BRDA:170,12,1,0
BRDA:171,13,0,0
BRDA:171,13,1,0
BRDA:178,14,0,0
BRDA:178,14,1,0
BRDA:186,15,0,0
BRDA:186,15,1,0
BRDA:197,16,0,0
BRDA:197,16,1,0
BRDA:214,17,0,0
BRDA:214,17,1,0
BRDA:217,18,0,0
BRDA:217,18,1,0
BRDA:231,19,0,0
BRDA:231,19,1,0
BRDA:234,20,0,0
BRDA:234,20,1,0
BRDA:250,21,0,0
BRDA:250,21,1,0
BRDA:255,22,0,0
BRDA:255,22,1,0
BRDA:268,23,0,0
BRDA:268,23,1,0
BRDA:273,24,0,0
BRDA:273,24,1,0
BRDA:287,25,0,0
BRDA:287,25,1,0
BRF:53
BRH:0
end_of_record
TN:
SF:src/pages/Dashboard.js
FN:12,(anonymous_0)
FN:25,(anonymous_1)
FN:32,(anonymous_2)
FN:53,(anonymous_3)
FN:61,(anonymous_4)
FN:62,(anonymous_5)
FN:84,(anonymous_6)
FN:90,(anonymous_7)
FN:96,(anonymous_8)
FN:102,(anonymous_9)
FN:108,(anonymous_10)
FN:137,(anonymous_11)
FNF:12
FNH:0
FNDA:0,(anonymous_0)
FNDA:0,(anonymous_1)
FNDA:0,(anonymous_2)
FNDA:0,(anonymous_3)
FNDA:0,(anonymous_4)
FNDA:0,(anonymous_5)
FNDA:0,(anonymous_6)
FNDA:0,(anonymous_7)
FNDA:0,(anonymous_8)
FNDA:0,(anonymous_9)
FNDA:0,(anonymous_10)
FNDA:0,(anonymous_11)
DA:12,0
DA:14,0
DA:16,0
DA:18,0
DA:19,0
DA:25,0
DA:26,0
DA:32,0
DA:33,0
DA:34,0
DA:35,0
DA:36,0
DA:38,0
DA:39,0
DA:41,0
DA:42,0
DA:44,0
DA:52,0
DA:53,0
DA:61,0
DA:62,0
DA:65,0
DA:84,0
DA:90,0
DA:96,0
DA:102,0
DA:108,0
DA:138,0
LF:28
LH:0
BRDA:38,0,0,0
BRDA:38,0,1,0
BRDA:38,1,0,0
BRDA:38,1,1,0
BRDA:52,2,0,0
BRDA:52,2,1,0
BRDA:83,3,0,0
BRDA:83,3,1,0
BRDA:89,4,0,0
BRDA:89,4,1,0
BRDA:95,5,0,0
BRDA:95,5,1,0
BRDA:101,6,0,0
BRDA:101,6,1,0
BRDA:107,7,0,0
BRDA:107,7,1,0
BRDA:115,8,0,0
BRDA:115,8,1,0
BRDA:123,9,0,0
BRDA:123,9,1,0
BRDA:133,10,0,0
BRDA:133,10,1,0
BRDA:133,10,2,0
BRDA:135,11,0,0
BRDA:135,11,1,0
BRDA:149,12,0,0
BRDA:149,12,1,0
BRF:27
BRH:0
end_of_record
TN:
SF:src/pages/EditAppointment.js
FN:11,(anonymous_0)
FN:37,(anonymous_1)
FN:38,(anonymous_2)
FN:51,(anonymous_3)
FN:76,(anonymous_4)
FN:83,(anonymous_5)
FN:85,(anonymous_6)
FN:87,(anonymous_7)
FN:97,(anonymous_8)
FN:136,(anonymous_9)
FN:156,(anonymous_10)
FN:207,(anonymous_11)
FN:295,(anonymous_12)
FNF:13
FNH:0
FNDA:0,(anonymous_0)
FNDA:0,(anonymous_1)
FNDA:0,(anonymous_2)
FNDA:0,(anonymous_3)
FNDA:0,(anonymous_4)
FNDA:0,(anonymous_5)
FNDA:0,(anonymous_6)
FNDA:0,(anonymous_7)
FNDA:0,(anonymous_8)
FNDA:0,(anonymous_9)
FNDA:0,(anonymous_10)
FNDA:0,(anonymous_11)
FNDA:0,(anonymous_12)
DA:11,0
DA:12,0
DA:13,0
DA:16,0
DA:25,0
DA:27,0
DA:28,0
DA:29,0
DA:30,0
DA:31,0
DA:37,0
DA:38,0
DA:39,0
DA:41,0
DA:46,0
DA:47,0
DA:51,0
DA:54,0
DA:64,0
DA:65,0
DA:67,0
DA:70,0
DA:76,0
DA:77,0
DA:83,0
DA:84,0
DA:85,0
DA:86,0
DA:87,0
DA:89,0
DA:97,0
DA:98,0
DA:100,0
DA:101,0
DA:104,0
DA:105,0
DA:107,0
DA:108,0
DA:109,0
DA:110,0
DA:111,0
DA:115,0
DA:116,0
DA:119,0
DA:120,0
DA:121,0
DA:122,0
DA:125,0
DA:126,0
DA:129,0
DA:130,0
DA:136,0
DA:137,0
DA:139,0
DA:141,0
DA:142,0
DA:143,0
DA:145,0
DA:147,0
DA:155,0
DA:156,0
DA:157,0
DA:160,0
DA:161,0
DA:163,0
DA:166,0
DA:171,0
DA:172,0
DA:180,0
DA:208,0
DA:295,0
LF:71
LH:0
BRDA:47,0,0,0
BRDA:47,0,1,0
BRDA:49,1,0,0
BRDA:49,1,1,0
BRDA:55,2,0,0
BRDA:55,2,1,0
BRDA:56,3,0,0
BRDA:56,3,1,0
BRDA:57,4,0,0
BRDA:57,4,1,0
BRDA:60,5,0,0
BRDA:60,5,1,0
BRDA:61,6,0,0
BRDA:61,6,1,0
BRDA:86,7,0,0
BRDA:86,7,1,0
BRDA:100,8,0,0
BRDA:100,8,1,0
BRDA:104,9,0,0
BRDA:104,9,1,0
BRDA:110,10,0,0
BRDA:110,10,1,0
BRDA:115,11,0,0
BRDA:115,11,1,0
BRDA:119,12,0,0
BRDA:119,12,1,0
BRDA:121,13,0,0
BRDA:121,13,1,0
BRDA:125,14,0,0
BRDA:125,14,1,0
BRDA:139,15,0,0
BRDA:139,15,1,0
BRDA:160,16,0,0
BRDA:160,16,1,0
BRDA:160,17,0,0
BRDA:160,17,1,0
BRDA:161,18,0,0
BRDA:161,18,1,0
BRDA:161,18,2,0
BRDA:161,18,3,0
BRDA:171,19,0,0
BRDA:171,19,1,0
BRDA:190,20,0,0
BRDA:190,20,1,0
BRDA:191,21,0,0
BRDA:191,21,1,0
BRDA:203,22,0,0
BRDA:203,22,1,0
BRDA:213,23,0,0
BRDA:213,23,1,0
BRDA:229,24,0,0
BRDA:229,24,1,0
BRDA:232,25,0,0
BRDA:232,25,1,0
BRDA:245,26,0,0
BRDA:245,26,1,0
BRDA:248,27,0,0
BRDA:248,27,1,0
BRDA:264,28,0,0
BRDA:264,28,1,0
BRDA:269,29,0,0
BRDA:269,29,1,0
BRDA:282,30,0,0
BRDA:282,30,1,0
BRDA:287,31,0,0
BRDA:287,31,1,0
BRDA:301,32,0,0
BRDA:301,32,1,0
BRF:68
BRH:0
end_of_record
TN:
SF:src/pages/Login.js
FN:12,(anonymous_0)
FN:32,(anonymous_1)
FN:34,(anonymous_2)
FN:37,(anonymous_3)
FN:46,(anonymous_4)
FN:68,(anonymous_5)
FN:122,(anonymous_6)
FNF:7
FNH:0
FNDA:0,(anonymous_0)
FNDA:0,(anonymous_1)
FNDA:0,(anonymous_2)
FNDA:0,(anonymous_3)
FNDA:0,(anonymous_4)
FNDA:0,(anonymous_5)
FNDA:0,(anonymous_6)
DA:12,0
DA:13,0
DA:14,0
DA:17,0
DA:23,0
DA:25,0
DA:27,0
DA:32,0
DA:33,0
DA:34,0
DA:36,0
DA:37,0
DA:39,0
DA:46,0
DA:47,0
DA:50,0
DA:51,0
DA:55,0
DA:56,0
DA:57,0
DA:58,0
DA:61,0
DA:62,0
DA:68,0
DA:69,0
DA:72,0
DA:74,0
DA:75,0
DA:77,0
DA:79,0
DA:85,0
DA:88,0
DA:91,0
DA:94,0
DA:97,0
DA:98,0
DA:100,0
DA:103,0
DA:107,0
DA:123,0
DA:124,0
DA:125,0
DA:126,0
DA:127,0
DA:128,0
DA:129,0
DA:130,0
LF:47
LH:0
BRDA:36,0,0,0
BRDA:36,0,1,0
BRDA:50,1,0,0
BRDA:50,1,1,0
BRDA:55,2,0,0
BRDA:55,2,1,0
BRDA:57,3,0,0
BRDA:57,3,1,0
BRDA:72,4,0,0
BRDA:72,4,1,0
BRDA:88,5,0,0
BRDA:88,5,1,0
BRDA:88,6,0,0
BRDA:88,6,1,0
BRDA:97,7,0,0
BRDA:97,7,1,0
BRDA:97,8,0,0
BRDA:97,8,1,0
BRDA:98,9,0,0
BRDA:98,9,1,0
BRDA:98,9,2,0
BRDA:98,9,3,0
BRDA:132,10,0,0
BRDA:132,10,1,0
BRDA:137,11,0,0
BRDA:137,11,1,0
BRDA:155,12,0,0
BRDA:155,12,1,0
BRDA:158,13,0,0
BRDA:158,13,1,0
BRDA:171,14,0,0
BRDA:171,14,1,0
BRDA:174,15,0,0
BRDA:174,15,1,0
BRDA:179,16,0,0
BRDA:179,16,1,0
BRF:36
BRH:0
end_of_record
TN:
SF:src/pages/ServiceProviders.js
FN:13,(anonymous_0)
FN:25,(anonymous_1)
FN:32,(anonymous_2)
FN:88,(anonymous_3)
FNF:4
FNH:0
FNDA:0,(anonymous_0)
FNDA:0,(anonymous_1)
FNDA:0,(anonymous_2)
FNDA:0,(anonymous_3)
DA:13,0
DA:14,0
DA:17,0
DA:19,0
DA:20,0
DA:25,0
DA:26,0
DA:32,0
DA:33,0
DA:34,0
DA:35,0
DA:36,0
DA:37,0
DA:38,0
DA:40,0
DA:41,0
DA:43,0
DA:47,0
DA:89,0
LF:19
LH:0
BRDA:37,0,0,0
BRDA:37,0,1,0
BRDA:37,1,0,0
BRDA:37,1,1,0
BRDA:58,2,0,0
BRDA:58,2,1,0
BRDA:66,3,0,0
BRDA:66,3,1,0
BRDA:74,4,0,0
BRDA:74,4,1,0
BRDA:84,5,0,0
BRDA:84,5,1,0
BRDA:84,5,2,0
BRDA:86,6,0,0
BRDA:86,6,1,0
BRDA:92,7,0,0
BRDA:92,7,1,0
BRDA:101,8,0,0
BRDA:101,8,1,0
BRDA:107,9,0,0
BRDA:107,9,1,0
BRDA:113,10,0,0
BRDA:113,10,1,0
BRDA:122,11,0,0
BRDA:122,11,1,0
BRDA:123,12,0,0
BRDA:123,12,1,0
BRF:27
BRH:0
end_of_record
TN:
SF:src/pages/Signup.js
FN:11,(anonymous_0)
FN:34,(anonymous_1)
FN:36,(anonymous_2)
FN:38,(anonymous_3)
FN:48,(anonymous_4)
FN:89,(anonymous_5)
FN:109,(anonymous_6)
FNF:7
FNH:0
FNDA:0,(anonymous_0)
FNDA:0,(anonymous_1)
FNDA:0,(anonymous_2)
FNDA:0,(anonymous_3)
FNDA:0,(anonymous_4)
FNDA:0,(anonymous_5)
FNDA:0,(anonymous_6)
DA:11,0
DA:12,0
DA:15,0
DA:23,0
DA:25,0
DA:27,0
DA:29,0
DA:34,0
DA:35,0
DA:36,0
DA:37,0
DA:38,0
DA:40,0
DA:48,0
DA:49,0
DA:52,0
DA:53,0
DA:54,0
DA:55,0
DA:56,0
DA:57,0
DA:61,0
DA:62,0
DA:63,0
DA:64,0
DA:65,0
DA:69,0
DA:70,0
DA:71,0
DA:72,0
DA:76,0
DA:77,0
DA:78,0
DA:79,0
DA:82,0
DA:83,0
DA:89,0
DA:90,0
DA:93,0
DA:95,0
DA:96,0
DA:97,0
DA:99,0
DA:101,0
DA:108,0
DA:109,0
DA:110,0
DA:114,0
DA:115,0
DA:117,0
DA:120,0
DA:124,0
LF:52
LH:0
BRDA:37,0,0,0
BRDA:37,0,1,0
BRDA:52,1,0,0
BRDA:52,1,1,0
BRDA:54,2,0,0
BRDA:54,2,1,0
BRDA:56,3,0,0
BRDA:56,3,1,0
BRDA:62,4,0,0
BRDA:62,4,1,0
BRDA:64,5,0,0
BRDA:64,5,1,0
BRDA:69,6,0,0
BRDA:69,6,1,0
BRDA:71,7,0,0
BRDA:71,7,1,0
BRDA:76,8,0,0
BRDA:76,8,1,0
BRDA:78,9,0,0
BRDA:78,9,1,0
BRDA:93,10,0,0
BRDA:93,10,1,0
BRDA:114,11,0,0
BRDA:114,11,1,0
BRDA:114,12,0,0
BRDA:114,12,1,0
BRDA:115,13,0,0
BRDA:115,13,1,0
BRDA:115,13,2,0
BRDA:115,13,3,0
BRDA:134,14,0,0
BRDA:134,14,1,0
BRDA:137,15,0,0
BRDA:137,15,1,0
BRDA:151,16,0,0
BRDA:151,16,1,0
BRDA:155,17,0,0
BRDA:155,17,1,0
BRDA:168,18,0,0
BRDA:168,18,1,0
BRDA:171,19,0,0
BRDA:171,19,1,0
BRDA:184,20,0,0
BRDA:184,20,1,0
BRDA:187,21,0,0
BRDA:187,21,1,0
BRDA:200,22,0,0
BRDA:200,22,1,0
BRDA:203,23,0,0
BRDA:203,23,1,0
BRDA:210,24,0,0
BRDA:210,24,1,0
BRF:52
BRH:0
end_of_record
