{"/home/runner/work/devops/devops/frontend/src/App.js": {"path":"/home/runner/work/devops/devops/frontend/src/App.js","statementMap":{"0":{"start":{"line":32,"column":15},"end":{"line":39,"column":1}},"1":{"start":{"line":33,"column":2},"end":{"line":38,"column":4}},"2":{"start":{"line":46,"column":12},"end":{"line":126,"column":1}},"3":{"start":{"line":47,"column":2},"end":{"line":125,"column":4}}},"fnMap":{"0":{"name":"(anonymous_0)","decl":{"start":{"line":32,"column":15},"end":{"line":32,"column":16}},"loc":{"start":{"line":32,"column":33},"end":{"line":39,"column":1}},"line":32},"1":{"name":"(anonymous_1)","decl":{"start":{"line":46,"column":12},"end":{"line":46,"column":13}},"loc":{"start":{"line":46,"column":18},"end":{"line":126,"column":1}},"line":46}},"branchMap":{},"s":{"0":0,"1":0,"2":0,"3":0},"f":{"0":0,"1":0},"b":{}}
,"/home/runner/work/devops/devops/frontend/src/index.js": {"path":"/home/runner/work/devops/devops/frontend/src/index.js","statementMap":{"0":{"start":{"line":11,"column":13},"end":{"line":11,"column":65}},"1":{"start":{"line":12,"column":0},"end":{"line":16,"column":2}},"2":{"start":{"line":18,"column":0},"end":{"line":18,"column":18}}},"fnMap":{},"branchMap":{},"s":{"0":0,"1":0,"2":0},"f":{},"b":{}}
,"/home/runner/work/devops/devops/frontend/src/reportWebVitals.js": {"path":"/home/runner/work/devops/devops/frontend/src/reportWebVitals.js","statementMap":{"0":{"start":{"line":6,"column":24},"end":{"line":16,"column":1}},"1":{"start":{"line":7,"column":2},"end":{"line":15,"column":3}},"2":{"start":{"line":8,"column":4},"end":{"line":14,"column":7}},"3":{"start":{"line":9,"column":6},"end":{"line":9,"column":26}},"4":{"start":{"line":10,"column":6},"end":{"line":10,"column":26}},"5":{"start":{"line":11,"column":6},"end":{"line":11,"column":26}},"6":{"start":{"line":12,"column":6},"end":{"line":12,"column":26}},"7":{"start":{"line":13,"column":6},"end":{"line":13,"column":27}}},"fnMap":{"0":{"name":"(anonymous_0)","decl":{"start":{"line":6,"column":24},"end":{"line":6,"column":25}},"loc":{"start":{"line":6,"column":41},"end":{"line":16,"column":1}},"line":6},"1":{"name":"(anonymous_1)","decl":{"start":{"line":8,"column":30},"end":{"line":8,"column":31}},"loc":{"start":{"line":8,"column":79},"end":{"line":14,"column":5}},"line":8}},"branchMap":{"0":{"loc":{"start":{"line":7,"column":2},"end":{"line":15,"column":3}},"type":"if","locations":[{"start":{"line":7,"column":2},"end":{"line":15,"column":3}},{"start":{},"end":{}}],"line":7},"1":{"loc":{"start":{"line":7,"column":6},"end":{"line":7,"column":52}},"type":"binary-expr","locations":[{"start":{"line":7,"column":6},"end":{"line":7,"column":17}},{"start":{"line":7,"column":21},"end":{"line":7,"column":52}}],"line":7}},"s":{"0":0,"1":0,"2":0,"3":0,"4":0,"5":0,"6":0,"7":0},"f":{"0":0,"1":0},"b":{"0":[0,0],"1":[0,0]}}
,"/home/runner/work/devops/devops/frontend/src/api/axios.js": {"path":"/home/runner/work/devops/devops/frontend/src/api/axios.js","statementMap":{"0":{"start":{"line":8,"column":21},"end":{"line":8,"column":77}},"1":{"start":{"line":14,"column":12},"end":{"line":19,"column":2}},"2":{"start":{"line":25,"column":0},"end":{"line":36,"column":2}},"3":{"start":{"line":27,"column":18},"end":{"line":27,"column":47}},"4":{"start":{"line":28,"column":4},"end":{"line":30,"column":5}},"5":{"start":{"line":29,"column":6},"end":{"line":29,"column":55}},"6":{"start":{"line":31,"column":4},"end":{"line":31,"column":18}},"7":{"start":{"line":34,"column":4},"end":{"line":34,"column":33}},"8":{"start":{"line":42,"column":0},"end":{"line":52,"column":2}},"9":{"start":{"line":43,"column":16},"end":{"line":43,"column":24}},"10":{"start":{"line":45,"column":4},"end":{"line":49,"column":5}},"11":{"start":{"line":46,"column":6},"end":{"line":46,"column":39}},"12":{"start":{"line":47,"column":6},"end":{"line":47,"column":38}},"13":{"start":{"line":48,"column":6},"end":{"line":48,"column":38}},"14":{"start":{"line":50,"column":4},"end":{"line":50,"column":33}}},"fnMap":{"0":{"name":"(anonymous_0)","decl":{"start":{"line":26,"column":2},"end":{"line":26,"column":3}},"loc":{"start":{"line":26,"column":14},"end":{"line":32,"column":3}},"line":26},"1":{"name":"(anonymous_1)","decl":{"start":{"line":33,"column":2},"end":{"line":33,"column":3}},"loc":{"start":{"line":33,"column":13},"end":{"line":35,"column":3}},"line":33},"2":{"name":"(anonymous_2)","decl":{"start":{"line":43,"column":2},"end":{"line":43,"column":3}},"loc":{"start":{"line":43,"column":16},"end":{"line":43,"column":24}},"line":43},"3":{"name":"(anonymous_3)","decl":{"start":{"line":44,"column":2},"end":{"line":44,"column":3}},"loc":{"start":{"line":44,"column":13},"end":{"line":51,"column":3}},"line":44}},"branchMap":{"0":{"loc":{"start":{"line":8,"column":21},"end":{"line":8,"column":77}},"type":"binary-expr","locations":[{"start":{"line":8,"column":21},"end":{"line":8,"column":50}},{"start":{"line":8,"column":54},"end":{"line":8,"column":77}}],"line":8},"1":{"loc":{"start":{"line":28,"column":4},"end":{"line":30,"column":5}},"type":"if","locations":[{"start":{"line":28,"column":4},"end":{"line":30,"column":5}},{"start":{},"end":{}}],"line":28},"2":{"loc":{"start":{"line":45,"column":4},"end":{"line":49,"column":5}},"type":"if","locations":[{"start":{"line":45,"column":4},"end":{"line":49,"column":5}},{"start":{},"end":{}}],"line":45},"3":{"loc":{"start":{"line":45,"column":8},"end":{"line":45,"column":55}},"type":"binary-expr","locations":[{"start":{"line":45,"column":8},"end":{"line":45,"column":22}},{"start":{"line":45,"column":26},"end":{"line":45,"column":55}}],"line":45}},"s":{"0":0,"1":0,"2":0,"3":0,"4":0,"5":0,"6":0,"7":0,"8":0,"9":0,"10":0,"11":0,"12":0,"13":0,"14":0},"f":{"0":0,"1":0,"2":0,"3":0},"b":{"0":[0,0],"1":[0,0],"2":[0,0],"3":[0,0]}}
,"/home/runner/work/devops/devops/frontend/src/components/Navbar.js": {"path":"/home/runner/work/devops/devops/frontend/src/components/Navbar.js","statementMap":{"0":{"start":{"line":17,"column":15},"end":{"line":60,"column":1}},"1":{"start":{"line":18,"column":27},"end":{"line":18,"column":36}},"2":{"start":{"line":19,"column":19},"end":{"line":19,"column":32}},"3":{"start":{"line":20,"column":19},"end":{"line":20,"column":32}},"4":{"start":{"line":25,"column":23},"end":{"line":28,"column":3}},"5":{"start":{"line":26,"column":4},"end":{"line":26,"column":13}},"6":{"start":{"line":27,"column":4},"end":{"line":27,"column":23}},"7":{"start":{"line":30,"column":2},"end":{"line":59,"column":4}}},"fnMap":{"0":{"name":"(anonymous_0)","decl":{"start":{"line":17,"column":15},"end":{"line":17,"column":16}},"loc":{"start":{"line":17,"column":21},"end":{"line":60,"column":1}},"line":17},"1":{"name":"(anonymous_1)","decl":{"start":{"line":25,"column":23},"end":{"line":25,"column":24}},"loc":{"start":{"line":25,"column":29},"end":{"line":28,"column":3}},"line":25}},"branchMap":{"0":{"loc":{"start":{"line":40,"column":36},"end":{"line":40,"column":86}},"type":"cond-expr","locations":[{"start":{"line":40,"column":73},"end":{"line":40,"column":81}},{"start":{"line":40,"column":84},"end":{"line":40,"column":86}}],"line":40},"1":{"loc":{"start":{"line":46,"column":36},"end":{"line":46,"column":92}},"type":"cond-expr","locations":[{"start":{"line":46,"column":79},"end":{"line":46,"column":87}},{"start":{"line":46,"column":90},"end":{"line":46,"column":92}}],"line":46}},"s":{"0":0,"1":0,"2":0,"3":0,"4":0,"5":0,"6":0,"7":0},"f":{"0":0,"1":0},"b":{"0":[0,0],"1":[0,0]}}
,"/home/runner/work/devops/devops/frontend/src/components/PrivateRoute.js": {"path":"/home/runner/work/devops/devops/frontend/src/components/PrivateRoute.js","statementMap":{"0":{"start":{"line":18,"column":21},"end":{"line":42,"column":1}},"1":{"start":{"line":19,"column":39},"end":{"line":19,"column":48}},"2":{"start":{"line":21,"column":2},"end":{"line":35,"column":3}},"3":{"start":{"line":22,"column":4},"end":{"line":34,"column":6}},"4":{"start":{"line":37,"column":2},"end":{"line":39,"column":3}},"5":{"start":{"line":38,"column":4},"end":{"line":38,"column":44}},"6":{"start":{"line":41,"column":2},"end":{"line":41,"column":18}}},"fnMap":{"0":{"name":"(anonymous_0)","decl":{"start":{"line":18,"column":21},"end":{"line":18,"column":22}},"loc":{"start":{"line":18,"column":39},"end":{"line":42,"column":1}},"line":18}},"branchMap":{"0":{"loc":{"start":{"line":21,"column":2},"end":{"line":35,"column":3}},"type":"if","locations":[{"start":{"line":21,"column":2},"end":{"line":35,"column":3}},{"start":{},"end":{}}],"line":21},"1":{"loc":{"start":{"line":37,"column":2},"end":{"line":39,"column":3}},"type":"if","locations":[{"start":{"line":37,"column":2},"end":{"line":39,"column":3}},{"start":{},"end":{}}],"line":37}},"s":{"0":0,"1":0,"2":0,"3":0,"4":0,"5":0,"6":0},"f":{"0":0},"b":{"0":[0,0],"1":[0,0]}}
,"/home/runner/work/devops/devops/frontend/src/components/ProjectCard.js": {"path":"/home/runner/work/devops/devops/frontend/src/components/ProjectCard.js","statementMap":{"0":{"start":{"line":15,"column":21},"end":{"line":23,"column":1}},"1":{"start":{"line":16,"column":2},"end":{"line":16,"column":43}},"2":{"start":{"line":16,"column":31},"end":{"line":16,"column":43}},"3":{"start":{"line":17,"column":2},"end":{"line":22,"column":20}},"4":{"start":{"line":40,"column":20},"end":{"line":88,"column":1}},"5":{"start":{"line":41,"column":19},"end":{"line":41,"column":32}},"6":{"start":{"line":48,"column":23},"end":{"line":51,"column":3}},"7":{"start":{"line":49,"column":4},"end":{"line":49,"column":34}},"8":{"start":{"line":49,"column":17},"end":{"line":49,"column":34}},"9":{"start":{"line":50,"column":4},"end":{"line":50,"column":37}},"10":{"start":{"line":53,"column":2},"end":{"line":87,"column":4}},"11":{"start":{"line":54,"column":49},"end":{"line":54,"column":84}}},"fnMap":{"0":{"name":"(anonymous_0)","decl":{"start":{"line":15,"column":21},"end":{"line":15,"column":22}},"loc":{"start":{"line":15,"column":33},"end":{"line":23,"column":1}},"line":15},"1":{"name":"(anonymous_1)","decl":{"start":{"line":40,"column":20},"end":{"line":40,"column":21}},"loc":{"start":{"line":40,"column":37},"end":{"line":88,"column":1}},"line":40},"2":{"name":"(anonymous_2)","decl":{"start":{"line":48,"column":23},"end":{"line":48,"column":24}},"loc":{"start":{"line":48,"column":35},"end":{"line":51,"column":3}},"line":48},"3":{"name":"(anonymous_3)","decl":{"start":{"line":54,"column":43},"end":{"line":54,"column":44}},"loc":{"start":{"line":54,"column":49},"end":{"line":54,"column":84}},"line":54}},"branchMap":{"0":{"loc":{"start":{"line":16,"column":2},"end":{"line":16,"column":43}},"type":"if","locations":[{"start":{"line":16,"column":2},"end":{"line":16,"column":43}},{"start":{},"end":{}}],"line":16},"1":{"loc":{"start":{"line":16,"column":6},"end":{"line":16,"column":29}},"type":"binary-expr","locations":[{"start":{"line":16,"column":6},"end":{"line":16,"column":13}},{"start":{"line":16,"column":17},"end":{"line":16,"column":29}}],"line":16},"2":{"loc":{"start":{"line":49,"column":4},"end":{"line":49,"column":34}},"type":"if","locations":[{"start":{"line":49,"column":4},"end":{"line":49,"column":34}},{"start":{},"end":{}}],"line":49},"3":{"loc":{"start":{"line":59,"column":13},"end":{"line":59,"column":46}},"type":"binary-expr","locations":[{"start":{"line":59,"column":13},"end":{"line":59,"column":29}},{"start":{"line":59,"column":33},"end":{"line":59,"column":46}}],"line":59},"4":{"loc":{"start":{"line":70,"column":44},"end":{"line":70,"column":72}},"type":"binary-expr","locations":[{"start":{"line":70,"column":44},"end":{"line":70,"column":67}},{"start":{"line":70,"column":71},"end":{"line":70,"column":72}}],"line":70},"5":{"loc":{"start":{"line":75,"column":31},"end":{"line":75,"column":59}},"type":"binary-expr","locations":[{"start":{"line":75,"column":31},"end":{"line":75,"column":54}},{"start":{"line":75,"column":58},"end":{"line":75,"column":59}}],"line":75},"6":{"loc":{"start":{"line":83,"column":17},"end":{"line":83,"column":48}},"type":"binary-expr","locations":[{"start":{"line":83,"column":17},"end":{"line":83,"column":43}},{"start":{"line":83,"column":47},"end":{"line":83,"column":48}}],"line":83},"7":{"loc":{"start":{"line":83,"column":58},"end":{"line":83,"column":80}},"type":"binary-expr","locations":[{"start":{"line":83,"column":58},"end":{"line":83,"column":75}},{"start":{"line":83,"column":79},"end":{"line":83,"column":80}}],"line":83}},"s":{"0":0,"1":0,"2":0,"3":0,"4":0,"5":0,"6":0,"7":0,"8":0,"9":0,"10":0,"11":0},"f":{"0":0,"1":0,"2":0,"3":0},"b":{"0":[0,0],"1":[0,0],"2":[0,0],"3":[0,0],"4":[0,0],"5":[0,0],"6":[0,0],"7":[0,0]}}
,"/home/runner/work/devops/devops/frontend/src/context/AuthContext.js": {"path":"/home/runner/work/devops/devops/frontend/src/context/AuthContext.js","statementMap":{"0":{"start":{"line":11,"column":20},"end":{"line":11,"column":39}},"1":{"start":{"line":20,"column":28},"end":{"line":102,"column":1}},"2":{"start":{"line":21,"column":26},"end":{"line":21,"column":40}},"3":{"start":{"line":22,"column":28},"end":{"line":22,"column":42}},"4":{"start":{"line":23,"column":32},"end":{"line":23,"column":46}},"5":{"start":{"line":28,"column":2},"end":{"line":41,"column":9}},"6":{"start":{"line":29,"column":24},"end":{"line":29,"column":53}},"7":{"start":{"line":30,"column":23},"end":{"line":30,"column":51}},"8":{"start":{"line":31,"column":4},"end":{"line":39,"column":5}},"9":{"start":{"line":32,"column":6},"end":{"line":32,"column":28}},"10":{"start":{"line":33,"column":6},"end":{"line":38,"column":7}},"11":{"start":{"line":34,"column":8},"end":{"line":34,"column":40}},"12":{"start":{"line":36,"column":8},"end":{"line":36,"column":40}},"13":{"start":{"line":37,"column":8},"end":{"line":37,"column":41}},"14":{"start":{"line":40,"column":4},"end":{"line":40,"column":22}},"15":{"start":{"line":51,"column":16},"end":{"line":63,"column":3}},"16":{"start":{"line":52,"column":21},"end":{"line":52,"column":78}},"17":{"start":{"line":53,"column":17},"end":{"line":53,"column":30}},"18":{"start":{"line":54,"column":21},"end":{"line":57,"column":5}},"19":{"start":{"line":58,"column":4},"end":{"line":58,"column":25}},"20":{"start":{"line":59,"column":4},"end":{"line":59,"column":22}},"21":{"start":{"line":60,"column":4},"end":{"line":60,"column":46}},"22":{"start":{"line":61,"column":4},"end":{"line":61,"column":59}},"23":{"start":{"line":62,"column":4},"end":{"line":62,"column":20}},"24":{"start":{"line":68,"column":17},"end":{"line":73,"column":3}},"25":{"start":{"line":69,"column":4},"end":{"line":69,"column":19}},"26":{"start":{"line":70,"column":4},"end":{"line":70,"column":18}},"27":{"start":{"line":71,"column":4},"end":{"line":71,"column":37}},"28":{"start":{"line":72,"column":4},"end":{"line":72,"column":36}},"29":{"start":{"line":79,"column":20},"end":{"line":81,"column":3}},"30":{"start":{"line":80,"column":4},"end":{"line":80,"column":36}},"31":{"start":{"line":87,"column":26},"end":{"line":89,"column":3}},"32":{"start":{"line":88,"column":4},"end":{"line":88,"column":19}},"33":{"start":{"line":91,"column":16},"end":{"line":99,"column":3}},"34":{"start":{"line":101,"column":2},"end":{"line":101,"column":79}},"35":{"start":{"line":108,"column":23},"end":{"line":114,"column":1}},"36":{"start":{"line":109,"column":18},"end":{"line":109,"column":41}},"37":{"start":{"line":110,"column":2},"end":{"line":112,"column":3}},"38":{"start":{"line":111,"column":4},"end":{"line":111,"column":67}},"39":{"start":{"line":113,"column":2},"end":{"line":113,"column":17}}},"fnMap":{"0":{"name":"(anonymous_0)","decl":{"start":{"line":20,"column":28},"end":{"line":20,"column":29}},"loc":{"start":{"line":20,"column":46},"end":{"line":102,"column":1}},"line":20},"1":{"name":"(anonymous_1)","decl":{"start":{"line":28,"column":12},"end":{"line":28,"column":13}},"loc":{"start":{"line":28,"column":18},"end":{"line":41,"column":3}},"line":28},"2":{"name":"(anonymous_2)","decl":{"start":{"line":51,"column":16},"end":{"line":51,"column":17}},"loc":{"start":{"line":51,"column":46},"end":{"line":63,"column":3}},"line":51},"3":{"name":"(anonymous_3)","decl":{"start":{"line":68,"column":17},"end":{"line":68,"column":18}},"loc":{"start":{"line":68,"column":23},"end":{"line":73,"column":3}},"line":68},"4":{"name":"(anonymous_4)","decl":{"start":{"line":79,"column":20},"end":{"line":79,"column":21}},"loc":{"start":{"line":79,"column":26},"end":{"line":81,"column":3}},"line":79},"5":{"name":"(anonymous_5)","decl":{"start":{"line":87,"column":26},"end":{"line":87,"column":27}},"loc":{"start":{"line":87,"column":32},"end":{"line":89,"column":3}},"line":87},"6":{"name":"(anonymous_6)","decl":{"start":{"line":108,"column":23},"end":{"line":108,"column":24}},"loc":{"start":{"line":108,"column":29},"end":{"line":114,"column":1}},"line":108}},"branchMap":{"0":{"loc":{"start":{"line":31,"column":4},"end":{"line":39,"column":5}},"type":"if","locations":[{"start":{"line":31,"column":4},"end":{"line":39,"column":5}},{"start":{},"end":{}}],"line":31},"1":{"loc":{"start":{"line":31,"column":8},"end":{"line":31,"column":33}},"type":"binary-expr","locations":[{"start":{"line":31,"column":8},"end":{"line":31,"column":19}},{"start":{"line":31,"column":23},"end":{"line":31,"column":33}}],"line":31},"2":{"loc":{"start":{"line":110,"column":2},"end":{"line":112,"column":3}},"type":"if","locations":[{"start":{"line":110,"column":2},"end":{"line":112,"column":3}},{"start":{},"end":{}}],"line":110}},"s":{"0":0,"1":0,"2":0,"3":0,"4":0,"5":0,"6":0,"7":0,"8":0,"9":0,"10":0,"11":0,"12":0,"13":0,"14":0,"15":0,"16":0,"17":0,"18":0,"19":0,"20":0,"21":0,"22":0,"23":0,"24":0,"25":0,"26":0,"27":0,"28":0,"29":0,"30":0,"31":0,"32":0,"33":0,"34":0,"35":0,"36":0,"37":0,"38":0,"39":0},"f":{"0":0,"1":0,"2":0,"3":0,"4":0,"5":0,"6":0},"b":{"0":[0,0],"1":[0,0],"2":[0,0]}}
,"/home/runner/work/devops/devops/frontend/src/pages/AddTask.js": {"path":"/home/runner/work/devops/devops/frontend/src/pages/AddTask.js","statementMap":{"0":{"start":{"line":16,"column":16},"end":{"line":193,"column":1}},"1":{"start":{"line":17,"column":17},"end":{"line":17,"column":28}},"2":{"start":{"line":18,"column":19},"end":{"line":18,"column":32}},"3":{"start":{"line":19,"column":34},"end":{"line":27,"column":4}},"4":{"start":{"line":28,"column":28},"end":{"line":28,"column":40}},"5":{"start":{"line":29,"column":32},"end":{"line":29,"column":47}},"6":{"start":{"line":35,"column":23},"end":{"line":38,"column":3}},"7":{"start":{"line":36,"column":28},"end":{"line":36,"column":36}},"8":{"start":{"line":37,"column":4},"end":{"line":37,"column":56}},"9":{"start":{"line":37,"column":27},"end":{"line":37,"column":53}},"10":{"start":{"line":44,"column":31},"end":{"line":46,"column":3}},"11":{"start":{"line":45,"column":4},"end":{"line":45,"column":81}},"12":{"start":{"line":45,"column":27},"end":{"line":45,"column":78}},"13":{"start":{"line":53,"column":23},"end":{"line":74,"column":3}},"14":{"start":{"line":54,"column":4},"end":{"line":54,"column":23}},"15":{"start":{"line":55,"column":4},"end":{"line":55,"column":17}},"16":{"start":{"line":56,"column":4},"end":{"line":56,"column":21}},"17":{"start":{"line":58,"column":4},"end":{"line":73,"column":5}},"18":{"start":{"line":59,"column":22},"end":{"line":62,"column":7}},"19":{"start":{"line":63,"column":6},"end":{"line":63,"column":59}},"20":{"start":{"line":64,"column":6},"end":{"line":64,"column":34}},"21":{"start":{"line":66,"column":6},"end":{"line":70,"column":8}},"22":{"start":{"line":72,"column":6},"end":{"line":72,"column":24}},"23":{"start":{"line":76,"column":2},"end":{"line":192,"column":4}},"24":{"start":{"line":184,"column":29},"end":{"line":184,"column":56}}},"fnMap":{"0":{"name":"(anonymous_0)","decl":{"start":{"line":16,"column":16},"end":{"line":16,"column":17}},"loc":{"start":{"line":16,"column":22},"end":{"line":193,"column":1}},"line":16},"1":{"name":"(anonymous_1)","decl":{"start":{"line":35,"column":23},"end":{"line":35,"column":24}},"loc":{"start":{"line":35,"column":30},"end":{"line":38,"column":3}},"line":35},"2":{"name":"(anonymous_2)","decl":{"start":{"line":37,"column":16},"end":{"line":37,"column":17}},"loc":{"start":{"line":37,"column":27},"end":{"line":37,"column":53}},"line":37},"3":{"name":"(anonymous_3)","decl":{"start":{"line":44,"column":31},"end":{"line":44,"column":32}},"loc":{"start":{"line":44,"column":38},"end":{"line":46,"column":3}},"line":44},"4":{"name":"(anonymous_4)","decl":{"start":{"line":45,"column":16},"end":{"line":45,"column":17}},"loc":{"start":{"line":45,"column":27},"end":{"line":45,"column":78}},"line":45},"5":{"name":"(anonymous_5)","decl":{"start":{"line":53,"column":23},"end":{"line":53,"column":24}},"loc":{"start":{"line":53,"column":36},"end":{"line":74,"column":3}},"line":53},"6":{"name":"(anonymous_6)","decl":{"start":{"line":184,"column":23},"end":{"line":184,"column":24}},"loc":{"start":{"line":184,"column":29},"end":{"line":184,"column":56}},"line":184}},"branchMap":{"0":{"loc":{"start":{"line":67,"column":8},"end":{"line":69,"column":32}},"type":"binary-expr","locations":[{"start":{"line":67,"column":8},"end":{"line":67,"column":34}},{"start":{"line":68,"column":8},"end":{"line":68,"column":35}},{"start":{"line":69,"column":8},"end":{"line":69,"column":32}}],"line":67},"1":{"loc":{"start":{"line":84,"column":9},"end":{"line":84,"column":63}},"type":"binary-expr","locations":[{"start":{"line":84,"column":9},"end":{"line":84,"column":14}},{"start":{"line":84,"column":18},"end":{"line":84,"column":63}}],"line":84},"2":{"loc":{"start":{"line":179,"column":15},"end":{"line":179,"column":49}},"type":"cond-expr","locations":[{"start":{"line":179,"column":25},"end":{"line":179,"column":36}},{"start":{"line":179,"column":39},"end":{"line":179,"column":49}}],"line":179}},"s":{"0":0,"1":0,"2":0,"3":0,"4":0,"5":0,"6":0,"7":0,"8":0,"9":0,"10":0,"11":0,"12":0,"13":0,"14":0,"15":0,"16":0,"17":0,"18":0,"19":0,"20":0,"21":0,"22":0,"23":0,"24":0},"f":{"0":0,"1":0,"2":0,"3":0,"4":0,"5":0,"6":0},"b":{"0":[0,0,0],"1":[0,0],"2":[0,0]}}
,"/home/runner/work/devops/devops/frontend/src/pages/CreateProject.js": {"path":"/home/runner/work/devops/devops/frontend/src/pages/CreateProject.js","statementMap":{"0":{"start":{"line":16,"column":22},"end":{"line":184,"column":1}},"1":{"start":{"line":17,"column":19},"end":{"line":17,"column":32}},"2":{"start":{"line":18,"column":34},"end":{"line":26,"column":4}},"3":{"start":{"line":27,"column":28},"end":{"line":27,"column":40}},"4":{"start":{"line":28,"column":32},"end":{"line":28,"column":47}},"5":{"start":{"line":34,"column":23},"end":{"line":37,"column":3}},"6":{"start":{"line":35,"column":28},"end":{"line":35,"column":36}},"7":{"start":{"line":36,"column":4},"end":{"line":36,"column":56}},"8":{"start":{"line":36,"column":27},"end":{"line":36,"column":53}},"9":{"start":{"line":44,"column":23},"end":{"line":65,"column":3}},"10":{"start":{"line":45,"column":4},"end":{"line":45,"column":23}},"11":{"start":{"line":46,"column":4},"end":{"line":46,"column":17}},"12":{"start":{"line":47,"column":4},"end":{"line":47,"column":21}},"13":{"start":{"line":49,"column":4},"end":{"line":64,"column":5}},"14":{"start":{"line":50,"column":22},"end":{"line":53,"column":7}},"15":{"start":{"line":54,"column":6},"end":{"line":54,"column":47}},"16":{"start":{"line":55,"column":6},"end":{"line":55,"column":29}},"17":{"start":{"line":57,"column":6},"end":{"line":61,"column":8}},"18":{"start":{"line":63,"column":6},"end":{"line":63,"column":24}},"19":{"start":{"line":67,"column":2},"end":{"line":183,"column":4}},"20":{"start":{"line":175,"column":29},"end":{"line":175,"column":51}}},"fnMap":{"0":{"name":"(anonymous_0)","decl":{"start":{"line":16,"column":22},"end":{"line":16,"column":23}},"loc":{"start":{"line":16,"column":28},"end":{"line":184,"column":1}},"line":16},"1":{"name":"(anonymous_1)","decl":{"start":{"line":34,"column":23},"end":{"line":34,"column":24}},"loc":{"start":{"line":34,"column":30},"end":{"line":37,"column":3}},"line":34},"2":{"name":"(anonymous_2)","decl":{"start":{"line":36,"column":16},"end":{"line":36,"column":17}},"loc":{"start":{"line":36,"column":27},"end":{"line":36,"column":53}},"line":36},"3":{"name":"(anonymous_3)","decl":{"start":{"line":44,"column":23},"end":{"line":44,"column":24}},"loc":{"start":{"line":44,"column":36},"end":{"line":65,"column":3}},"line":44},"4":{"name":"(anonymous_4)","decl":{"start":{"line":175,"column":23},"end":{"line":175,"column":24}},"loc":{"start":{"line":175,"column":29},"end":{"line":175,"column":51}},"line":175}},"branchMap":{"0":{"loc":{"start":{"line":52,"column":16},"end":{"line":52,"column":65}},"type":"cond-expr","locations":[{"start":{"line":52,"column":34},"end":{"line":52,"column":61}},{"start":{"line":52,"column":64},"end":{"line":52,"column":65}}],"line":52},"1":{"loc":{"start":{"line":58,"column":8},"end":{"line":60,"column":53}},"type":"binary-expr","locations":[{"start":{"line":58,"column":8},"end":{"line":58,"column":34}},{"start":{"line":59,"column":8},"end":{"line":59,"column":35}},{"start":{"line":60,"column":8},"end":{"line":60,"column":53}}],"line":58},"2":{"loc":{"start":{"line":75,"column":9},"end":{"line":75,"column":69}},"type":"binary-expr","locations":[{"start":{"line":75,"column":9},"end":{"line":75,"column":14}},{"start":{"line":75,"column":18},"end":{"line":75,"column":69}}],"line":75},"3":{"loc":{"start":{"line":170,"column":15},"end":{"line":170,"column":57}},"type":"cond-expr","locations":[{"start":{"line":170,"column":25},"end":{"line":170,"column":38}},{"start":{"line":170,"column":41},"end":{"line":170,"column":57}}],"line":170}},"s":{"0":0,"1":0,"2":0,"3":0,"4":0,"5":0,"6":0,"7":0,"8":0,"9":0,"10":0,"11":0,"12":0,"13":0,"14":0,"15":0,"16":0,"17":0,"18":0,"19":0,"20":0},"f":{"0":0,"1":0,"2":0,"3":0,"4":0},"b":{"0":[0,0],"1":[0,0,0],"2":[0,0],"3":[0,0]}}
,"/home/runner/work/devops/devops/frontend/src/pages/Dashboard.js": {"path":"/home/runner/work/devops/devops/frontend/src/pages/Dashboard.js","statementMap":{"0":{"start":{"line":17,"column":21},"end":{"line":26,"column":1}},"1":{"start":{"line":18,"column":2},"end":{"line":18,"column":43}},"2":{"start":{"line":18,"column":31},"end":{"line":18,"column":43}},"3":{"start":{"line":19,"column":2},"end":{"line":21,"column":3}},"4":{"start":{"line":20,"column":4},"end":{"line":20,"column":48}},"5":{"start":{"line":22,"column":2},"end":{"line":24,"column":3}},"6":{"start":{"line":23,"column":4},"end":{"line":23,"column":45}},"7":{"start":{"line":25,"column":2},"end":{"line":25,"column":22}},"8":{"start":{"line":33,"column":18},"end":{"line":139,"column":1}},"9":{"start":{"line":34,"column":34},"end":{"line":34,"column":46}},"10":{"start":{"line":35,"column":32},"end":{"line":35,"column":46}},"11":{"start":{"line":36,"column":28},"end":{"line":36,"column":40}},"12":{"start":{"line":41,"column":2},"end":{"line":56,"column":9}},"13":{"start":{"line":42,"column":26},"end":{"line":54,"column":5}},"14":{"start":{"line":43,"column":6},"end":{"line":53,"column":7}},"15":{"start":{"line":44,"column":25},"end":{"line":44,"column":55}},"16":{"start":{"line":45,"column":8},"end":{"line":45,"column":35}},"17":{"start":{"line":47,"column":8},"end":{"line":50,"column":10}},"18":{"start":{"line":52,"column":8},"end":{"line":52,"column":26}},"19":{"start":{"line":55,"column":4},"end":{"line":55,"column":20}},"20":{"start":{"line":59,"column":24},"end":{"line":59,"column":39}},"21":{"start":{"line":62,"column":26},"end":{"line":62,"column":83}},"22":{"start":{"line":62,"column":49},"end":{"line":62,"column":75}},"23":{"start":{"line":65,"column":25},"end":{"line":65,"column":80}},"24":{"start":{"line":65,"column":48},"end":{"line":65,"column":72}},"25":{"start":{"line":68,"column":22},"end":{"line":68,"column":75}},"26":{"start":{"line":68,"column":50},"end":{"line":68,"column":71}},"27":{"start":{"line":70,"column":2},"end":{"line":72,"column":3}},"28":{"start":{"line":71,"column":4},"end":{"line":71,"column":72}},"29":{"start":{"line":74,"column":2},"end":{"line":138,"column":4}},"30":{"start":{"line":133,"column":12},"end":{"line":133,"column":62}}},"fnMap":{"0":{"name":"(anonymous_0)","decl":{"start":{"line":17,"column":21},"end":{"line":17,"column":22}},"loc":{"start":{"line":17,"column":33},"end":{"line":26,"column":1}},"line":17},"1":{"name":"(anonymous_1)","decl":{"start":{"line":33,"column":18},"end":{"line":33,"column":19}},"loc":{"start":{"line":33,"column":24},"end":{"line":139,"column":1}},"line":33},"2":{"name":"(anonymous_2)","decl":{"start":{"line":41,"column":12},"end":{"line":41,"column":13}},"loc":{"start":{"line":41,"column":18},"end":{"line":56,"column":3}},"line":41},"3":{"name":"(anonymous_3)","decl":{"start":{"line":42,"column":26},"end":{"line":42,"column":27}},"loc":{"start":{"line":42,"column":38},"end":{"line":54,"column":5}},"line":42},"4":{"name":"(anonymous_4)","decl":{"start":{"line":62,"column":42},"end":{"line":62,"column":43}},"loc":{"start":{"line":62,"column":49},"end":{"line":62,"column":75}},"line":62},"5":{"name":"(anonymous_5)","decl":{"start":{"line":65,"column":41},"end":{"line":65,"column":42}},"loc":{"start":{"line":65,"column":48},"end":{"line":65,"column":72}},"line":65},"6":{"name":"(anonymous_6)","decl":{"start":{"line":68,"column":38},"end":{"line":68,"column":39}},"loc":{"start":{"line":68,"column":50},"end":{"line":68,"column":71}},"line":68},"7":{"name":"(anonymous_7)","decl":{"start":{"line":132,"column":24},"end":{"line":132,"column":25}},"loc":{"start":{"line":133,"column":12},"end":{"line":133,"column":62}},"line":133}},"branchMap":{"0":{"loc":{"start":{"line":18,"column":2},"end":{"line":18,"column":43}},"type":"if","locations":[{"start":{"line":18,"column":2},"end":{"line":18,"column":43}},{"start":{},"end":{}}],"line":18},"1":{"loc":{"start":{"line":18,"column":6},"end":{"line":18,"column":29}},"type":"binary-expr","locations":[{"start":{"line":18,"column":6},"end":{"line":18,"column":13}},{"start":{"line":18,"column":17},"end":{"line":18,"column":29}}],"line":18},"2":{"loc":{"start":{"line":19,"column":2},"end":{"line":21,"column":3}},"type":"if","locations":[{"start":{"line":19,"column":2},"end":{"line":21,"column":3}},{"start":{},"end":{}}],"line":19},"3":{"loc":{"start":{"line":22,"column":2},"end":{"line":24,"column":3}},"type":"if","locations":[{"start":{"line":22,"column":2},"end":{"line":24,"column":3}},{"start":{},"end":{}}],"line":22},"4":{"loc":{"start":{"line":48,"column":10},"end":{"line":49,"column":54}},"type":"binary-expr","locations":[{"start":{"line":48,"column":10},"end":{"line":48,"column":36}},{"start":{"line":49,"column":10},"end":{"line":49,"column":54}}],"line":48},"5":{"loc":{"start":{"line":68,"column":57},"end":{"line":68,"column":70}},"type":"binary-expr","locations":[{"start":{"line":68,"column":57},"end":{"line":68,"column":65}},{"start":{"line":68,"column":69},"end":{"line":68,"column":70}}],"line":68},"6":{"loc":{"start":{"line":70,"column":2},"end":{"line":72,"column":3}},"type":"if","locations":[{"start":{"line":70,"column":2},"end":{"line":72,"column":3}},{"start":{},"end":{}}],"line":70},"7":{"loc":{"start":{"line":81,"column":7},"end":{"line":81,"column":62}},"type":"binary-expr","locations":[{"start":{"line":81,"column":7},"end":{"line":81,"column":12}},{"start":{"line":81,"column":16},"end":{"line":81,"column":62}}],"line":81},"8":{"loc":{"start":{"line":121,"column":7},"end":{"line":136,"column":7}},"type":"cond-expr","locations":[{"start":{"line":122,"column":8},"end":{"line":129,"column":14}},{"start":{"line":131,"column":8},"end":{"line":135,"column":14}}],"line":121}},"s":{"0":0,"1":0,"2":0,"3":0,"4":0,"5":0,"6":0,"7":0,"8":0,"9":0,"10":0,"11":0,"12":0,"13":0,"14":0,"15":0,"16":0,"17":0,"18":0,"19":0,"20":0,"21":0,"22":0,"23":0,"24":0,"25":0,"26":0,"27":0,"28":0,"29":0,"30":0},"f":{"0":0,"1":0,"2":0,"3":0,"4":0,"5":0,"6":0,"7":0},"b":{"0":[0,0],"1":[0,0],"2":[0,0],"3":[0,0],"4":[0,0],"5":[0,0],"6":[0,0],"7":[0,0],"8":[0,0]}}
,"/home/runner/work/devops/devops/frontend/src/pages/EditProject.js": {"path":"/home/runner/work/devops/devops/frontend/src/pages/EditProject.js","statementMap":{"0":{"start":{"line":16,"column":20},"end":{"line":219,"column":1}},"1":{"start":{"line":17,"column":17},"end":{"line":17,"column":28}},"2":{"start":{"line":18,"column":19},"end":{"line":18,"column":32}},"3":{"start":{"line":19,"column":34},"end":{"line":27,"column":4}},"4":{"start":{"line":28,"column":32},"end":{"line":28,"column":46}},"5":{"start":{"line":29,"column":30},"end":{"line":29,"column":45}},"6":{"start":{"line":30,"column":28},"end":{"line":30,"column":40}},"7":{"start":{"line":35,"column":2},"end":{"line":59,"column":11}},"8":{"start":{"line":36,"column":25},"end":{"line":57,"column":5}},"9":{"start":{"line":37,"column":6},"end":{"line":56,"column":7}},"10":{"start":{"line":38,"column":25},"end":{"line":38,"column":61}},"11":{"start":{"line":39,"column":24},"end":{"line":39,"column":37}},"12":{"start":{"line":40,"column":8},"end":{"line":48,"column":11}},"13":{"start":{"line":50,"column":8},"end":{"line":53,"column":10}},"14":{"start":{"line":55,"column":8},"end":{"line":55,"column":26}},"15":{"start":{"line":58,"column":4},"end":{"line":58,"column":19}},"16":{"start":{"line":65,"column":23},"end":{"line":68,"column":3}},"17":{"start":{"line":66,"column":28},"end":{"line":66,"column":36}},"18":{"start":{"line":67,"column":4},"end":{"line":67,"column":56}},"19":{"start":{"line":67,"column":27},"end":{"line":67,"column":53}},"20":{"start":{"line":75,"column":23},"end":{"line":96,"column":3}},"21":{"start":{"line":76,"column":4},"end":{"line":76,"column":23}},"22":{"start":{"line":77,"column":4},"end":{"line":77,"column":17}},"23":{"start":{"line":78,"column":4},"end":{"line":78,"column":20}},"24":{"start":{"line":80,"column":4},"end":{"line":95,"column":5}},"25":{"start":{"line":81,"column":22},"end":{"line":84,"column":7}},"26":{"start":{"line":85,"column":6},"end":{"line":85,"column":52}},"27":{"start":{"line":86,"column":6},"end":{"line":86,"column":34}},"28":{"start":{"line":88,"column":6},"end":{"line":92,"column":8}},"29":{"start":{"line":94,"column":6},"end":{"line":94,"column":23}},"30":{"start":{"line":98,"column":2},"end":{"line":100,"column":3}},"31":{"start":{"line":99,"column":4},"end":{"line":99,"column":79}},"32":{"start":{"line":102,"column":2},"end":{"line":218,"column":4}},"33":{"start":{"line":210,"column":29},"end":{"line":210,"column":56}}},"fnMap":{"0":{"name":"(anonymous_0)","decl":{"start":{"line":16,"column":20},"end":{"line":16,"column":21}},"loc":{"start":{"line":16,"column":26},"end":{"line":219,"column":1}},"line":16},"1":{"name":"(anonymous_1)","decl":{"start":{"line":35,"column":12},"end":{"line":35,"column":13}},"loc":{"start":{"line":35,"column":18},"end":{"line":59,"column":3}},"line":35},"2":{"name":"(anonymous_2)","decl":{"start":{"line":36,"column":25},"end":{"line":36,"column":26}},"loc":{"start":{"line":36,"column":37},"end":{"line":57,"column":5}},"line":36},"3":{"name":"(anonymous_3)","decl":{"start":{"line":65,"column":23},"end":{"line":65,"column":24}},"loc":{"start":{"line":65,"column":30},"end":{"line":68,"column":3}},"line":65},"4":{"name":"(anonymous_4)","decl":{"start":{"line":67,"column":16},"end":{"line":67,"column":17}},"loc":{"start":{"line":67,"column":27},"end":{"line":67,"column":53}},"line":67},"5":{"name":"(anonymous_5)","decl":{"start":{"line":75,"column":23},"end":{"line":75,"column":24}},"loc":{"start":{"line":75,"column":36},"end":{"line":96,"column":3}},"line":75},"6":{"name":"(anonymous_6)","decl":{"start":{"line":210,"column":23},"end":{"line":210,"column":24}},"loc":{"start":{"line":210,"column":29},"end":{"line":210,"column":56}},"line":210}},"branchMap":{"0":{"loc":{"start":{"line":41,"column":16},"end":{"line":41,"column":34}},"type":"binary-expr","locations":[{"start":{"line":41,"column":16},"end":{"line":41,"column":28}},{"start":{"line":41,"column":32},"end":{"line":41,"column":34}}],"line":41},"1":{"loc":{"start":{"line":42,"column":23},"end":{"line":42,"column":48}},"type":"binary-expr","locations":[{"start":{"line":42,"column":23},"end":{"line":42,"column":42}},{"start":{"line":42,"column":46},"end":{"line":42,"column":48}}],"line":42},"2":{"loc":{"start":{"line":43,"column":20},"end":{"line":43,"column":42}},"type":"binary-expr","locations":[{"start":{"line":43,"column":20},"end":{"line":43,"column":36}},{"start":{"line":43,"column":40},"end":{"line":43,"column":42}}],"line":43},"3":{"loc":{"start":{"line":44,"column":21},"end":{"line":44,"column":77}},"type":"cond-expr","locations":[{"start":{"line":44,"column":41},"end":{"line":44,"column":72}},{"start":{"line":44,"column":75},"end":{"line":44,"column":77}}],"line":44},"4":{"loc":{"start":{"line":45,"column":27},"end":{"line":45,"column":95}},"type":"cond-expr","locations":[{"start":{"line":45,"column":53},"end":{"line":45,"column":90}},{"start":{"line":45,"column":93},"end":{"line":45,"column":95}}],"line":45},"5":{"loc":{"start":{"line":46,"column":18},"end":{"line":46,"column":38}},"type":"binary-expr","locations":[{"start":{"line":46,"column":18},"end":{"line":46,"column":32}},{"start":{"line":46,"column":36},"end":{"line":46,"column":38}}],"line":46},"6":{"loc":{"start":{"line":47,"column":18},"end":{"line":47,"column":46}},"type":"binary-expr","locations":[{"start":{"line":47,"column":18},"end":{"line":47,"column":32}},{"start":{"line":47,"column":36},"end":{"line":47,"column":46}}],"line":47},"7":{"loc":{"start":{"line":51,"column":10},"end":{"line":52,"column":40}},"type":"binary-expr","locations":[{"start":{"line":51,"column":10},"end":{"line":51,"column":36}},{"start":{"line":52,"column":10},"end":{"line":52,"column":40}}],"line":51},"8":{"loc":{"start":{"line":83,"column":16},"end":{"line":83,"column":65}},"type":"cond-expr","locations":[{"start":{"line":83,"column":34},"end":{"line":83,"column":61}},{"start":{"line":83,"column":64},"end":{"line":83,"column":65}}],"line":83},"9":{"loc":{"start":{"line":89,"column":8},"end":{"line":91,"column":35}},"type":"binary-expr","locations":[{"start":{"line":89,"column":8},"end":{"line":89,"column":34}},{"start":{"line":90,"column":8},"end":{"line":90,"column":35}},{"start":{"line":91,"column":8},"end":{"line":91,"column":35}}],"line":89},"10":{"loc":{"start":{"line":98,"column":2},"end":{"line":100,"column":3}},"type":"if","locations":[{"start":{"line":98,"column":2},"end":{"line":100,"column":3}},{"start":{},"end":{}}],"line":98},"11":{"loc":{"start":{"line":110,"column":9},"end":{"line":110,"column":67}},"type":"binary-expr","locations":[{"start":{"line":110,"column":9},"end":{"line":110,"column":14}},{"start":{"line":110,"column":18},"end":{"line":110,"column":67}}],"line":110},"12":{"loc":{"start":{"line":205,"column":15},"end":{"line":205,"column":52}},"type":"cond-expr","locations":[{"start":{"line":205,"column":24},"end":{"line":205,"column":35}},{"start":{"line":205,"column":38},"end":{"line":205,"column":52}}],"line":205}},"s":{"0":0,"1":0,"2":0,"3":0,"4":0,"5":0,"6":0,"7":0,"8":0,"9":0,"10":0,"11":0,"12":0,"13":0,"14":0,"15":0,"16":0,"17":0,"18":0,"19":0,"20":0,"21":0,"22":0,"23":0,"24":0,"25":0,"26":0,"27":0,"28":0,"29":0,"30":0,"31":0,"32":0,"33":0},"f":{"0":0,"1":0,"2":0,"3":0,"4":0,"5":0,"6":0},"b":{"0":[0,0],"1":[0,0],"2":[0,0],"3":[0,0],"4":[0,0],"5":[0,0],"6":[0,0],"7":[0,0],"8":[0,0],"9":[0,0,0],"10":[0,0],"11":[0,0],"12":[0,0]}}
,"/home/runner/work/devops/devops/frontend/src/pages/EditTask.js": {"path":"/home/runner/work/devops/devops/frontend/src/pages/EditTask.js","statementMap":{"0":{"start":{"line":17,"column":17},"end":{"line":232,"column":1}},"1":{"start":{"line":18,"column":25},"end":{"line":18,"column":36}},"2":{"start":{"line":19,"column":19},"end":{"line":19,"column":32}},"3":{"start":{"line":20,"column":34},"end":{"line":28,"column":4}},"4":{"start":{"line":29,"column":32},"end":{"line":29,"column":46}},"5":{"start":{"line":30,"column":30},"end":{"line":30,"column":45}},"6":{"start":{"line":31,"column":28},"end":{"line":31,"column":40}},"7":{"start":{"line":36,"column":2},"end":{"line":64,"column":19}},"8":{"start":{"line":37,"column":22},"end":{"line":62,"column":5}},"9":{"start":{"line":38,"column":6},"end":{"line":61,"column":7}},"10":{"start":{"line":39,"column":25},"end":{"line":39,"column":67}},"11":{"start":{"line":40,"column":21},"end":{"line":40,"column":79}},"12":{"start":{"line":40,"column":47},"end":{"line":40,"column":78}},"13":{"start":{"line":41,"column":8},"end":{"line":53,"column":9}},"14":{"start":{"line":42,"column":10},"end":{"line":50,"column":13}},"15":{"start":{"line":52,"column":10},"end":{"line":52,"column":38}},"16":{"start":{"line":55,"column":8},"end":{"line":58,"column":10}},"17":{"start":{"line":60,"column":8},"end":{"line":60,"column":26}},"18":{"start":{"line":63,"column":4},"end":{"line":63,"column":16}},"19":{"start":{"line":70,"column":23},"end":{"line":73,"column":3}},"20":{"start":{"line":71,"column":28},"end":{"line":71,"column":36}},"21":{"start":{"line":72,"column":4},"end":{"line":72,"column":56}},"22":{"start":{"line":72,"column":27},"end":{"line":72,"column":53}},"23":{"start":{"line":79,"column":31},"end":{"line":81,"column":3}},"24":{"start":{"line":80,"column":4},"end":{"line":80,"column":81}},"25":{"start":{"line":80,"column":27},"end":{"line":80,"column":78}},"26":{"start":{"line":88,"column":23},"end":{"line":109,"column":3}},"27":{"start":{"line":89,"column":4},"end":{"line":89,"column":23}},"28":{"start":{"line":90,"column":4},"end":{"line":90,"column":17}},"29":{"start":{"line":91,"column":4},"end":{"line":91,"column":20}},"30":{"start":{"line":93,"column":4},"end":{"line":108,"column":5}},"31":{"start":{"line":94,"column":22},"end":{"line":97,"column":7}},"32":{"start":{"line":98,"column":6},"end":{"line":98,"column":68}},"33":{"start":{"line":99,"column":6},"end":{"line":99,"column":34}},"34":{"start":{"line":101,"column":6},"end":{"line":105,"column":8}},"35":{"start":{"line":107,"column":6},"end":{"line":107,"column":23}},"36":{"start":{"line":111,"column":2},"end":{"line":113,"column":3}},"37":{"start":{"line":112,"column":4},"end":{"line":112,"column":73}},"38":{"start":{"line":115,"column":2},"end":{"line":231,"column":4}},"39":{"start":{"line":223,"column":29},"end":{"line":223,"column":56}}},"fnMap":{"0":{"name":"(anonymous_0)","decl":{"start":{"line":17,"column":17},"end":{"line":17,"column":18}},"loc":{"start":{"line":17,"column":23},"end":{"line":232,"column":1}},"line":17},"1":{"name":"(anonymous_1)","decl":{"start":{"line":36,"column":12},"end":{"line":36,"column":13}},"loc":{"start":{"line":36,"column":18},"end":{"line":64,"column":3}},"line":36},"2":{"name":"(anonymous_2)","decl":{"start":{"line":37,"column":22},"end":{"line":37,"column":23}},"loc":{"start":{"line":37,"column":34},"end":{"line":62,"column":5}},"line":37},"3":{"name":"(anonymous_3)","decl":{"start":{"line":40,"column":40},"end":{"line":40,"column":41}},"loc":{"start":{"line":40,"column":47},"end":{"line":40,"column":78}},"line":40},"4":{"name":"(anonymous_4)","decl":{"start":{"line":70,"column":23},"end":{"line":70,"column":24}},"loc":{"start":{"line":70,"column":30},"end":{"line":73,"column":3}},"line":70},"5":{"name":"(anonymous_5)","decl":{"start":{"line":72,"column":16},"end":{"line":72,"column":17}},"loc":{"start":{"line":72,"column":27},"end":{"line":72,"column":53}},"line":72},"6":{"name":"(anonymous_6)","decl":{"start":{"line":79,"column":31},"end":{"line":79,"column":32}},"loc":{"start":{"line":79,"column":38},"end":{"line":81,"column":3}},"line":79},"7":{"name":"(anonymous_7)","decl":{"start":{"line":80,"column":16},"end":{"line":80,"column":17}},"loc":{"start":{"line":80,"column":27},"end":{"line":80,"column":78}},"line":80},"8":{"name":"(anonymous_8)","decl":{"start":{"line":88,"column":23},"end":{"line":88,"column":24}},"loc":{"start":{"line":88,"column":36},"end":{"line":109,"column":3}},"line":88},"9":{"name":"(anonymous_9)","decl":{"start":{"line":223,"column":23},"end":{"line":223,"column":24}},"loc":{"start":{"line":223,"column":29},"end":{"line":223,"column":56}},"line":223}},"branchMap":{"0":{"loc":{"start":{"line":41,"column":8},"end":{"line":53,"column":9}},"type":"if","locations":[{"start":{"line":41,"column":8},"end":{"line":53,"column":9}},{"start":{"line":51,"column":15},"end":{"line":53,"column":9}}],"line":41},"1":{"loc":{"start":{"line":43,"column":19},"end":{"line":43,"column":35}},"type":"binary-expr","locations":[{"start":{"line":43,"column":19},"end":{"line":43,"column":29}},{"start":{"line":43,"column":33},"end":{"line":43,"column":35}}],"line":43},"2":{"loc":{"start":{"line":44,"column":25},"end":{"line":44,"column":47}},"type":"binary-expr","locations":[{"start":{"line":44,"column":25},"end":{"line":44,"column":41}},{"start":{"line":44,"column":45},"end":{"line":44,"column":47}}],"line":44},"3":{"loc":{"start":{"line":45,"column":24},"end":{"line":45,"column":45}},"type":"binary-expr","locations":[{"start":{"line":45,"column":24},"end":{"line":45,"column":39}},{"start":{"line":45,"column":43},"end":{"line":45,"column":45}}],"line":45},"4":{"loc":{"start":{"line":46,"column":21},"end":{"line":46,"column":67}},"type":"cond-expr","locations":[{"start":{"line":46,"column":36},"end":{"line":46,"column":62}},{"start":{"line":46,"column":65},"end":{"line":46,"column":67}}],"line":46},"5":{"loc":{"start":{"line":47,"column":20},"end":{"line":47,"column":44}},"type":"binary-expr","locations":[{"start":{"line":47,"column":20},"end":{"line":47,"column":31}},{"start":{"line":47,"column":35},"end":{"line":47,"column":44}}],"line":47},"6":{"loc":{"start":{"line":48,"column":22},"end":{"line":48,"column":40}},"type":"binary-expr","locations":[{"start":{"line":48,"column":22},"end":{"line":48,"column":35}},{"start":{"line":48,"column":39},"end":{"line":48,"column":40}}],"line":48},"7":{"loc":{"start":{"line":49,"column":19},"end":{"line":49,"column":35}},"type":"binary-expr","locations":[{"start":{"line":49,"column":19},"end":{"line":49,"column":29}},{"start":{"line":49,"column":33},"end":{"line":49,"column":35}}],"line":49},"8":{"loc":{"start":{"line":56,"column":10},"end":{"line":57,"column":37}},"type":"binary-expr","locations":[{"start":{"line":56,"column":10},"end":{"line":56,"column":36}},{"start":{"line":57,"column":10},"end":{"line":57,"column":37}}],"line":56},"9":{"loc":{"start":{"line":102,"column":8},"end":{"line":104,"column":32}},"type":"binary-expr","locations":[{"start":{"line":102,"column":8},"end":{"line":102,"column":34}},{"start":{"line":103,"column":8},"end":{"line":103,"column":35}},{"start":{"line":104,"column":8},"end":{"line":104,"column":32}}],"line":102},"10":{"loc":{"start":{"line":111,"column":2},"end":{"line":113,"column":3}},"type":"if","locations":[{"start":{"line":111,"column":2},"end":{"line":113,"column":3}},{"start":{},"end":{}}],"line":111},"11":{"loc":{"start":{"line":123,"column":9},"end":{"line":123,"column":64}},"type":"binary-expr","locations":[{"start":{"line":123,"column":9},"end":{"line":123,"column":14}},{"start":{"line":123,"column":18},"end":{"line":123,"column":64}}],"line":123},"12":{"loc":{"start":{"line":218,"column":15},"end":{"line":218,"column":52}},"type":"cond-expr","locations":[{"start":{"line":218,"column":24},"end":{"line":218,"column":35}},{"start":{"line":218,"column":38},"end":{"line":218,"column":52}}],"line":218}},"s":{"0":0,"1":0,"2":0,"3":0,"4":0,"5":0,"6":0,"7":0,"8":0,"9":0,"10":0,"11":0,"12":0,"13":0,"14":0,"15":0,"16":0,"17":0,"18":0,"19":0,"20":0,"21":0,"22":0,"23":0,"24":0,"25":0,"26":0,"27":0,"28":0,"29":0,"30":0,"31":0,"32":0,"33":0,"34":0,"35":0,"36":0,"37":0,"38":0,"39":0},"f":{"0":0,"1":0,"2":0,"3":0,"4":0,"5":0,"6":0,"7":0,"8":0,"9":0},"b":{"0":[0,0],"1":[0,0],"2":[0,0],"3":[0,0],"4":[0,0],"5":[0,0],"6":[0,0],"7":[0,0],"8":[0,0],"9":[0,0,0],"10":[0,0],"11":[0,0],"12":[0,0]}}
,"/home/runner/work/devops/devops/frontend/src/pages/Login.js": {"path":"/home/runner/work/devops/devops/frontend/src/pages/Login.js","statementMap":{"0":{"start":{"line":18,"column":14},"end":{"line":148,"column":1}},"1":{"start":{"line":19,"column":34},"end":{"line":19,"column":46}},"2":{"start":{"line":20,"column":34},"end":{"line":20,"column":46}},"3":{"start":{"line":21,"column":28},"end":{"line":21,"column":40}},"4":{"start":{"line":22,"column":32},"end":{"line":22,"column":47}},"5":{"start":{"line":23,"column":20},"end":{"line":23,"column":29}},"6":{"start":{"line":24,"column":19},"end":{"line":24,"column":32}},"7":{"start":{"line":31,"column":23},"end":{"line":47,"column":3}},"8":{"start":{"line":32,"column":4},"end":{"line":32,"column":23}},"9":{"start":{"line":33,"column":4},"end":{"line":33,"column":17}},"10":{"start":{"line":34,"column":4},"end":{"line":34,"column":21}},"11":{"start":{"line":35,"column":4},"end":{"line":46,"column":5}},"12":{"start":{"line":36,"column":6},"end":{"line":36,"column":38}},"13":{"start":{"line":37,"column":6},"end":{"line":37,"column":29}},"14":{"start":{"line":39,"column":6},"end":{"line":43,"column":8}},"15":{"start":{"line":45,"column":6},"end":{"line":45,"column":24}},"16":{"start":{"line":53,"column":26},"end":{"line":68,"column":3}},"17":{"start":{"line":54,"column":4},"end":{"line":54,"column":17}},"18":{"start":{"line":55,"column":4},"end":{"line":55,"column":21}},"19":{"start":{"line":56,"column":4},"end":{"line":67,"column":5}},"20":{"start":{"line":57,"column":6},"end":{"line":57,"column":52}},"21":{"start":{"line":58,"column":6},"end":{"line":58,"column":29}},"22":{"start":{"line":60,"column":6},"end":{"line":64,"column":8}},"23":{"start":{"line":66,"column":6},"end":{"line":66,"column":24}},"24":{"start":{"line":70,"column":2},"end":{"line":147,"column":4}},"25":{"start":{"line":100,"column":33},"end":{"line":100,"column":60}},"26":{"start":{"line":112,"column":33},"end":{"line":112,"column":60}}},"fnMap":{"0":{"name":"(anonymous_0)","decl":{"start":{"line":18,"column":14},"end":{"line":18,"column":15}},"loc":{"start":{"line":18,"column":20},"end":{"line":148,"column":1}},"line":18},"1":{"name":"(anonymous_1)","decl":{"start":{"line":31,"column":23},"end":{"line":31,"column":24}},"loc":{"start":{"line":31,"column":36},"end":{"line":47,"column":3}},"line":31},"2":{"name":"(anonymous_2)","decl":{"start":{"line":53,"column":26},"end":{"line":53,"column":27}},"loc":{"start":{"line":53,"column":38},"end":{"line":68,"column":3}},"line":53},"3":{"name":"(anonymous_3)","decl":{"start":{"line":100,"column":26},"end":{"line":100,"column":27}},"loc":{"start":{"line":100,"column":33},"end":{"line":100,"column":60}},"line":100},"4":{"name":"(anonymous_4)","decl":{"start":{"line":112,"column":26},"end":{"line":112,"column":27}},"loc":{"start":{"line":112,"column":33},"end":{"line":112,"column":60}},"line":112}},"branchMap":{"0":{"loc":{"start":{"line":40,"column":8},"end":{"line":42,"column":54}},"type":"binary-expr","locations":[{"start":{"line":40,"column":8},"end":{"line":40,"column":34}},{"start":{"line":41,"column":8},"end":{"line":41,"column":35}},{"start":{"line":42,"column":8},"end":{"line":42,"column":54}}],"line":40},"1":{"loc":{"start":{"line":61,"column":8},"end":{"line":63,"column":46}},"type":"binary-expr","locations":[{"start":{"line":61,"column":8},"end":{"line":61,"column":34}},{"start":{"line":62,"column":8},"end":{"line":62,"column":35}},{"start":{"line":63,"column":8},"end":{"line":63,"column":46}}],"line":61},"2":{"loc":{"start":{"line":90,"column":11},"end":{"line":90,"column":62}},"type":"binary-expr","locations":[{"start":{"line":90,"column":11},"end":{"line":90,"column":16}},{"start":{"line":90,"column":20},"end":{"line":90,"column":62}}],"line":90},"3":{"loc":{"start":{"line":118,"column":15},"end":{"line":118,"column":52}},"type":"cond-expr","locations":[{"start":{"line":118,"column":25},"end":{"line":118,"column":40}},{"start":{"line":118,"column":43},"end":{"line":118,"column":52}}],"line":118},"4":{"loc":{"start":{"line":133,"column":15},"end":{"line":133,"column":62}},"type":"cond-expr","locations":[{"start":{"line":133,"column":25},"end":{"line":133,"column":40}},{"start":{"line":133,"column":43},"end":{"line":133,"column":62}}],"line":133}},"s":{"0":0,"1":0,"2":0,"3":0,"4":0,"5":0,"6":0,"7":0,"8":0,"9":0,"10":0,"11":0,"12":0,"13":0,"14":0,"15":0,"16":0,"17":0,"18":0,"19":0,"20":0,"21":0,"22":0,"23":0,"24":0,"25":0,"26":0},"f":{"0":0,"1":0,"2":0,"3":0,"4":0},"b":{"0":[0,0,0],"1":[0,0,0],"2":[0,0],"3":[0,0],"4":[0,0]}}
,"/home/runner/work/devops/devops/frontend/src/pages/ProjectDetail.js": {"path":"/home/runner/work/devops/devops/frontend/src/pages/ProjectDetail.js","statementMap":{"0":{"start":{"line":17,"column":21},"end":{"line":25,"column":1}},"1":{"start":{"line":18,"column":2},"end":{"line":18,"column":43}},"2":{"start":{"line":18,"column":31},"end":{"line":18,"column":43}},"3":{"start":{"line":19,"column":2},"end":{"line":24,"column":20}},"4":{"start":{"line":32,"column":19},"end":{"line":39,"column":1}},"5":{"start":{"line":33,"column":2},"end":{"line":33,"column":33}},"6":{"start":{"line":33,"column":16},"end":{"line":33,"column":33}},"7":{"start":{"line":34,"column":2},"end":{"line":38,"column":5}},"8":{"start":{"line":46,"column":21},"end":{"line":49,"column":1}},"9":{"start":{"line":47,"column":2},"end":{"line":47,"column":32}},"10":{"start":{"line":47,"column":15},"end":{"line":47,"column":32}},"11":{"start":{"line":48,"column":2},"end":{"line":48,"column":35}},"12":{"start":{"line":56,"column":22},"end":{"line":286,"column":1}},"13":{"start":{"line":57,"column":17},"end":{"line":57,"column":28}},"14":{"start":{"line":58,"column":19},"end":{"line":58,"column":32}},"15":{"start":{"line":59,"column":32},"end":{"line":59,"column":46}},"16":{"start":{"line":60,"column":28},"end":{"line":60,"column":40}},"17":{"start":{"line":61,"column":32},"end":{"line":61,"column":46}},"18":{"start":{"line":62,"column":28},"end":{"line":62,"column":40}},"19":{"start":{"line":67,"column":20},"end":{"line":83,"column":10}},"20":{"start":{"line":68,"column":4},"end":{"line":82,"column":5}},"21":{"start":{"line":69,"column":37},"end":{"line":72,"column":8}},"22":{"start":{"line":73,"column":6},"end":{"line":73,"column":34}},"23":{"start":{"line":74,"column":6},"end":{"line":74,"column":30}},"24":{"start":{"line":76,"column":6},"end":{"line":79,"column":8}},"25":{"start":{"line":81,"column":6},"end":{"line":81,"column":24}},"26":{"start":{"line":85,"column":2},"end":{"line":87,"column":18}},"27":{"start":{"line":86,"column":4},"end":{"line":86,"column":16}},"28":{"start":{"line":93,"column":30},"end":{"line":106,"column":3}},"29":{"start":{"line":94,"column":4},"end":{"line":96,"column":5}},"30":{"start":{"line":95,"column":6},"end":{"line":95,"column":13}},"31":{"start":{"line":97,"column":4},"end":{"line":105,"column":5}},"32":{"start":{"line":98,"column":6},"end":{"line":98,"column":46}},"33":{"start":{"line":99,"column":6},"end":{"line":99,"column":29}},"34":{"start":{"line":101,"column":6},"end":{"line":104,"column":8}},"35":{"start":{"line":113,"column":27},"end":{"line":126,"column":3}},"36":{"start":{"line":114,"column":4},"end":{"line":116,"column":5}},"37":{"start":{"line":115,"column":6},"end":{"line":115,"column":13}},"38":{"start":{"line":117,"column":4},"end":{"line":125,"column":5}},"39":{"start":{"line":118,"column":6},"end":{"line":118,"column":62}},"40":{"start":{"line":119,"column":6},"end":{"line":119,"column":18}},"41":{"start":{"line":121,"column":6},"end":{"line":124,"column":8}},"42":{"start":{"line":128,"column":2},"end":{"line":130,"column":3}},"43":{"start":{"line":129,"column":4},"end":{"line":129,"column":84}},"44":{"start":{"line":132,"column":2},"end":{"line":134,"column":3}},"45":{"start":{"line":133,"column":4},"end":{"line":133,"column":63}},"46":{"start":{"line":136,"column":2},"end":{"line":138,"column":3}},"47":{"start":{"line":137,"column":4},"end":{"line":137,"column":74}},"48":{"start":{"line":140,"column":2},"end":{"line":285,"column":4}},"49":{"start":{"line":142,"column":61},"end":{"line":142,"column":83}},"50":{"start":{"line":162,"column":29},"end":{"line":162,"column":61}},"51":{"start":{"line":224,"column":27},"end":{"line":224,"column":64}},"52":{"start":{"line":237,"column":14},"end":{"line":279,"column":20}},"53":{"start":{"line":267,"column":37},"end":{"line":267,"column":86}},"54":{"start":{"line":273,"column":37},"end":{"line":273,"column":62}}},"fnMap":{"0":{"name":"(anonymous_0)","decl":{"start":{"line":17,"column":21},"end":{"line":17,"column":22}},"loc":{"start":{"line":17,"column":33},"end":{"line":25,"column":1}},"line":17},"1":{"name":"(anonymous_1)","decl":{"start":{"line":32,"column":19},"end":{"line":32,"column":20}},"loc":{"start":{"line":32,"column":32},"end":{"line":39,"column":1}},"line":32},"2":{"name":"(anonymous_2)","decl":{"start":{"line":46,"column":21},"end":{"line":46,"column":22}},"loc":{"start":{"line":46,"column":33},"end":{"line":49,"column":1}},"line":46},"3":{"name":"(anonymous_3)","decl":{"start":{"line":56,"column":22},"end":{"line":56,"column":23}},"loc":{"start":{"line":56,"column":28},"end":{"line":286,"column":1}},"line":56},"4":{"name":"(anonymous_4)","decl":{"start":{"line":67,"column":32},"end":{"line":67,"column":33}},"loc":{"start":{"line":67,"column":44},"end":{"line":83,"column":3}},"line":67},"5":{"name":"(anonymous_5)","decl":{"start":{"line":85,"column":12},"end":{"line":85,"column":13}},"loc":{"start":{"line":85,"column":18},"end":{"line":87,"column":3}},"line":85},"6":{"name":"(anonymous_6)","decl":{"start":{"line":93,"column":30},"end":{"line":93,"column":31}},"loc":{"start":{"line":93,"column":42},"end":{"line":106,"column":3}},"line":93},"7":{"name":"(anonymous_7)","decl":{"start":{"line":113,"column":27},"end":{"line":113,"column":28}},"loc":{"start":{"line":113,"column":45},"end":{"line":126,"column":3}},"line":113},"8":{"name":"(anonymous_8)","decl":{"start":{"line":142,"column":55},"end":{"line":142,"column":56}},"loc":{"start":{"line":142,"column":61},"end":{"line":142,"column":83}},"line":142},"9":{"name":"(anonymous_9)","decl":{"start":{"line":162,"column":23},"end":{"line":162,"column":24}},"loc":{"start":{"line":162,"column":29},"end":{"line":162,"column":61}},"line":162},"10":{"name":"(anonymous_10)","decl":{"start":{"line":224,"column":21},"end":{"line":224,"column":22}},"loc":{"start":{"line":224,"column":27},"end":{"line":224,"column":64}},"line":224},"11":{"name":"(anonymous_11)","decl":{"start":{"line":236,"column":23},"end":{"line":236,"column":24}},"loc":{"start":{"line":237,"column":14},"end":{"line":279,"column":20}},"line":237},"12":{"name":"(anonymous_12)","decl":{"start":{"line":267,"column":31},"end":{"line":267,"column":32}},"loc":{"start":{"line":267,"column":37},"end":{"line":267,"column":86}},"line":267},"13":{"name":"(anonymous_13)","decl":{"start":{"line":273,"column":31},"end":{"line":273,"column":32}},"loc":{"start":{"line":273,"column":37},"end":{"line":273,"column":62}},"line":273}},"branchMap":{"0":{"loc":{"start":{"line":18,"column":2},"end":{"line":18,"column":43}},"type":"if","locations":[{"start":{"line":18,"column":2},"end":{"line":18,"column":43}},{"start":{},"end":{}}],"line":18},"1":{"loc":{"start":{"line":18,"column":6},"end":{"line":18,"column":29}},"type":"binary-expr","locations":[{"start":{"line":18,"column":6},"end":{"line":18,"column":13}},{"start":{"line":18,"column":17},"end":{"line":18,"column":29}}],"line":18},"2":{"loc":{"start":{"line":33,"column":2},"end":{"line":33,"column":33}},"type":"if","locations":[{"start":{"line":33,"column":2},"end":{"line":33,"column":33}},{"start":{},"end":{}}],"line":33},"3":{"loc":{"start":{"line":47,"column":2},"end":{"line":47,"column":32}},"type":"if","locations":[{"start":{"line":47,"column":2},"end":{"line":47,"column":32}},{"start":{},"end":{}}],"line":47},"4":{"loc":{"start":{"line":77,"column":8},"end":{"line":78,"column":41}},"type":"binary-expr","locations":[{"start":{"line":77,"column":8},"end":{"line":77,"column":34}},{"start":{"line":78,"column":8},"end":{"line":78,"column":41}}],"line":77},"5":{"loc":{"start":{"line":94,"column":4},"end":{"line":96,"column":5}},"type":"if","locations":[{"start":{"line":94,"column":4},"end":{"line":96,"column":5}},{"start":{},"end":{}}],"line":94},"6":{"loc":{"start":{"line":102,"column":8},"end":{"line":103,"column":35}},"type":"binary-expr","locations":[{"start":{"line":102,"column":8},"end":{"line":102,"column":34}},{"start":{"line":103,"column":8},"end":{"line":103,"column":35}}],"line":102},"7":{"loc":{"start":{"line":114,"column":4},"end":{"line":116,"column":5}},"type":"if","locations":[{"start":{"line":114,"column":4},"end":{"line":116,"column":5}},{"start":{},"end":{}}],"line":114},"8":{"loc":{"start":{"line":122,"column":8},"end":{"line":123,"column":32}},"type":"binary-expr","locations":[{"start":{"line":122,"column":8},"end":{"line":122,"column":34}},{"start":{"line":123,"column":8},"end":{"line":123,"column":32}}],"line":122},"9":{"loc":{"start":{"line":128,"column":2},"end":{"line":130,"column":3}},"type":"if","locations":[{"start":{"line":128,"column":2},"end":{"line":130,"column":3}},{"start":{},"end":{}}],"line":128},"10":{"loc":{"start":{"line":132,"column":2},"end":{"line":134,"column":3}},"type":"if","locations":[{"start":{"line":132,"column":2},"end":{"line":134,"column":3}},{"start":{},"end":{}}],"line":132},"11":{"loc":{"start":{"line":132,"column":6},"end":{"line":132,"column":23}},"type":"binary-expr","locations":[{"start":{"line":132,"column":6},"end":{"line":132,"column":11}},{"start":{"line":132,"column":15},"end":{"line":132,"column":23}}],"line":132},"12":{"loc":{"start":{"line":136,"column":2},"end":{"line":138,"column":3}},"type":"if","locations":[{"start":{"line":136,"column":2},"end":{"line":138,"column":3}},{"start":{},"end":{}}],"line":136},"13":{"loc":{"start":{"line":146,"column":7},"end":{"line":146,"column":96}},"type":"binary-expr","locations":[{"start":{"line":146,"column":7},"end":{"line":146,"column":12}},{"start":{"line":146,"column":16},"end":{"line":146,"column":96}}],"line":146},"14":{"loc":{"start":{"line":153,"column":15},"end":{"line":153,"column":52}},"type":"binary-expr","locations":[{"start":{"line":153,"column":15},"end":{"line":153,"column":31}},{"start":{"line":153,"column":35},"end":{"line":153,"column":52}}],"line":153},"15":{"loc":{"start":{"line":179,"column":15},"end":{"line":179,"column":43}},"type":"binary-expr","locations":[{"start":{"line":179,"column":15},"end":{"line":179,"column":38}},{"start":{"line":179,"column":42},"end":{"line":179,"column":43}}],"line":179},"16":{"loc":{"start":{"line":185,"column":33},"end":{"line":185,"column":61}},"type":"binary-expr","locations":[{"start":{"line":185,"column":33},"end":{"line":185,"column":56}},{"start":{"line":185,"column":60},"end":{"line":185,"column":61}}],"line":185},"17":{"loc":{"start":{"line":206,"column":15},"end":{"line":206,"column":46}},"type":"binary-expr","locations":[{"start":{"line":206,"column":15},"end":{"line":206,"column":41}},{"start":{"line":206,"column":45},"end":{"line":206,"column":46}}],"line":206},"18":{"loc":{"start":{"line":206,"column":51},"end":{"line":206,"column":73}},"type":"binary-expr","locations":[{"start":{"line":206,"column":51},"end":{"line":206,"column":68}},{"start":{"line":206,"column":72},"end":{"line":206,"column":73}}],"line":206},"19":{"loc":{"start":{"line":211,"column":9},"end":{"line":216,"column":9}},"type":"binary-expr","locations":[{"start":{"line":211,"column":9},"end":{"line":211,"column":28}},{"start":{"line":212,"column":10},"end":{"line":215,"column":16}}],"line":211},"20":{"loc":{"start":{"line":230,"column":9},"end":{"line":282,"column":9}},"type":"cond-expr","locations":[{"start":{"line":231,"column":10},"end":{"line":233,"column":16}},{"start":{"line":235,"column":10},"end":{"line":281,"column":16}}],"line":230},"21":{"loc":{"start":{"line":241,"column":21},"end":{"line":243,"column":21}},"type":"binary-expr","locations":[{"start":{"line":241,"column":21},"end":{"line":241,"column":36}},{"start":{"line":242,"column":22},"end":{"line":242,"column":96}}],"line":241},"22":{"loc":{"start":{"line":254,"column":41},"end":{"line":254,"column":59}},"type":"binary-expr","locations":[{"start":{"line":254,"column":41},"end":{"line":254,"column":54}},{"start":{"line":254,"column":58},"end":{"line":254,"column":59}}],"line":254},"23":{"loc":{"start":{"line":261,"column":37},"end":{"line":261,"column":55}},"type":"binary-expr","locations":[{"start":{"line":261,"column":37},"end":{"line":261,"column":50}},{"start":{"line":261,"column":54},"end":{"line":261,"column":55}}],"line":261},"24":{"loc":{"start":{"line":262,"column":21},"end":{"line":262,"column":81}},"type":"binary-expr","locations":[{"start":{"line":262,"column":21},"end":{"line":262,"column":33}},{"start":{"line":262,"column":37},"end":{"line":262,"column":81}}],"line":262}},"s":{"0":0,"1":0,"2":0,"3":0,"4":0,"5":0,"6":0,"7":0,"8":0,"9":0,"10":0,"11":0,"12":0,"13":0,"14":0,"15":0,"16":0,"17":0,"18":0,"19":0,"20":0,"21":0,"22":0,"23":0,"24":0,"25":0,"26":0,"27":0,"28":0,"29":0,"30":0,"31":0,"32":0,"33":0,"34":0,"35":0,"36":0,"37":0,"38":0,"39":0,"40":0,"41":0,"42":0,"43":0,"44":0,"45":0,"46":0,"47":0,"48":0,"49":0,"50":0,"51":0,"52":0,"53":0,"54":0},"f":{"0":0,"1":0,"2":0,"3":0,"4":0,"5":0,"6":0,"7":0,"8":0,"9":0,"10":0,"11":0,"12":0,"13":0},"b":{"0":[0,0],"1":[0,0],"2":[0,0],"3":[0,0],"4":[0,0],"5":[0,0],"6":[0,0],"7":[0,0],"8":[0,0],"9":[0,0],"10":[0,0],"11":[0,0],"12":[0,0],"13":[0,0],"14":[0,0],"15":[0,0],"16":[0,0],"17":[0,0],"18":[0,0],"19":[0,0],"20":[0,0],"21":[0,0],"22":[0,0],"23":[0,0],"24":[0,0]}}
,"/home/runner/work/devops/devops/frontend/src/pages/Signup.js": {"path":"/home/runner/work/devops/devops/frontend/src/pages/Signup.js","statementMap":{"0":{"start":{"line":16,"column":15},"end":{"line":133,"column":1}},"1":{"start":{"line":17,"column":34},"end":{"line":17,"column":46}},"2":{"start":{"line":18,"column":28},"end":{"line":18,"column":40}},"3":{"start":{"line":19,"column":34},"end":{"line":19,"column":46}},"4":{"start":{"line":20,"column":48},"end":{"line":20,"column":60}},"5":{"start":{"line":21,"column":28},"end":{"line":21,"column":40}},"6":{"start":{"line":22,"column":32},"end":{"line":22,"column":44}},"7":{"start":{"line":23,"column":32},"end":{"line":23,"column":47}},"8":{"start":{"line":24,"column":19},"end":{"line":24,"column":32}},"9":{"start":{"line":31,"column":23},"end":{"line":60,"column":3}},"10":{"start":{"line":32,"column":4},"end":{"line":32,"column":23}},"11":{"start":{"line":33,"column":4},"end":{"line":33,"column":17}},"12":{"start":{"line":34,"column":4},"end":{"line":34,"column":19}},"13":{"start":{"line":36,"column":4},"end":{"line":39,"column":5}},"14":{"start":{"line":37,"column":6},"end":{"line":37,"column":41}},"15":{"start":{"line":38,"column":6},"end":{"line":38,"column":13}},"16":{"start":{"line":41,"column":4},"end":{"line":44,"column":5}},"17":{"start":{"line":42,"column":6},"end":{"line":42,"column":57}},"18":{"start":{"line":43,"column":6},"end":{"line":43,"column":13}},"19":{"start":{"line":46,"column":4},"end":{"line":46,"column":21}},"20":{"start":{"line":47,"column":4},"end":{"line":59,"column":5}},"21":{"start":{"line":48,"column":6},"end":{"line":48,"column":72}},"22":{"start":{"line":49,"column":6},"end":{"line":49,"column":74}},"23":{"start":{"line":50,"column":6},"end":{"line":50,"column":49}},"24":{"start":{"line":50,"column":23},"end":{"line":50,"column":41}},"25":{"start":{"line":52,"column":6},"end":{"line":56,"column":8}},"26":{"start":{"line":58,"column":6},"end":{"line":58,"column":24}},"27":{"start":{"line":62,"column":2},"end":{"line":132,"column":4}},"28":{"start":{"line":81,"column":31},"end":{"line":81,"column":58}},"29":{"start":{"line":93,"column":31},"end":{"line":93,"column":55}},"30":{"start":{"line":105,"column":31},"end":{"line":105,"column":58}},"31":{"start":{"line":117,"column":31},"end":{"line":117,"column":65}}},"fnMap":{"0":{"name":"(anonymous_0)","decl":{"start":{"line":16,"column":15},"end":{"line":16,"column":16}},"loc":{"start":{"line":16,"column":21},"end":{"line":133,"column":1}},"line":16},"1":{"name":"(anonymous_1)","decl":{"start":{"line":31,"column":23},"end":{"line":31,"column":24}},"loc":{"start":{"line":31,"column":36},"end":{"line":60,"column":3}},"line":31},"2":{"name":"(anonymous_2)","decl":{"start":{"line":50,"column":17},"end":{"line":50,"column":18}},"loc":{"start":{"line":50,"column":23},"end":{"line":50,"column":41}},"line":50},"3":{"name":"(anonymous_3)","decl":{"start":{"line":81,"column":24},"end":{"line":81,"column":25}},"loc":{"start":{"line":81,"column":31},"end":{"line":81,"column":58}},"line":81},"4":{"name":"(anonymous_4)","decl":{"start":{"line":93,"column":24},"end":{"line":93,"column":25}},"loc":{"start":{"line":93,"column":31},"end":{"line":93,"column":55}},"line":93},"5":{"name":"(anonymous_5)","decl":{"start":{"line":105,"column":24},"end":{"line":105,"column":25}},"loc":{"start":{"line":105,"column":31},"end":{"line":105,"column":58}},"line":105},"6":{"name":"(anonymous_6)","decl":{"start":{"line":117,"column":24},"end":{"line":117,"column":25}},"loc":{"start":{"line":117,"column":31},"end":{"line":117,"column":65}},"line":117}},"branchMap":{"0":{"loc":{"start":{"line":36,"column":4},"end":{"line":39,"column":5}},"type":"if","locations":[{"start":{"line":36,"column":4},"end":{"line":39,"column":5}},{"start":{},"end":{}}],"line":36},"1":{"loc":{"start":{"line":41,"column":4},"end":{"line":44,"column":5}},"type":"if","locations":[{"start":{"line":41,"column":4},"end":{"line":44,"column":5}},{"start":{},"end":{}}],"line":41},"2":{"loc":{"start":{"line":53,"column":8},"end":{"line":55,"column":48}},"type":"binary-expr","locations":[{"start":{"line":53,"column":8},"end":{"line":53,"column":34}},{"start":{"line":54,"column":8},"end":{"line":54,"column":35}},{"start":{"line":55,"column":8},"end":{"line":55,"column":48}}],"line":53},"3":{"loc":{"start":{"line":70,"column":9},"end":{"line":70,"column":61}},"type":"binary-expr","locations":[{"start":{"line":70,"column":9},"end":{"line":70,"column":14}},{"start":{"line":70,"column":18},"end":{"line":70,"column":61}}],"line":70},"4":{"loc":{"start":{"line":71,"column":9},"end":{"line":71,"column":67}},"type":"binary-expr","locations":[{"start":{"line":71,"column":9},"end":{"line":71,"column":16}},{"start":{"line":71,"column":20},"end":{"line":71,"column":67}}],"line":71},"5":{"loc":{"start":{"line":123,"column":13},"end":{"line":123,"column":63}},"type":"cond-expr","locations":[{"start":{"line":123,"column":23},"end":{"line":123,"column":44}},{"start":{"line":123,"column":47},"end":{"line":123,"column":63}}],"line":123}},"s":{"0":0,"1":0,"2":0,"3":0,"4":0,"5":0,"6":0,"7":0,"8":0,"9":0,"10":0,"11":0,"12":0,"13":0,"14":0,"15":0,"16":0,"17":0,"18":0,"19":0,"20":0,"21":0,"22":0,"23":0,"24":0,"25":0,"26":0,"27":0,"28":0,"29":0,"30":0,"31":0},"f":{"0":0,"1":0,"2":0,"3":0,"4":0,"5":0,"6":0},"b":{"0":[0,0],"1":[0,0],"2":[0,0,0],"3":[0,0],"4":[0,0],"5":[0,0]}}
}
