TN:
SF:src/App.js
FN:32,(anonymous_0)
FN:46,(anonymous_1)
FNF:2
FNH:0
FNDA:0,(anonymous_0)
FNDA:0,(anonymous_1)
DA:32,0
DA:33,0
DA:46,0
DA:47,0
LF:4
LH:0
BRF:0
BRH:0
end_of_record
TN:
SF:src/index.js
FNF:0
FNH:0
DA:11,0
DA:12,0
DA:18,0
LF:3
LH:0
BRF:0
BRH:0
end_of_record
TN:
SF:src/reportWebVitals.js
FN:6,(anonymous_0)
FN:8,(anonymous_1)
FNF:2
FNH:0
FNDA:0,(anonymous_0)
FNDA:0,(anonymous_1)
DA:6,0
DA:7,0
DA:8,0
DA:9,0
DA:10,0
DA:11,0
DA:12,0
DA:13,0
LF:8
LH:0
BRDA:7,0,0,0
BRDA:7,0,1,0
BRDA:7,1,0,0
BRDA:7,1,1,0
BRF:4
BRH:0
end_of_record
TN:
SF:src/api/axios.js
FN:26,(anonymous_0)
FN:33,(anonymous_1)
FN:43,(anonymous_2)
FN:44,(anonymous_3)
FNF:4
FNH:0
FNDA:0,(anonymous_0)
FNDA:0,(anonymous_1)
FNDA:0,(anonymous_2)
FNDA:0,(anonymous_3)
DA:8,0
DA:14,0
DA:25,0
DA:27,0
DA:28,0
DA:29,0
DA:31,0
DA:34,0
DA:42,0
DA:43,0
DA:45,0
DA:46,0
DA:47,0
DA:48,0
DA:50,0
LF:15
LH:0
BRDA:8,0,0,0
BRDA:8,0,1,0
BRDA:28,1,0,0
BRDA:28,1,1,0
BRDA:45,2,0,0
BRDA:45,2,1,0
BRDA:45,3,0,0
BRDA:45,3,1,0
BRF:8
BRH:0
end_of_record
TN:
SF:src/components/Navbar.js
FN:17,(anonymous_0)
FN:25,(anonymous_1)
FNF:2
FNH:0
FNDA:0,(anonymous_0)
FNDA:0,(anonymous_1)
DA:17,0
DA:18,0
DA:19,0
DA:20,0
DA:25,0
DA:26,0
DA:27,0
DA:30,0
LF:8
LH:0
BRDA:40,0,0,0
BRDA:40,0,1,0
BRDA:46,1,0,0
BRDA:46,1,1,0
BRF:4
BRH:0
end_of_record
TN:
SF:src/components/PrivateRoute.js
FN:18,(anonymous_0)
FNF:1
FNH:0
FNDA:0,(anonymous_0)
DA:18,0
DA:19,0
DA:21,0
DA:22,0
DA:37,0
DA:38,0
DA:41,0
LF:7
LH:0
BRDA:21,0,0,0
BRDA:21,0,1,0
BRDA:37,1,0,0
BRDA:37,1,1,0
BRF:4
BRH:0
end_of_record
TN:
SF:src/components/ProjectCard.js
FN:15,(anonymous_0)
FN:40,(anonymous_1)
FN:48,(anonymous_2)
FN:54,(anonymous_3)
FNF:4
FNH:0
FNDA:0,(anonymous_0)
FNDA:0,(anonymous_1)
FNDA:0,(anonymous_2)
FNDA:0,(anonymous_3)
DA:15,0
DA:16,0
DA:17,0
DA:40,0
DA:41,0
DA:48,0
DA:49,0
DA:50,0
DA:53,0
DA:54,0
LF:10
LH:0
BRDA:16,0,0,0
BRDA:16,0,1,0
BRDA:16,1,0,0
BRDA:16,1,1,0
BRDA:49,2,0,0
BRDA:49,2,1,0
BRDA:59,3,0,0
BRDA:59,3,1,0
BRDA:70,4,0,0
BRDA:70,4,1,0
BRDA:75,5,0,0
BRDA:75,5,1,0
BRDA:83,6,0,0
BRDA:83,6,1,0
BRDA:83,7,0,0
BRDA:83,7,1,0
BRF:16
BRH:0
end_of_record
TN:
SF:src/context/AuthContext.js
FN:20,(anonymous_0)
FN:28,(anonymous_1)
FN:51,(anonymous_2)
FN:68,(anonymous_3)
FN:79,(anonymous_4)
FN:87,(anonymous_5)
FN:108,(anonymous_6)
FNF:7
FNH:0
FNDA:0,(anonymous_0)
FNDA:0,(anonymous_1)
FNDA:0,(anonymous_2)
FNDA:0,(anonymous_3)
FNDA:0,(anonymous_4)
FNDA:0,(anonymous_5)
FNDA:0,(anonymous_6)
DA:11,0
DA:20,0
DA:21,0
DA:22,0
DA:23,0
DA:28,0
DA:29,0
DA:30,0
DA:31,0
DA:32,0
DA:33,0
DA:34,0
DA:36,0
DA:37,0
DA:40,0
DA:51,0
DA:52,0
DA:53,0
DA:54,0
DA:58,0
DA:59,0
DA:60,0
DA:61,0
DA:62,0
DA:68,0
DA:69,0
DA:70,0
DA:71,0
DA:72,0
DA:79,0
DA:80,0
DA:87,0
DA:88,0
DA:91,0
DA:101,0
DA:108,0
DA:109,0
DA:110,0
DA:111,0
DA:113,0
LF:40
LH:0
BRDA:31,0,0,0
BRDA:31,0,1,0
BRDA:31,1,0,0
BRDA:31,1,1,0
BRDA:110,2,0,0
BRDA:110,2,1,0
BRF:6
BRH:0
end_of_record
TN:
SF:src/pages/AddTask.js
FN:16,(anonymous_0)
FN:35,(anonymous_1)
FN:37,(anonymous_2)
FN:44,(anonymous_3)
FN:45,(anonymous_4)
FN:53,(anonymous_5)
FN:184,(anonymous_6)
FNF:7
FNH:0
FNDA:0,(anonymous_0)
FNDA:0,(anonymous_1)
FNDA:0,(anonymous_2)
FNDA:0,(anonymous_3)
FNDA:0,(anonymous_4)
FNDA:0,(anonymous_5)
FNDA:0,(anonymous_6)
DA:16,0
DA:17,0
DA:18,0
DA:19,0
DA:28,0
DA:29,0
DA:35,0
DA:36,0
DA:37,0
DA:44,0
DA:45,0
DA:53,0
DA:54,0
DA:55,0
DA:56,0
DA:58,0
DA:59,0
DA:63,0
DA:64,0
DA:66,0
DA:72,0
DA:76,0
DA:184,0
LF:23
LH:0
BRDA:67,0,0,0
BRDA:67,0,1,0
BRDA:67,0,2,0
BRDA:84,1,0,0
BRDA:84,1,1,0
BRDA:179,2,0,0
BRDA:179,2,1,0
BRF:7
BRH:0
end_of_record
TN:
SF:src/pages/CreateProject.js
FN:16,(anonymous_0)
FN:34,(anonymous_1)
FN:36,(anonymous_2)
FN:44,(anonymous_3)
FN:175,(anonymous_4)
FNF:5
FNH:0
FNDA:0,(anonymous_0)
FNDA:0,(anonymous_1)
FNDA:0,(anonymous_2)
FNDA:0,(anonymous_3)
FNDA:0,(anonymous_4)
DA:16,0
DA:17,0
DA:18,0
DA:27,0
DA:28,0
DA:34,0
DA:35,0
DA:36,0
DA:44,0
DA:45,0
DA:46,0
DA:47,0
DA:49,0
DA:50,0
DA:54,0
DA:55,0
DA:57,0
DA:63,0
DA:67,0
DA:175,0
LF:20
LH:0
BRDA:52,0,0,0
BRDA:52,0,1,0
BRDA:58,1,0,0
BRDA:58,1,1,0
BRDA:58,1,2,0
BRDA:75,2,0,0
BRDA:75,2,1,0
BRDA:170,3,0,0
BRDA:170,3,1,0
BRF:9
BRH:0
end_of_record
TN:
SF:src/pages/Dashboard.js
FN:17,(anonymous_0)
FN:33,(anonymous_1)
FN:41,(anonymous_2)
FN:42,(anonymous_3)
FN:62,(anonymous_4)
FN:65,(anonymous_5)
FN:68,(anonymous_6)
FN:132,(anonymous_7)
FNF:8
FNH:0
FNDA:0,(anonymous_0)
FNDA:0,(anonymous_1)
FNDA:0,(anonymous_2)
FNDA:0,(anonymous_3)
FNDA:0,(anonymous_4)
FNDA:0,(anonymous_5)
FNDA:0,(anonymous_6)
FNDA:0,(anonymous_7)
DA:17,0
DA:18,0
DA:19,0
DA:20,0
DA:22,0
DA:23,0
DA:25,0
DA:33,0
DA:34,0
DA:35,0
DA:36,0
DA:41,0
DA:42,0
DA:43,0
DA:44,0
DA:45,0
DA:47,0
DA:52,0
DA:55,0
DA:59,0
DA:62,0
DA:65,0
DA:68,0
DA:70,0
DA:71,0
DA:74,0
DA:133,0
LF:27
LH:0
BRDA:18,0,0,0
BRDA:18,0,1,0
BRDA:18,1,0,0
BRDA:18,1,1,0
BRDA:19,2,0,0
BRDA:19,2,1,0
BRDA:22,3,0,0
BRDA:22,3,1,0
BRDA:48,4,0,0
BRDA:48,4,1,0
BRDA:68,5,0,0
BRDA:68,5,1,0
BRDA:70,6,0,0
BRDA:70,6,1,0
BRDA:81,7,0,0
BRDA:81,7,1,0
BRDA:121,8,0,0
BRDA:121,8,1,0
BRF:18
BRH:0
end_of_record
TN:
SF:src/pages/EditProject.js
FN:16,(anonymous_0)
FN:35,(anonymous_1)
FN:36,(anonymous_2)
FN:65,(anonymous_3)
FN:67,(anonymous_4)
FN:75,(anonymous_5)
FN:210,(anonymous_6)
FNF:7
FNH:0
FNDA:0,(anonymous_0)
FNDA:0,(anonymous_1)
FNDA:0,(anonymous_2)
FNDA:0,(anonymous_3)
FNDA:0,(anonymous_4)
FNDA:0,(anonymous_5)
FNDA:0,(anonymous_6)
DA:16,0
DA:17,0
DA:18,0
DA:19,0
DA:28,0
DA:29,0
DA:30,0
DA:35,0
DA:36,0
DA:37,0
DA:38,0
DA:39,0
DA:40,0
DA:50,0
DA:55,0
DA:58,0
DA:65,0
DA:66,0
DA:67,0
DA:75,0
DA:76,0
DA:77,0
DA:78,0
DA:80,0
DA:81,0
DA:85,0
DA:86,0
DA:88,0
DA:94,0
DA:98,0
DA:99,0
DA:102,0
DA:210,0
LF:33
LH:0
BRDA:41,0,0,0
BRDA:41,0,1,0
BRDA:42,1,0,0
BRDA:42,1,1,0
BRDA:43,2,0,0
BRDA:43,2,1,0
BRDA:44,3,0,0
BRDA:44,3,1,0
BRDA:45,4,0,0
BRDA:45,4,1,0
BRDA:46,5,0,0
BRDA:46,5,1,0
BRDA:47,6,0,0
BRDA:47,6,1,0
BRDA:51,7,0,0
BRDA:51,7,1,0
BRDA:83,8,0,0
BRDA:83,8,1,0
BRDA:89,9,0,0
BRDA:89,9,1,0
BRDA:89,9,2,0
BRDA:98,10,0,0
BRDA:98,10,1,0
BRDA:110,11,0,0
BRDA:110,11,1,0
BRDA:205,12,0,0
BRDA:205,12,1,0
BRF:27
BRH:0
end_of_record
TN:
SF:src/pages/EditTask.js
FN:17,(anonymous_0)
FN:36,(anonymous_1)
FN:37,(anonymous_2)
FN:40,(anonymous_3)
FN:70,(anonymous_4)
FN:72,(anonymous_5)
FN:79,(anonymous_6)
FN:80,(anonymous_7)
FN:88,(anonymous_8)
FN:223,(anonymous_9)
FNF:10
FNH:0
FNDA:0,(anonymous_0)
FNDA:0,(anonymous_1)
FNDA:0,(anonymous_2)
FNDA:0,(anonymous_3)
FNDA:0,(anonymous_4)
FNDA:0,(anonymous_5)
FNDA:0,(anonymous_6)
FNDA:0,(anonymous_7)
FNDA:0,(anonymous_8)
FNDA:0,(anonymous_9)
DA:17,0
DA:18,0
DA:19,0
DA:20,0
DA:29,0
DA:30,0
DA:31,0
DA:36,0
DA:37,0
DA:38,0
DA:39,0
DA:40,0
DA:41,0
DA:42,0
DA:52,0
DA:55,0
DA:60,0
DA:63,0
DA:70,0
DA:71,0
DA:72,0
DA:79,0
DA:80,0
DA:88,0
DA:89,0
DA:90,0
DA:91,0
DA:93,0
DA:94,0
DA:98,0
DA:99,0
DA:101,0
DA:107,0
DA:111,0
DA:112,0
DA:115,0
DA:223,0
LF:37
LH:0
BRDA:41,0,0,0
BRDA:41,0,1,0
BRDA:43,1,0,0
BRDA:43,1,1,0
BRDA:44,2,0,0
BRDA:44,2,1,0
BRDA:45,3,0,0
BRDA:45,3,1,0
BRDA:46,4,0,0
BRDA:46,4,1,0
BRDA:47,5,0,0
BRDA:47,5,1,0
BRDA:48,6,0,0
BRDA:48,6,1,0
BRDA:49,7,0,0
BRDA:49,7,1,0
BRDA:56,8,0,0
BRDA:56,8,1,0
BRDA:102,9,0,0
BRDA:102,9,1,0
BRDA:102,9,2,0
BRDA:111,10,0,0
BRDA:111,10,1,0
BRDA:123,11,0,0
BRDA:123,11,1,0
BRDA:218,12,0,0
BRDA:218,12,1,0
BRF:27
BRH:0
end_of_record
TN:
SF:src/pages/Login.js
FN:18,(anonymous_0)
FN:31,(anonymous_1)
FN:53,(anonymous_2)
FN:100,(anonymous_3)
FN:112,(anonymous_4)
FNF:5
FNH:0
FNDA:0,(anonymous_0)
FNDA:0,(anonymous_1)
FNDA:0,(anonymous_2)
FNDA:0,(anonymous_3)
FNDA:0,(anonymous_4)
DA:18,0
DA:19,0
DA:20,0
DA:21,0
DA:22,0
DA:23,0
DA:24,0
DA:31,0
DA:32,0
DA:33,0
DA:34,0
DA:35,0
DA:36,0
DA:37,0
DA:39,0
DA:45,0
DA:53,0
DA:54,0
DA:55,0
DA:56,0
DA:57,0
DA:58,0
DA:60,0
DA:66,0
DA:70,0
DA:100,0
DA:112,0
LF:27
LH:0
BRDA:40,0,0,0
BRDA:40,0,1,0
BRDA:40,0,2,0
BRDA:61,1,0,0
BRDA:61,1,1,0
BRDA:61,1,2,0
BRDA:90,2,0,0
BRDA:90,2,1,0
BRDA:118,3,0,0
BRDA:118,3,1,0
BRDA:133,4,0,0
BRDA:133,4,1,0
BRF:12
BRH:0
end_of_record
TN:
SF:src/pages/ProjectDetail.js
FN:17,(anonymous_0)
FN:32,(anonymous_1)
FN:46,(anonymous_2)
FN:56,(anonymous_3)
FN:67,(anonymous_4)
FN:85,(anonymous_5)
FN:93,(anonymous_6)
FN:113,(anonymous_7)
FN:142,(anonymous_8)
FN:162,(anonymous_9)
FN:224,(anonymous_10)
FN:236,(anonymous_11)
FN:267,(anonymous_12)
FN:273,(anonymous_13)
FNF:14
FNH:0
FNDA:0,(anonymous_0)
FNDA:0,(anonymous_1)
FNDA:0,(anonymous_2)
FNDA:0,(anonymous_3)
FNDA:0,(anonymous_4)
FNDA:0,(anonymous_5)
FNDA:0,(anonymous_6)
FNDA:0,(anonymous_7)
FNDA:0,(anonymous_8)
FNDA:0,(anonymous_9)
FNDA:0,(anonymous_10)
FNDA:0,(anonymous_11)
FNDA:0,(anonymous_12)
FNDA:0,(anonymous_13)
DA:17,0
DA:18,0
DA:19,0
DA:32,0
DA:33,0
DA:34,0
DA:46,0
DA:47,0
DA:48,0
DA:56,0
DA:57,0
DA:58,0
DA:59,0
DA:60,0
DA:61,0
DA:62,0
DA:67,0
DA:68,0
DA:69,0
DA:73,0
DA:74,0
DA:76,0
DA:81,0
DA:85,0
DA:86,0
DA:93,0
DA:94,0
DA:95,0
DA:97,0
DA:98,0
DA:99,0
DA:101,0
DA:113,0
DA:114,0
DA:115,0
DA:117,0
DA:118,0
DA:119,0
DA:121,0
DA:128,0
DA:129,0
DA:132,0
DA:133,0
DA:136,0
DA:137,0
DA:140,0
DA:142,0
DA:162,0
DA:224,0
DA:237,0
DA:267,0
DA:273,0
LF:52
LH:0
BRDA:18,0,0,0
BRDA:18,0,1,0
BRDA:18,1,0,0
BRDA:18,1,1,0
BRDA:33,2,0,0
BRDA:33,2,1,0
BRDA:47,3,0,0
BRDA:47,3,1,0
BRDA:77,4,0,0
BRDA:77,4,1,0
BRDA:94,5,0,0
BRDA:94,5,1,0
BRDA:102,6,0,0
BRDA:102,6,1,0
BRDA:114,7,0,0
BRDA:114,7,1,0
BRDA:122,8,0,0
BRDA:122,8,1,0
BRDA:128,9,0,0
BRDA:128,9,1,0
BRDA:132,10,0,0
BRDA:132,10,1,0
BRDA:132,11,0,0
BRDA:132,11,1,0
BRDA:136,12,0,0
BRDA:136,12,1,0
BRDA:146,13,0,0
BRDA:146,13,1,0
BRDA:153,14,0,0
BRDA:153,14,1,0
BRDA:179,15,0,0
BRDA:179,15,1,0
BRDA:185,16,0,0
BRDA:185,16,1,0
BRDA:206,17,0,0
BRDA:206,17,1,0
BRDA:206,18,0,0
BRDA:206,18,1,0
BRDA:211,19,0,0
BRDA:211,19,1,0
BRDA:230,20,0,0
BRDA:230,20,1,0
BRDA:241,21,0,0
BRDA:241,21,1,0
BRDA:254,22,0,0
BRDA:254,22,1,0
BRDA:261,23,0,0
BRDA:261,23,1,0
BRDA:262,24,0,0
BRDA:262,24,1,0
BRF:50
BRH:0
end_of_record
TN:
SF:src/pages/Signup.js
FN:16,(anonymous_0)
FN:31,(anonymous_1)
FN:50,(anonymous_2)
FN:81,(anonymous_3)
FN:93,(anonymous_4)
FN:105,(anonymous_5)
FN:117,(anonymous_6)
FNF:7
FNH:0
FNDA:0,(anonymous_0)
FNDA:0,(anonymous_1)
FNDA:0,(anonymous_2)
FNDA:0,(anonymous_3)
FNDA:0,(anonymous_4)
FNDA:0,(anonymous_5)
FNDA:0,(anonymous_6)
DA:16,0
DA:17,0
DA:18,0
DA:19,0
DA:20,0
DA:21,0
DA:22,0
DA:23,0
DA:24,0
DA:31,0
DA:32,0
DA:33,0
DA:34,0
DA:36,0
DA:37,0
DA:38,0
DA:41,0
DA:42,0
DA:43,0
DA:46,0
DA:47,0
DA:48,0
DA:49,0
DA:50,0
DA:52,0
DA:58,0
DA:62,0
DA:81,0
DA:93,0
DA:105,0
DA:117,0
LF:31
LH:0
BRDA:36,0,0,0
BRDA:36,0,1,0
BRDA:41,1,0,0
BRDA:41,1,1,0
BRDA:53,2,0,0
BRDA:53,2,1,0
BRDA:53,2,2,0
BRDA:70,3,0,0
BRDA:70,3,1,0
BRDA:71,4,0,0
BRDA:71,4,1,0
BRDA:123,5,0,0
BRDA:123,5,1,0
BRF:13
BRH:0
end_of_record
