{"/home/runner/work/Devsecops/Devsecops/frontend/src/App.js": {"path":"/home/runner/work/Devsecops/Devsecops/frontend/src/App.js","statementMap":{"0":{"start":{"line":24,"column":18},"end":{"line":31,"column":1}},"1":{"start":{"line":25,"column":2},"end":{"line":30,"column":5}},"2":{"start":{"line":34,"column":2},"end":{"line":64,"column":4}}},"fnMap":{"0":{"name":"(anonymous_0)","decl":{"start":{"line":24,"column":18},"end":{"line":24,"column":19}},"loc":{"start":{"line":25,"column":2},"end":{"line":30,"column":5}},"line":25},"1":{"name":"App","decl":{"start":{"line":33,"column":9},"end":{"line":33,"column":12}},"loc":{"start":{"line":33,"column":15},"end":{"line":65,"column":1}},"line":33}},"branchMap":{},"s":{"0":0,"1":0,"2":0},"f":{"0":0,"1":0},"b":{}}
,"/home/runner/work/Devsecops/Devsecops/frontend/src/index.js": {"path":"/home/runner/work/Devsecops/Devsecops/frontend/src/index.js","statementMap":{"0":{"start":{"line":11,"column":13},"end":{"line":11,"column":65}},"1":{"start":{"line":12,"column":0},"end":{"line":16,"column":2}},"2":{"start":{"line":18,"column":0},"end":{"line":18,"column":18}}},"fnMap":{},"branchMap":{},"s":{"0":0,"1":0,"2":0},"f":{},"b":{}}
,"/home/runner/work/Devsecops/Devsecops/frontend/src/reportWebVitals.js": {"path":"/home/runner/work/Devsecops/Devsecops/frontend/src/reportWebVitals.js","statementMap":{"0":{"start":{"line":1,"column":24},"end":{"line":1,"column":32}}},"fnMap":{"0":{"name":"(anonymous_0)","decl":{"start":{"line":1,"column":24},"end":{"line":1,"column":25}},"loc":{"start":{"line":1,"column":30},"end":{"line":1,"column":32}},"line":1}},"branchMap":{},"s":{"0":0},"f":{"0":0},"b":{}}
,"/home/runner/work/Devsecops/Devsecops/frontend/src/api/axios.js": {"path":"/home/runner/work/Devsecops/Devsecops/frontend/src/api/axios.js","statementMap":{"0":{"start":{"line":9,"column":21},"end":{"line":9,"column":77}},"1":{"start":{"line":14,"column":12},"end":{"line":19,"column":2}},"2":{"start":{"line":25,"column":0},"end":{"line":36,"column":2}},"3":{"start":{"line":27,"column":18},"end":{"line":27,"column":47}},"4":{"start":{"line":28,"column":4},"end":{"line":30,"column":5}},"5":{"start":{"line":29,"column":6},"end":{"line":29,"column":55}},"6":{"start":{"line":31,"column":4},"end":{"line":31,"column":18}},"7":{"start":{"line":34,"column":4},"end":{"line":34,"column":33}},"8":{"start":{"line":42,"column":0},"end":{"line":52,"column":2}},"9":{"start":{"line":43,"column":16},"end":{"line":43,"column":24}},"10":{"start":{"line":45,"column":4},"end":{"line":49,"column":5}},"11":{"start":{"line":46,"column":6},"end":{"line":46,"column":39}},"12":{"start":{"line":47,"column":6},"end":{"line":47,"column":38}},"13":{"start":{"line":48,"column":6},"end":{"line":48,"column":38}},"14":{"start":{"line":50,"column":4},"end":{"line":50,"column":33}}},"fnMap":{"0":{"name":"(anonymous_0)","decl":{"start":{"line":26,"column":2},"end":{"line":26,"column":3}},"loc":{"start":{"line":26,"column":14},"end":{"line":32,"column":3}},"line":26},"1":{"name":"(anonymous_1)","decl":{"start":{"line":33,"column":2},"end":{"line":33,"column":3}},"loc":{"start":{"line":33,"column":13},"end":{"line":35,"column":3}},"line":33},"2":{"name":"(anonymous_2)","decl":{"start":{"line":43,"column":2},"end":{"line":43,"column":3}},"loc":{"start":{"line":43,"column":16},"end":{"line":43,"column":24}},"line":43},"3":{"name":"(anonymous_3)","decl":{"start":{"line":44,"column":2},"end":{"line":44,"column":3}},"loc":{"start":{"line":44,"column":13},"end":{"line":51,"column":3}},"line":44}},"branchMap":{"0":{"loc":{"start":{"line":9,"column":21},"end":{"line":9,"column":77}},"type":"binary-expr","locations":[{"start":{"line":9,"column":21},"end":{"line":9,"column":50}},{"start":{"line":9,"column":54},"end":{"line":9,"column":77}}],"line":9},"1":{"loc":{"start":{"line":28,"column":4},"end":{"line":30,"column":5}},"type":"if","locations":[{"start":{"line":28,"column":4},"end":{"line":30,"column":5}},{"start":{},"end":{}}],"line":28},"2":{"loc":{"start":{"line":45,"column":4},"end":{"line":49,"column":5}},"type":"if","locations":[{"start":{"line":45,"column":4},"end":{"line":49,"column":5}},{"start":{},"end":{}}],"line":45},"3":{"loc":{"start":{"line":45,"column":8},"end":{"line":45,"column":55}},"type":"binary-expr","locations":[{"start":{"line":45,"column":8},"end":{"line":45,"column":22}},{"start":{"line":45,"column":26},"end":{"line":45,"column":55}}],"line":45}},"s":{"0":0,"1":0,"2":0,"3":0,"4":0,"5":0,"6":0,"7":0,"8":0,"9":0,"10":0,"11":0,"12":0,"13":0,"14":0},"f":{"0":0,"1":0,"2":0,"3":0},"b":{"0":[0,0],"1":[0,0],"2":[0,0],"3":[0,0]}}
,"/home/runner/work/Devsecops/Devsecops/frontend/src/components/Navbar.js": {"path":"/home/runner/work/Devsecops/Devsecops/frontend/src/components/Navbar.js","statementMap":{"0":{"start":{"line":10,"column":16},"end":{"line":58,"column":1}},"1":{"start":{"line":11,"column":27},"end":{"line":11,"column":36}},"2":{"start":{"line":12,"column":19},"end":{"line":12,"column":32}},"3":{"start":{"line":13,"column":19},"end":{"line":13,"column":32}},"4":{"start":{"line":15,"column":23},"end":{"line":18,"column":3}},"5":{"start":{"line":16,"column":4},"end":{"line":16,"column":13}},"6":{"start":{"line":17,"column":4},"end":{"line":17,"column":23}},"7":{"start":{"line":20,"column":19},"end":{"line":20,"column":96}},"8":{"start":{"line":20,"column":29},"end":{"line":20,"column":96}},"9":{"start":{"line":22,"column":2},"end":{"line":57,"column":4}}},"fnMap":{"0":{"name":"(anonymous_0)","decl":{"start":{"line":10,"column":16},"end":{"line":10,"column":17}},"loc":{"start":{"line":10,"column":22},"end":{"line":58,"column":1}},"line":10},"1":{"name":"(anonymous_1)","decl":{"start":{"line":15,"column":23},"end":{"line":15,"column":24}},"loc":{"start":{"line":15,"column":29},"end":{"line":18,"column":3}},"line":15},"2":{"name":"(anonymous_2)","decl":{"start":{"line":20,"column":19},"end":{"line":20,"column":20}},"loc":{"start":{"line":20,"column":29},"end":{"line":20,"column":96}},"line":20}},"branchMap":{"0":{"loc":{"start":{"line":20,"column":29},"end":{"line":20,"column":96}},"type":"cond-expr","locations":[{"start":{"line":20,"column":58},"end":{"line":20,"column":79}},{"start":{"line":20,"column":82},"end":{"line":20,"column":96}}],"line":20}},"s":{"0":0,"1":0,"2":0,"3":0,"4":0,"5":0,"6":0,"7":0,"8":0,"9":0},"f":{"0":0,"1":0,"2":0},"b":{"0":[0,0]}}
,"/home/runner/work/Devsecops/Devsecops/frontend/src/components/PaperCard.js": {"path":"/home/runner/work/Devsecops/Devsecops/frontend/src/components/PaperCard.js","statementMap":{"0":{"start":{"line":21,"column":18},"end":{"line":36,"column":1}},"1":{"start":{"line":22,"column":2},"end":{"line":35,"column":4}}},"fnMap":{"0":{"name":"(anonymous_0)","decl":{"start":{"line":21,"column":18},"end":{"line":21,"column":19}},"loc":{"start":{"line":21,"column":33},"end":{"line":36,"column":1}},"line":21}},"branchMap":{"0":{"loc":{"start":{"line":30,"column":13},"end":{"line":30,"column":39}},"type":"binary-expr","locations":[{"start":{"line":30,"column":13},"end":{"line":30,"column":34}},{"start":{"line":30,"column":38},"end":{"line":30,"column":39}}],"line":30}},"s":{"0":0,"1":0},"f":{"0":0},"b":{"0":[0,0]}}
,"/home/runner/work/Devsecops/Devsecops/frontend/src/components/PrivateRoute.js": {"path":"/home/runner/work/Devsecops/Devsecops/frontend/src/components/PrivateRoute.js","statementMap":{"0":{"start":{"line":18,"column":21},"end":{"line":30,"column":1}},"1":{"start":{"line":19,"column":39},"end":{"line":19,"column":48}},"2":{"start":{"line":21,"column":2},"end":{"line":23,"column":3}},"3":{"start":{"line":22,"column":4},"end":{"line":22,"column":16}},"4":{"start":{"line":25,"column":2},"end":{"line":27,"column":3}},"5":{"start":{"line":26,"column":4},"end":{"line":26,"column":44}},"6":{"start":{"line":29,"column":2},"end":{"line":29,"column":18}}},"fnMap":{"0":{"name":"(anonymous_0)","decl":{"start":{"line":18,"column":21},"end":{"line":18,"column":22}},"loc":{"start":{"line":18,"column":39},"end":{"line":30,"column":1}},"line":18}},"branchMap":{"0":{"loc":{"start":{"line":21,"column":2},"end":{"line":23,"column":3}},"type":"if","locations":[{"start":{"line":21,"column":2},"end":{"line":23,"column":3}},{"start":{},"end":{}}],"line":21},"1":{"loc":{"start":{"line":25,"column":2},"end":{"line":27,"column":3}},"type":"if","locations":[{"start":{"line":25,"column":2},"end":{"line":27,"column":3}},{"start":{},"end":{}}],"line":25}},"s":{"0":0,"1":0,"2":0,"3":0,"4":0,"5":0,"6":0},"f":{"0":0},"b":{"0":[0,0],"1":[0,0]}}
,"/home/runner/work/Devsecops/Devsecops/frontend/src/context/AuthContext.js": {"path":"/home/runner/work/Devsecops/Devsecops/frontend/src/context/AuthContext.js","statementMap":{"0":{"start":{"line":9,"column":20},"end":{"line":9,"column":39}},"1":{"start":{"line":18,"column":28},"end":{"line":81,"column":1}},"2":{"start":{"line":19,"column":26},"end":{"line":19,"column":40}},"3":{"start":{"line":20,"column":28},"end":{"line":20,"column":42}},"4":{"start":{"line":21,"column":32},"end":{"line":21,"column":46}},"5":{"start":{"line":26,"column":2},"end":{"line":34,"column":9}},"6":{"start":{"line":27,"column":24},"end":{"line":27,"column":53}},"7":{"start":{"line":28,"column":23},"end":{"line":28,"column":51}},"8":{"start":{"line":29,"column":4},"end":{"line":32,"column":5}},"9":{"start":{"line":30,"column":6},"end":{"line":30,"column":28}},"10":{"start":{"line":31,"column":6},"end":{"line":31,"column":38}},"11":{"start":{"line":33,"column":4},"end":{"line":33,"column":22}},"12":{"start":{"line":43,"column":16},"end":{"line":51,"column":3}},"13":{"start":{"line":44,"column":21},"end":{"line":44,"column":78}},"14":{"start":{"line":45,"column":17},"end":{"line":45,"column":30}},"15":{"start":{"line":46,"column":4},"end":{"line":46,"column":46}},"16":{"start":{"line":47,"column":4},"end":{"line":47,"column":95}},"17":{"start":{"line":48,"column":4},"end":{"line":48,"column":25}},"18":{"start":{"line":49,"column":4},"end":{"line":49,"column":58}},"19":{"start":{"line":50,"column":4},"end":{"line":50,"column":16}},"20":{"start":{"line":56,"column":17},"end":{"line":61,"column":3}},"21":{"start":{"line":57,"column":4},"end":{"line":57,"column":37}},"22":{"start":{"line":58,"column":4},"end":{"line":58,"column":36}},"23":{"start":{"line":59,"column":4},"end":{"line":59,"column":19}},"24":{"start":{"line":60,"column":4},"end":{"line":60,"column":18}},"25":{"start":{"line":67,"column":26},"end":{"line":69,"column":3}},"26":{"start":{"line":68,"column":4},"end":{"line":68,"column":19}},"27":{"start":{"line":71,"column":16},"end":{"line":78,"column":3}},"28":{"start":{"line":80,"column":2},"end":{"line":80,"column":79}},"29":{"start":{"line":87,"column":23},"end":{"line":93,"column":1}},"30":{"start":{"line":88,"column":18},"end":{"line":88,"column":41}},"31":{"start":{"line":89,"column":2},"end":{"line":91,"column":3}},"32":{"start":{"line":90,"column":4},"end":{"line":90,"column":67}},"33":{"start":{"line":92,"column":2},"end":{"line":92,"column":17}}},"fnMap":{"0":{"name":"(anonymous_0)","decl":{"start":{"line":18,"column":28},"end":{"line":18,"column":29}},"loc":{"start":{"line":18,"column":46},"end":{"line":81,"column":1}},"line":18},"1":{"name":"(anonymous_1)","decl":{"start":{"line":26,"column":12},"end":{"line":26,"column":13}},"loc":{"start":{"line":26,"column":18},"end":{"line":34,"column":3}},"line":26},"2":{"name":"(anonymous_2)","decl":{"start":{"line":43,"column":16},"end":{"line":43,"column":17}},"loc":{"start":{"line":43,"column":46},"end":{"line":51,"column":3}},"line":43},"3":{"name":"(anonymous_3)","decl":{"start":{"line":56,"column":17},"end":{"line":56,"column":18}},"loc":{"start":{"line":56,"column":23},"end":{"line":61,"column":3}},"line":56},"4":{"name":"(anonymous_4)","decl":{"start":{"line":67,"column":26},"end":{"line":67,"column":27}},"loc":{"start":{"line":67,"column":32},"end":{"line":69,"column":3}},"line":67},"5":{"name":"(anonymous_5)","decl":{"start":{"line":87,"column":23},"end":{"line":87,"column":24}},"loc":{"start":{"line":87,"column":29},"end":{"line":93,"column":1}},"line":87}},"branchMap":{"0":{"loc":{"start":{"line":29,"column":4},"end":{"line":32,"column":5}},"type":"if","locations":[{"start":{"line":29,"column":4},"end":{"line":32,"column":5}},{"start":{},"end":{}}],"line":29},"1":{"loc":{"start":{"line":29,"column":8},"end":{"line":29,"column":33}},"type":"binary-expr","locations":[{"start":{"line":29,"column":8},"end":{"line":29,"column":19}},{"start":{"line":29,"column":23},"end":{"line":29,"column":33}}],"line":29},"2":{"loc":{"start":{"line":89,"column":2},"end":{"line":91,"column":3}},"type":"if","locations":[{"start":{"line":89,"column":2},"end":{"line":91,"column":3}},{"start":{},"end":{}}],"line":89}},"s":{"0":0,"1":0,"2":0,"3":0,"4":0,"5":0,"6":0,"7":0,"8":0,"9":0,"10":0,"11":0,"12":0,"13":0,"14":0,"15":0,"16":0,"17":0,"18":0,"19":0,"20":0,"21":0,"22":0,"23":0,"24":0,"25":0,"26":0,"27":0,"28":0,"29":0,"30":0,"31":0,"32":0,"33":0},"f":{"0":0,"1":0,"2":0,"3":0,"4":0,"5":0},"b":{"0":[0,0],"1":[0,0],"2":[0,0]}}
,"/home/runner/work/Devsecops/Devsecops/frontend/src/pages/AddPaper.js": {"path":"/home/runner/work/Devsecops/Devsecops/frontend/src/pages/AddPaper.js","statementMap":{"0":{"start":{"line":15,"column":17},"end":{"line":137,"column":1}},"1":{"start":{"line":16,"column":28},"end":{"line":16,"column":40}},"2":{"start":{"line":17,"column":32},"end":{"line":17,"column":44}},"3":{"start":{"line":18,"column":34},"end":{"line":18,"column":46}},"4":{"start":{"line":19,"column":46},"end":{"line":19,"column":58}},"5":{"start":{"line":20,"column":48},"end":{"line":20,"column":60}},"6":{"start":{"line":21,"column":28},"end":{"line":21,"column":40}},"7":{"start":{"line":22,"column":32},"end":{"line":22,"column":47}},"8":{"start":{"line":23,"column":19},"end":{"line":23,"column":32}},"9":{"start":{"line":29,"column":23},"end":{"line":47,"column":3}},"10":{"start":{"line":30,"column":4},"end":{"line":30,"column":23}},"11":{"start":{"line":31,"column":4},"end":{"line":31,"column":17}},"12":{"start":{"line":32,"column":4},"end":{"line":32,"column":21}},"13":{"start":{"line":33,"column":4},"end":{"line":46,"column":5}},"14":{"start":{"line":34,"column":23},"end":{"line":40,"column":8}},"15":{"start":{"line":41,"column":6},"end":{"line":41,"column":46}},"16":{"start":{"line":43,"column":6},"end":{"line":43,"column":87}},"17":{"start":{"line":45,"column":6},"end":{"line":45,"column":24}},"18":{"start":{"line":49,"column":2},"end":{"line":136,"column":4}},"19":{"start":{"line":64,"column":31},"end":{"line":64,"column":55}},"20":{"start":{"line":77,"column":31},"end":{"line":77,"column":57}},"21":{"start":{"line":89,"column":31},"end":{"line":89,"column":58}},"22":{"start":{"line":104,"column":33},"end":{"line":104,"column":66}},"23":{"start":{"line":116,"column":33},"end":{"line":116,"column":67}},"24":{"start":{"line":126,"column":75},"end":{"line":126,"column":97}}},"fnMap":{"0":{"name":"(anonymous_0)","decl":{"start":{"line":15,"column":17},"end":{"line":15,"column":18}},"loc":{"start":{"line":15,"column":23},"end":{"line":137,"column":1}},"line":15},"1":{"name":"(anonymous_1)","decl":{"start":{"line":29,"column":23},"end":{"line":29,"column":24}},"loc":{"start":{"line":29,"column":36},"end":{"line":47,"column":3}},"line":29},"2":{"name":"(anonymous_2)","decl":{"start":{"line":64,"column":24},"end":{"line":64,"column":25}},"loc":{"start":{"line":64,"column":31},"end":{"line":64,"column":55}},"line":64},"3":{"name":"(anonymous_3)","decl":{"start":{"line":77,"column":24},"end":{"line":77,"column":25}},"loc":{"start":{"line":77,"column":31},"end":{"line":77,"column":57}},"line":77},"4":{"name":"(anonymous_4)","decl":{"start":{"line":89,"column":24},"end":{"line":89,"column":25}},"loc":{"start":{"line":89,"column":31},"end":{"line":89,"column":58}},"line":89},"5":{"name":"(anonymous_5)","decl":{"start":{"line":104,"column":26},"end":{"line":104,"column":27}},"loc":{"start":{"line":104,"column":33},"end":{"line":104,"column":66}},"line":104},"6":{"name":"(anonymous_6)","decl":{"start":{"line":116,"column":26},"end":{"line":116,"column":27}},"loc":{"start":{"line":116,"column":33},"end":{"line":116,"column":67}},"line":116},"7":{"name":"(anonymous_7)","decl":{"start":{"line":126,"column":69},"end":{"line":126,"column":70}},"loc":{"start":{"line":126,"column":75},"end":{"line":126,"column":97}},"line":126}},"branchMap":{"0":{"loc":{"start":{"line":43,"column":15},"end":{"line":43,"column":85}},"type":"binary-expr","locations":[{"start":{"line":43,"column":15},"end":{"line":43,"column":41}},{"start":{"line":43,"column":45},"end":{"line":43,"column":85}}],"line":43},"1":{"loc":{"start":{"line":54,"column":9},"end":{"line":54,"column":62}},"type":"binary-expr","locations":[{"start":{"line":54,"column":9},"end":{"line":54,"column":14}},{"start":{"line":54,"column":18},"end":{"line":54,"column":62}}],"line":54},"2":{"loc":{"start":{"line":130,"column":15},"end":{"line":130,"column":56}},"type":"cond-expr","locations":[{"start":{"line":130,"column":25},"end":{"line":130,"column":42}},{"start":{"line":130,"column":45},"end":{"line":130,"column":56}}],"line":130}},"s":{"0":0,"1":0,"2":0,"3":0,"4":0,"5":0,"6":0,"7":0,"8":0,"9":0,"10":0,"11":0,"12":0,"13":0,"14":0,"15":0,"16":0,"17":0,"18":0,"19":0,"20":0,"21":0,"22":0,"23":0,"24":0},"f":{"0":0,"1":0,"2":0,"3":0,"4":0,"5":0,"6":0,"7":0},"b":{"0":[0,0],"1":[0,0],"2":[0,0]}}
,"/home/runner/work/Devsecops/Devsecops/frontend/src/pages/Dashboard.js": {"path":"/home/runner/work/Devsecops/Devsecops/frontend/src/pages/Dashboard.js","statementMap":{"0":{"start":{"line":16,"column":18},"end":{"line":144,"column":1}},"1":{"start":{"line":17,"column":30},"end":{"line":17,"column":42}},"2":{"start":{"line":18,"column":40},"end":{"line":18,"column":52}},"3":{"start":{"line":19,"column":32},"end":{"line":19,"column":46}},"4":{"start":{"line":20,"column":28},"end":{"line":20,"column":40}},"5":{"start":{"line":25,"column":2},"end":{"line":49,"column":9}},"6":{"start":{"line":26,"column":22},"end":{"line":47,"column":5}},"7":{"start":{"line":27,"column":6},"end":{"line":46,"column":7}},"8":{"start":{"line":28,"column":26},"end":{"line":28,"column":54}},"9":{"start":{"line":29,"column":27},"end":{"line":29,"column":41}},"10":{"start":{"line":30,"column":8},"end":{"line":30,"column":30}},"11":{"start":{"line":32,"column":31},"end":{"line":32,"column":33}},"12":{"start":{"line":33,"column":8},"end":{"line":40,"column":9}},"13":{"start":{"line":34,"column":10},"end":{"line":39,"column":11}},"14":{"start":{"line":35,"column":27},"end":{"line":35,"column":79}},"15":{"start":{"line":36,"column":12},"end":{"line":36,"column":48}},"16":{"start":{"line":41,"column":8},"end":{"line":41,"column":39}},"17":{"start":{"line":43,"column":8},"end":{"line":43,"column":81}},"18":{"start":{"line":45,"column":8},"end":{"line":45,"column":26}},"19":{"start":{"line":48,"column":4},"end":{"line":48,"column":16}},"20":{"start":{"line":55,"column":31},"end":{"line":70,"column":3}},"21":{"start":{"line":56,"column":23},"end":{"line":63,"column":5}},"22":{"start":{"line":64,"column":4},"end":{"line":68,"column":7}},"23":{"start":{"line":65,"column":6},"end":{"line":67,"column":7}},"24":{"start":{"line":66,"column":8},"end":{"line":66,"column":35}},"25":{"start":{"line":69,"column":4},"end":{"line":69,"column":22}},"26":{"start":{"line":75,"column":25},"end":{"line":82,"column":3}},"27":{"start":{"line":87,"column":25},"end":{"line":94,"column":3}},"28":{"start":{"line":96,"column":2},"end":{"line":98,"column":3}},"29":{"start":{"line":97,"column":4},"end":{"line":97,"column":71}},"30":{"start":{"line":100,"column":20},"end":{"line":100,"column":42}},"31":{"start":{"line":102,"column":2},"end":{"line":143,"column":4}},"32":{"start":{"line":118,"column":10},"end":{"line":126,"column":16}},"33":{"start":{"line":138,"column":12},"end":{"line":138,"column":54}}},"fnMap":{"0":{"name":"(anonymous_0)","decl":{"start":{"line":16,"column":18},"end":{"line":16,"column":19}},"loc":{"start":{"line":16,"column":24},"end":{"line":144,"column":1}},"line":16},"1":{"name":"(anonymous_1)","decl":{"start":{"line":25,"column":12},"end":{"line":25,"column":13}},"loc":{"start":{"line":25,"column":18},"end":{"line":49,"column":3}},"line":25},"2":{"name":"(anonymous_2)","decl":{"start":{"line":26,"column":22},"end":{"line":26,"column":23}},"loc":{"start":{"line":26,"column":34},"end":{"line":47,"column":5}},"line":26},"3":{"name":"(anonymous_3)","decl":{"start":{"line":55,"column":31},"end":{"line":55,"column":32}},"loc":{"start":{"line":55,"column":37},"end":{"line":70,"column":3}},"line":55},"4":{"name":"(anonymous_4)","decl":{"start":{"line":64,"column":24},"end":{"line":64,"column":25}},"loc":{"start":{"line":64,"column":33},"end":{"line":68,"column":5}},"line":64},"5":{"name":"(anonymous_5)","decl":{"start":{"line":117,"column":39},"end":{"line":117,"column":40}},"loc":{"start":{"line":118,"column":10},"end":{"line":126,"column":16}},"line":118},"6":{"name":"(anonymous_6)","decl":{"start":{"line":137,"column":22},"end":{"line":137,"column":23}},"loc":{"start":{"line":138,"column":12},"end":{"line":138,"column":54}},"line":138}},"branchMap":{"0":{"loc":{"start":{"line":43,"column":17},"end":{"line":43,"column":79}},"type":"binary-expr","locations":[{"start":{"line":43,"column":17},"end":{"line":43,"column":43}},{"start":{"line":43,"column":47},"end":{"line":43,"column":79}}],"line":43},"1":{"loc":{"start":{"line":65,"column":6},"end":{"line":67,"column":7}},"type":"if","locations":[{"start":{"line":65,"column":6},"end":{"line":67,"column":7}},{"start":{},"end":{}}],"line":65},"2":{"loc":{"start":{"line":96,"column":2},"end":{"line":98,"column":3}},"type":"if","locations":[{"start":{"line":96,"column":2},"end":{"line":98,"column":3}},{"start":{},"end":{}}],"line":96},"3":{"loc":{"start":{"line":106,"column":7},"end":{"line":106,"column":60}},"type":"binary-expr","locations":[{"start":{"line":106,"column":7},"end":{"line":106,"column":12}},{"start":{"line":106,"column":16},"end":{"line":106,"column":60}}],"line":106},"4":{"loc":{"start":{"line":130,"column":7},"end":{"line":141,"column":7}},"type":"cond-expr","locations":[{"start":{"line":131,"column":8},"end":{"line":134,"column":14}},{"start":{"line":136,"column":8},"end":{"line":140,"column":14}}],"line":130}},"s":{"0":0,"1":0,"2":0,"3":0,"4":0,"5":0,"6":0,"7":0,"8":0,"9":0,"10":0,"11":0,"12":0,"13":0,"14":0,"15":0,"16":0,"17":0,"18":0,"19":0,"20":0,"21":0,"22":0,"23":0,"24":0,"25":0,"26":0,"27":0,"28":0,"29":0,"30":0,"31":0,"32":0,"33":0},"f":{"0":0,"1":0,"2":0,"3":0,"4":0,"5":0,"6":0},"b":{"0":[0,0],"1":[0,0],"2":[0,0],"3":[0,0],"4":[0,0]}}
,"/home/runner/work/Devsecops/Devsecops/frontend/src/pages/EditAnnotation.js": {"path":"/home/runner/work/Devsecops/Devsecops/frontend/src/pages/EditAnnotation.js","statementMap":{"0":{"start":{"line":13,"column":24},"end":{"line":20,"column":1}},"1":{"start":{"line":25,"column":19},"end":{"line":25,"column":95}},"2":{"start":{"line":32,"column":23},"end":{"line":178,"column":1}},"3":{"start":{"line":33,"column":24},"end":{"line":33,"column":35}},"4":{"start":{"line":34,"column":19},"end":{"line":34,"column":32}},"5":{"start":{"line":35,"column":48},"end":{"line":35,"column":60}},"6":{"start":{"line":36,"column":46},"end":{"line":36,"column":58}},"7":{"start":{"line":37,"column":34},"end":{"line":37,"column":57}},"8":{"start":{"line":38,"column":38},"end":{"line":38,"column":50}},"9":{"start":{"line":39,"column":32},"end":{"line":39,"column":46}},"10":{"start":{"line":40,"column":30},"end":{"line":40,"column":45}},"11":{"start":{"line":41,"column":28},"end":{"line":41,"column":40}},"12":{"start":{"line":46,"column":2},"end":{"line":66,"column":18}},"13":{"start":{"line":47,"column":28},"end":{"line":64,"column":5}},"14":{"start":{"line":48,"column":6},"end":{"line":63,"column":7}},"15":{"start":{"line":49,"column":25},"end":{"line":49,"column":71}},"16":{"start":{"line":50,"column":27},"end":{"line":50,"column":84}},"17":{"start":{"line":50,"column":53},"end":{"line":50,"column":83}},"18":{"start":{"line":51,"column":8},"end":{"line":58,"column":9}},"19":{"start":{"line":52,"column":10},"end":{"line":52,"column":63}},"20":{"start":{"line":53,"column":10},"end":{"line":53,"column":61}},"21":{"start":{"line":54,"column":10},"end":{"line":54,"column":60}},"22":{"start":{"line":55,"column":10},"end":{"line":55,"column":84}},"23":{"start":{"line":57,"column":10},"end":{"line":57,"column":44}},"24":{"start":{"line":60,"column":8},"end":{"line":60,"column":82}},"25":{"start":{"line":62,"column":8},"end":{"line":62,"column":26}},"26":{"start":{"line":65,"column":4},"end":{"line":65,"column":22}},"27":{"start":{"line":72,"column":23},"end":{"line":89,"column":3}},"28":{"start":{"line":73,"column":4},"end":{"line":73,"column":23}},"29":{"start":{"line":74,"column":4},"end":{"line":74,"column":17}},"30":{"start":{"line":75,"column":4},"end":{"line":75,"column":20}},"31":{"start":{"line":76,"column":4},"end":{"line":88,"column":5}},"32":{"start":{"line":77,"column":6},"end":{"line":82,"column":9}},"33":{"start":{"line":83,"column":6},"end":{"line":83,"column":32}},"34":{"start":{"line":85,"column":6},"end":{"line":85,"column":77}},"35":{"start":{"line":87,"column":6},"end":{"line":87,"column":23}},"36":{"start":{"line":91,"column":2},"end":{"line":93,"column":3}},"37":{"start":{"line":92,"column":4},"end":{"line":92,"column":77}},"38":{"start":{"line":95,"column":2},"end":{"line":177,"column":4}},"39":{"start":{"line":111,"column":31},"end":{"line":111,"column":65}},"40":{"start":{"line":126,"column":31},"end":{"line":126,"column":64}},"41":{"start":{"line":140,"column":33},"end":{"line":140,"column":60}},"42":{"start":{"line":143,"column":18},"end":{"line":145,"column":27}},"43":{"start":{"line":159,"column":33},"end":{"line":159,"column":62}},"44":{"start":{"line":167,"column":75},"end":{"line":167,"column":100}}},"fnMap":{"0":{"name":"(anonymous_0)","decl":{"start":{"line":32,"column":23},"end":{"line":32,"column":24}},"loc":{"start":{"line":32,"column":29},"end":{"line":178,"column":1}},"line":32},"1":{"name":"(anonymous_1)","decl":{"start":{"line":46,"column":12},"end":{"line":46,"column":13}},"loc":{"start":{"line":46,"column":18},"end":{"line":66,"column":3}},"line":46},"2":{"name":"(anonymous_2)","decl":{"start":{"line":47,"column":28},"end":{"line":47,"column":29}},"loc":{"start":{"line":47,"column":40},"end":{"line":64,"column":5}},"line":47},"3":{"name":"(anonymous_3)","decl":{"start":{"line":50,"column":46},"end":{"line":50,"column":47}},"loc":{"start":{"line":50,"column":53},"end":{"line":50,"column":83}},"line":50},"4":{"name":"(anonymous_4)","decl":{"start":{"line":72,"column":23},"end":{"line":72,"column":24}},"loc":{"start":{"line":72,"column":36},"end":{"line":89,"column":3}},"line":72},"5":{"name":"(anonymous_5)","decl":{"start":{"line":111,"column":24},"end":{"line":111,"column":25}},"loc":{"start":{"line":111,"column":31},"end":{"line":111,"column":65}},"line":111},"6":{"name":"(anonymous_6)","decl":{"start":{"line":126,"column":24},"end":{"line":126,"column":25}},"loc":{"start":{"line":126,"column":31},"end":{"line":126,"column":64}},"line":126},"7":{"name":"(anonymous_7)","decl":{"start":{"line":140,"column":26},"end":{"line":140,"column":27}},"loc":{"start":{"line":140,"column":33},"end":{"line":140,"column":60}},"line":140},"8":{"name":"(anonymous_8)","decl":{"start":{"line":142,"column":32},"end":{"line":142,"column":33}},"loc":{"start":{"line":143,"column":18},"end":{"line":145,"column":27}},"line":143},"9":{"name":"(anonymous_9)","decl":{"start":{"line":159,"column":26},"end":{"line":159,"column":27}},"loc":{"start":{"line":159,"column":33},"end":{"line":159,"column":62}},"line":159},"10":{"name":"(anonymous_10)","decl":{"start":{"line":167,"column":69},"end":{"line":167,"column":70}},"loc":{"start":{"line":167,"column":75},"end":{"line":167,"column":100}},"line":167}},"branchMap":{"0":{"loc":{"start":{"line":51,"column":8},"end":{"line":58,"column":9}},"type":"if","locations":[{"start":{"line":51,"column":8},"end":{"line":58,"column":9}},{"start":{"line":56,"column":15},"end":{"line":58,"column":9}}],"line":51},"1":{"loc":{"start":{"line":52,"column":29},"end":{"line":52,"column":61}},"type":"binary-expr","locations":[{"start":{"line":52,"column":29},"end":{"line":52,"column":55}},{"start":{"line":52,"column":59},"end":{"line":52,"column":61}}],"line":52},"2":{"loc":{"start":{"line":53,"column":28},"end":{"line":53,"column":59}},"type":"binary-expr","locations":[{"start":{"line":53,"column":28},"end":{"line":53,"column":53}},{"start":{"line":53,"column":57},"end":{"line":53,"column":59}}],"line":53},"3":{"loc":{"start":{"line":54,"column":22},"end":{"line":54,"column":58}},"type":"binary-expr","locations":[{"start":{"line":54,"column":22},"end":{"line":54,"column":41}},{"start":{"line":54,"column":45},"end":{"line":54,"column":58}}],"line":54},"4":{"loc":{"start":{"line":55,"column":24},"end":{"line":55,"column":82}},"type":"cond-expr","locations":[{"start":{"line":55,"column":48},"end":{"line":55,"column":77}},{"start":{"line":55,"column":80},"end":{"line":55,"column":82}}],"line":55},"5":{"loc":{"start":{"line":60,"column":17},"end":{"line":60,"column":80}},"type":"binary-expr","locations":[{"start":{"line":60,"column":17},"end":{"line":60,"column":43}},{"start":{"line":60,"column":47},"end":{"line":60,"column":80}}],"line":60},"6":{"loc":{"start":{"line":81,"column":20},"end":{"line":81,"column":64}},"type":"cond-expr","locations":[{"start":{"line":81,"column":33},"end":{"line":81,"column":57}},{"start":{"line":81,"column":60},"end":{"line":81,"column":64}}],"line":81},"7":{"loc":{"start":{"line":85,"column":15},"end":{"line":85,"column":75}},"type":"binary-expr","locations":[{"start":{"line":85,"column":15},"end":{"line":85,"column":41}},{"start":{"line":85,"column":45},"end":{"line":85,"column":75}}],"line":85},"8":{"loc":{"start":{"line":91,"column":2},"end":{"line":93,"column":3}},"type":"if","locations":[{"start":{"line":91,"column":2},"end":{"line":93,"column":3}},{"start":{},"end":{}}],"line":91},"9":{"loc":{"start":{"line":100,"column":9},"end":{"line":100,"column":62}},"type":"binary-expr","locations":[{"start":{"line":100,"column":9},"end":{"line":100,"column":14}},{"start":{"line":100,"column":18},"end":{"line":100,"column":62}}],"line":100},"10":{"loc":{"start":{"line":171,"column":15},"end":{"line":171,"column":60}},"type":"cond-expr","locations":[{"start":{"line":171,"column":24},"end":{"line":171,"column":43}},{"start":{"line":171,"column":46},"end":{"line":171,"column":60}}],"line":171}},"s":{"0":0,"1":0,"2":0,"3":0,"4":0,"5":0,"6":0,"7":0,"8":0,"9":0,"10":0,"11":0,"12":0,"13":0,"14":0,"15":0,"16":0,"17":0,"18":0,"19":0,"20":0,"21":0,"22":0,"23":0,"24":0,"25":0,"26":0,"27":0,"28":0,"29":0,"30":0,"31":0,"32":0,"33":0,"34":0,"35":0,"36":0,"37":0,"38":0,"39":0,"40":0,"41":0,"42":0,"43":0,"44":0},"f":{"0":0,"1":0,"2":0,"3":0,"4":0,"5":0,"6":0,"7":0,"8":0,"9":0,"10":0},"b":{"0":[0,0],"1":[0,0],"2":[0,0],"3":[0,0],"4":[0,0],"5":[0,0],"6":[0,0],"7":[0,0],"8":[0,0],"9":[0,0],"10":[0,0]}}
,"/home/runner/work/Devsecops/Devsecops/frontend/src/pages/EditPaper.js": {"path":"/home/runner/work/Devsecops/Devsecops/frontend/src/pages/EditPaper.js","statementMap":{"0":{"start":{"line":15,"column":18},"end":{"line":165,"column":1}},"1":{"start":{"line":16,"column":17},"end":{"line":16,"column":28}},"2":{"start":{"line":17,"column":19},"end":{"line":17,"column":32}},"3":{"start":{"line":18,"column":28},"end":{"line":18,"column":40}},"4":{"start":{"line":19,"column":32},"end":{"line":19,"column":44}},"5":{"start":{"line":20,"column":34},"end":{"line":20,"column":46}},"6":{"start":{"line":21,"column":46},"end":{"line":21,"column":58}},"7":{"start":{"line":22,"column":48},"end":{"line":22,"column":60}},"8":{"start":{"line":23,"column":32},"end":{"line":23,"column":46}},"9":{"start":{"line":24,"column":30},"end":{"line":24,"column":45}},"10":{"start":{"line":25,"column":28},"end":{"line":25,"column":40}},"11":{"start":{"line":30,"column":2},"end":{"line":47,"column":11}},"12":{"start":{"line":31,"column":23},"end":{"line":45,"column":5}},"13":{"start":{"line":32,"column":6},"end":{"line":44,"column":7}},"14":{"start":{"line":33,"column":25},"end":{"line":33,"column":59}},"15":{"start":{"line":34,"column":22},"end":{"line":34,"column":35}},"16":{"start":{"line":35,"column":8},"end":{"line":35,"column":36}},"17":{"start":{"line":36,"column":8},"end":{"line":36,"column":40}},"18":{"start":{"line":37,"column":8},"end":{"line":37,"column":42}},"19":{"start":{"line":38,"column":8},"end":{"line":38,"column":54}},"20":{"start":{"line":39,"column":8},"end":{"line":39,"column":87}},"21":{"start":{"line":41,"column":8},"end":{"line":41,"column":77}},"22":{"start":{"line":43,"column":8},"end":{"line":43,"column":26}},"23":{"start":{"line":46,"column":4},"end":{"line":46,"column":17}},"24":{"start":{"line":53,"column":23},"end":{"line":71,"column":3}},"25":{"start":{"line":54,"column":4},"end":{"line":54,"column":23}},"26":{"start":{"line":55,"column":4},"end":{"line":55,"column":17}},"27":{"start":{"line":56,"column":4},"end":{"line":56,"column":20}},"28":{"start":{"line":57,"column":4},"end":{"line":70,"column":5}},"29":{"start":{"line":58,"column":6},"end":{"line":64,"column":9}},"30":{"start":{"line":65,"column":6},"end":{"line":65,"column":32}},"31":{"start":{"line":67,"column":6},"end":{"line":67,"column":72}},"32":{"start":{"line":69,"column":6},"end":{"line":69,"column":23}},"33":{"start":{"line":73,"column":2},"end":{"line":75,"column":3}},"34":{"start":{"line":74,"column":4},"end":{"line":74,"column":72}},"35":{"start":{"line":77,"column":2},"end":{"line":164,"column":4}},"36":{"start":{"line":92,"column":31},"end":{"line":92,"column":55}},"37":{"start":{"line":105,"column":31},"end":{"line":105,"column":57}},"38":{"start":{"line":117,"column":31},"end":{"line":117,"column":58}},"39":{"start":{"line":132,"column":33},"end":{"line":132,"column":66}},"40":{"start":{"line":144,"column":33},"end":{"line":144,"column":67}},"41":{"start":{"line":154,"column":75},"end":{"line":154,"column":100}}},"fnMap":{"0":{"name":"(anonymous_0)","decl":{"start":{"line":15,"column":18},"end":{"line":15,"column":19}},"loc":{"start":{"line":15,"column":24},"end":{"line":165,"column":1}},"line":15},"1":{"name":"(anonymous_1)","decl":{"start":{"line":30,"column":12},"end":{"line":30,"column":13}},"loc":{"start":{"line":30,"column":18},"end":{"line":47,"column":3}},"line":30},"2":{"name":"(anonymous_2)","decl":{"start":{"line":31,"column":23},"end":{"line":31,"column":24}},"loc":{"start":{"line":31,"column":35},"end":{"line":45,"column":5}},"line":31},"3":{"name":"(anonymous_3)","decl":{"start":{"line":53,"column":23},"end":{"line":53,"column":24}},"loc":{"start":{"line":53,"column":36},"end":{"line":71,"column":3}},"line":53},"4":{"name":"(anonymous_4)","decl":{"start":{"line":92,"column":24},"end":{"line":92,"column":25}},"loc":{"start":{"line":92,"column":31},"end":{"line":92,"column":55}},"line":92},"5":{"name":"(anonymous_5)","decl":{"start":{"line":105,"column":24},"end":{"line":105,"column":25}},"loc":{"start":{"line":105,"column":31},"end":{"line":105,"column":57}},"line":105},"6":{"name":"(anonymous_6)","decl":{"start":{"line":117,"column":24},"end":{"line":117,"column":25}},"loc":{"start":{"line":117,"column":31},"end":{"line":117,"column":58}},"line":117},"7":{"name":"(anonymous_7)","decl":{"start":{"line":132,"column":26},"end":{"line":132,"column":27}},"loc":{"start":{"line":132,"column":33},"end":{"line":132,"column":66}},"line":132},"8":{"name":"(anonymous_8)","decl":{"start":{"line":144,"column":26},"end":{"line":144,"column":27}},"loc":{"start":{"line":144,"column":33},"end":{"line":144,"column":67}},"line":144},"9":{"name":"(anonymous_9)","decl":{"start":{"line":154,"column":69},"end":{"line":154,"column":70}},"loc":{"start":{"line":154,"column":75},"end":{"line":154,"column":100}},"line":154}},"branchMap":{"0":{"loc":{"start":{"line":35,"column":17},"end":{"line":35,"column":34}},"type":"binary-expr","locations":[{"start":{"line":35,"column":17},"end":{"line":35,"column":28}},{"start":{"line":35,"column":32},"end":{"line":35,"column":34}}],"line":35},"1":{"loc":{"start":{"line":36,"column":19},"end":{"line":36,"column":38}},"type":"binary-expr","locations":[{"start":{"line":36,"column":19},"end":{"line":36,"column":32}},{"start":{"line":36,"column":36},"end":{"line":36,"column":38}}],"line":36},"2":{"loc":{"start":{"line":37,"column":20},"end":{"line":37,"column":40}},"type":"binary-expr","locations":[{"start":{"line":37,"column":20},"end":{"line":37,"column":34}},{"start":{"line":37,"column":38},"end":{"line":37,"column":40}}],"line":37},"3":{"loc":{"start":{"line":38,"column":26},"end":{"line":38,"column":52}},"type":"binary-expr","locations":[{"start":{"line":38,"column":26},"end":{"line":38,"column":46}},{"start":{"line":38,"column":50},"end":{"line":38,"column":52}}],"line":38},"4":{"loc":{"start":{"line":39,"column":27},"end":{"line":39,"column":85}},"type":"cond-expr","locations":[{"start":{"line":39,"column":51},"end":{"line":39,"column":80}},{"start":{"line":39,"column":83},"end":{"line":39,"column":85}}],"line":39},"5":{"loc":{"start":{"line":41,"column":17},"end":{"line":41,"column":75}},"type":"binary-expr","locations":[{"start":{"line":41,"column":17},"end":{"line":41,"column":43}},{"start":{"line":41,"column":47},"end":{"line":41,"column":75}}],"line":41},"6":{"loc":{"start":{"line":67,"column":15},"end":{"line":67,"column":70}},"type":"binary-expr","locations":[{"start":{"line":67,"column":15},"end":{"line":67,"column":41}},{"start":{"line":67,"column":45},"end":{"line":67,"column":70}}],"line":67},"7":{"loc":{"start":{"line":73,"column":2},"end":{"line":75,"column":3}},"type":"if","locations":[{"start":{"line":73,"column":2},"end":{"line":75,"column":3}},{"start":{},"end":{}}],"line":73},"8":{"loc":{"start":{"line":82,"column":9},"end":{"line":82,"column":62}},"type":"binary-expr","locations":[{"start":{"line":82,"column":9},"end":{"line":82,"column":14}},{"start":{"line":82,"column":18},"end":{"line":82,"column":62}}],"line":82},"9":{"loc":{"start":{"line":158,"column":15},"end":{"line":158,"column":60}},"type":"cond-expr","locations":[{"start":{"line":158,"column":24},"end":{"line":158,"column":43}},{"start":{"line":158,"column":46},"end":{"line":158,"column":60}}],"line":158}},"s":{"0":0,"1":0,"2":0,"3":0,"4":0,"5":0,"6":0,"7":0,"8":0,"9":0,"10":0,"11":0,"12":0,"13":0,"14":0,"15":0,"16":0,"17":0,"18":0,"19":0,"20":0,"21":0,"22":0,"23":0,"24":0,"25":0,"26":0,"27":0,"28":0,"29":0,"30":0,"31":0,"32":0,"33":0,"34":0,"35":0,"36":0,"37":0,"38":0,"39":0,"40":0,"41":0},"f":{"0":0,"1":0,"2":0,"3":0,"4":0,"5":0,"6":0,"7":0,"8":0,"9":0},"b":{"0":[0,0],"1":[0,0],"2":[0,0],"3":[0,0],"4":[0,0],"5":[0,0],"6":[0,0],"7":[0,0],"8":[0,0],"9":[0,0]}}
,"/home/runner/work/Devsecops/Devsecops/frontend/src/pages/Login.js": {"path":"/home/runner/work/Devsecops/Devsecops/frontend/src/pages/Login.js","statementMap":{"0":{"start":{"line":17,"column":14},"end":{"line":137,"column":1}},"1":{"start":{"line":18,"column":34},"end":{"line":18,"column":46}},"2":{"start":{"line":19,"column":34},"end":{"line":19,"column":46}},"3":{"start":{"line":20,"column":28},"end":{"line":20,"column":40}},"4":{"start":{"line":21,"column":32},"end":{"line":21,"column":47}},"5":{"start":{"line":22,"column":20},"end":{"line":22,"column":29}},"6":{"start":{"line":23,"column":19},"end":{"line":23,"column":32}},"7":{"start":{"line":29,"column":23},"end":{"line":41,"column":3}},"8":{"start":{"line":30,"column":4},"end":{"line":30,"column":23}},"9":{"start":{"line":31,"column":4},"end":{"line":31,"column":17}},"10":{"start":{"line":32,"column":4},"end":{"line":32,"column":21}},"11":{"start":{"line":33,"column":4},"end":{"line":40,"column":5}},"12":{"start":{"line":34,"column":6},"end":{"line":34,"column":38}},"13":{"start":{"line":35,"column":6},"end":{"line":35,"column":29}},"14":{"start":{"line":37,"column":6},"end":{"line":37,"column":93}},"15":{"start":{"line":39,"column":6},"end":{"line":39,"column":24}},"16":{"start":{"line":46,"column":30},"end":{"line":57,"column":3}},"17":{"start":{"line":47,"column":4},"end":{"line":47,"column":17}},"18":{"start":{"line":48,"column":4},"end":{"line":48,"column":21}},"19":{"start":{"line":49,"column":4},"end":{"line":56,"column":5}},"20":{"start":{"line":50,"column":6},"end":{"line":50,"column":50}},"21":{"start":{"line":51,"column":6},"end":{"line":51,"column":29}},"22":{"start":{"line":53,"column":6},"end":{"line":53,"column":89}},"23":{"start":{"line":55,"column":6},"end":{"line":55,"column":24}},"24":{"start":{"line":59,"column":2},"end":{"line":136,"column":4}},"25":{"start":{"line":80,"column":33},"end":{"line":80,"column":60}},"26":{"start":{"line":93,"column":33},"end":{"line":93,"column":60}}},"fnMap":{"0":{"name":"(anonymous_0)","decl":{"start":{"line":17,"column":14},"end":{"line":17,"column":15}},"loc":{"start":{"line":17,"column":20},"end":{"line":137,"column":1}},"line":17},"1":{"name":"(anonymous_1)","decl":{"start":{"line":29,"column":23},"end":{"line":29,"column":24}},"loc":{"start":{"line":29,"column":36},"end":{"line":41,"column":3}},"line":29},"2":{"name":"(anonymous_2)","decl":{"start":{"line":46,"column":30},"end":{"line":46,"column":31}},"loc":{"start":{"line":46,"column":42},"end":{"line":57,"column":3}},"line":46},"3":{"name":"(anonymous_3)","decl":{"start":{"line":80,"column":26},"end":{"line":80,"column":27}},"loc":{"start":{"line":80,"column":33},"end":{"line":80,"column":60}},"line":80},"4":{"name":"(anonymous_4)","decl":{"start":{"line":93,"column":26},"end":{"line":93,"column":27}},"loc":{"start":{"line":93,"column":33},"end":{"line":93,"column":60}},"line":93}},"branchMap":{"0":{"loc":{"start":{"line":37,"column":15},"end":{"line":37,"column":91}},"type":"binary-expr","locations":[{"start":{"line":37,"column":15},"end":{"line":37,"column":41}},{"start":{"line":37,"column":45},"end":{"line":37,"column":91}}],"line":37},"1":{"loc":{"start":{"line":53,"column":15},"end":{"line":53,"column":87}},"type":"binary-expr","locations":[{"start":{"line":53,"column":15},"end":{"line":53,"column":41}},{"start":{"line":53,"column":45},"end":{"line":53,"column":87}}],"line":53},"2":{"loc":{"start":{"line":70,"column":11},"end":{"line":70,"column":62}},"type":"binary-expr","locations":[{"start":{"line":70,"column":11},"end":{"line":70,"column":16}},{"start":{"line":70,"column":20},"end":{"line":70,"column":62}}],"line":70},"3":{"loc":{"start":{"line":100,"column":15},"end":{"line":100,"column":52}},"type":"cond-expr","locations":[{"start":{"line":100,"column":25},"end":{"line":100,"column":40}},{"start":{"line":100,"column":43},"end":{"line":100,"column":52}}],"line":100}},"s":{"0":0,"1":0,"2":0,"3":0,"4":0,"5":0,"6":0,"7":0,"8":0,"9":0,"10":0,"11":0,"12":0,"13":0,"14":0,"15":0,"16":0,"17":0,"18":0,"19":0,"20":0,"21":0,"22":0,"23":0,"24":0,"25":0,"26":0},"f":{"0":0,"1":0,"2":0,"3":0,"4":0},"b":{"0":[0,0],"1":[0,0],"2":[0,0],"3":[0,0]}}
,"/home/runner/work/Devsecops/Devsecops/frontend/src/pages/PaperDetail.js": {"path":"/home/runner/work/Devsecops/Devsecops/frontend/src/pages/PaperDetail.js","statementMap":{"0":{"start":{"line":14,"column":24},"end":{"line":21,"column":1}},"1":{"start":{"line":26,"column":24},"end":{"line":33,"column":1}},"2":{"start":{"line":38,"column":19},"end":{"line":38,"column":95}},"3":{"start":{"line":44,"column":20},"end":{"line":333,"column":1}},"4":{"start":{"line":45,"column":17},"end":{"line":45,"column":28}},"5":{"start":{"line":46,"column":19},"end":{"line":46,"column":32}},"6":{"start":{"line":47,"column":28},"end":{"line":47,"column":42}},"7":{"start":{"line":48,"column":40},"end":{"line":48,"column":52}},"8":{"start":{"line":49,"column":32},"end":{"line":49,"column":46}},"9":{"start":{"line":50,"column":28},"end":{"line":50,"column":40}},"10":{"start":{"line":52,"column":48},"end":{"line":52,"column":60}},"11":{"start":{"line":53,"column":46},"end":{"line":53,"column":58}},"12":{"start":{"line":54,"column":34},"end":{"line":54,"column":57}},"13":{"start":{"line":55,"column":38},"end":{"line":55,"column":50}},"14":{"start":{"line":56,"column":34},"end":{"line":56,"column":46}},"15":{"start":{"line":57,"column":38},"end":{"line":57,"column":53}},"16":{"start":{"line":62,"column":2},"end":{"line":78,"column":11}},"17":{"start":{"line":63,"column":22},"end":{"line":76,"column":5}},"18":{"start":{"line":64,"column":6},"end":{"line":75,"column":7}},"19":{"start":{"line":65,"column":35},"end":{"line":68,"column":10}},"20":{"start":{"line":69,"column":8},"end":{"line":69,"column":32}},"21":{"start":{"line":70,"column":8},"end":{"line":70,"column":36}},"22":{"start":{"line":72,"column":8},"end":{"line":72,"column":80}},"23":{"start":{"line":74,"column":8},"end":{"line":74,"column":26}},"24":{"start":{"line":77,"column":4},"end":{"line":77,"column":16}},"25":{"start":{"line":84,"column":28},"end":{"line":94,"column":3}},"26":{"start":{"line":85,"column":4},"end":{"line":87,"column":5}},"27":{"start":{"line":86,"column":6},"end":{"line":86,"column":13}},"28":{"start":{"line":88,"column":4},"end":{"line":93,"column":5}},"29":{"start":{"line":89,"column":6},"end":{"line":89,"column":44}},"30":{"start":{"line":90,"column":6},"end":{"line":90,"column":29}},"31":{"start":{"line":92,"column":6},"end":{"line":92,"column":72}},"32":{"start":{"line":100,"column":30},"end":{"line":121,"column":3}},"33":{"start":{"line":101,"column":4},"end":{"line":101,"column":23}},"34":{"start":{"line":102,"column":4},"end":{"line":102,"column":20}},"35":{"start":{"line":103,"column":4},"end":{"line":103,"column":24}},"36":{"start":{"line":104,"column":4},"end":{"line":120,"column":5}},"37":{"start":{"line":105,"column":23},"end":{"line":110,"column":8}},"38":{"start":{"line":111,"column":6},"end":{"line":111,"column":54}},"39":{"start":{"line":112,"column":6},"end":{"line":112,"column":29}},"40":{"start":{"line":113,"column":6},"end":{"line":113,"column":28}},"41":{"start":{"line":114,"column":6},"end":{"line":114,"column":33}},"42":{"start":{"line":115,"column":6},"end":{"line":115,"column":24}},"43":{"start":{"line":117,"column":6},"end":{"line":117,"column":77}},"44":{"start":{"line":119,"column":6},"end":{"line":119,"column":27}},"45":{"start":{"line":127,"column":33},"end":{"line":137,"column":3}},"46":{"start":{"line":128,"column":4},"end":{"line":130,"column":5}},"47":{"start":{"line":129,"column":6},"end":{"line":129,"column":13}},"48":{"start":{"line":131,"column":4},"end":{"line":136,"column":5}},"49":{"start":{"line":132,"column":6},"end":{"line":132,"column":65}},"50":{"start":{"line":133,"column":6},"end":{"line":133,"column":64}},"51":{"start":{"line":133,"column":47},"end":{"line":133,"column":61}},"52":{"start":{"line":135,"column":6},"end":{"line":135,"column":77}},"53":{"start":{"line":139,"column":2},"end":{"line":141,"column":3}},"54":{"start":{"line":140,"column":4},"end":{"line":140,"column":75}},"55":{"start":{"line":143,"column":2},"end":{"line":145,"column":3}},"56":{"start":{"line":144,"column":4},"end":{"line":144,"column":103}},"57":{"start":{"line":147,"column":2},"end":{"line":332,"column":4}},"58":{"start":{"line":212,"column":14},"end":{"line":249,"column":20}},"59":{"start":{"line":231,"column":37},"end":{"line":231,"column":67}},"60":{"start":{"line":268,"column":33},"end":{"line":268,"column":67}},"61":{"start":{"line":283,"column":33},"end":{"line":283,"column":66}},"62":{"start":{"line":297,"column":35},"end":{"line":297,"column":62}},"63":{"start":{"line":300,"column":20},"end":{"line":302,"column":29}},"64":{"start":{"line":316,"column":35},"end":{"line":316,"column":64}}},"fnMap":{"0":{"name":"(anonymous_0)","decl":{"start":{"line":44,"column":20},"end":{"line":44,"column":21}},"loc":{"start":{"line":44,"column":26},"end":{"line":333,"column":1}},"line":44},"1":{"name":"(anonymous_1)","decl":{"start":{"line":62,"column":12},"end":{"line":62,"column":13}},"loc":{"start":{"line":62,"column":18},"end":{"line":78,"column":3}},"line":62},"2":{"name":"(anonymous_2)","decl":{"start":{"line":63,"column":22},"end":{"line":63,"column":23}},"loc":{"start":{"line":63,"column":34},"end":{"line":76,"column":5}},"line":63},"3":{"name":"(anonymous_3)","decl":{"start":{"line":84,"column":28},"end":{"line":84,"column":29}},"loc":{"start":{"line":84,"column":40},"end":{"line":94,"column":3}},"line":84},"4":{"name":"(anonymous_4)","decl":{"start":{"line":100,"column":30},"end":{"line":100,"column":31}},"loc":{"start":{"line":100,"column":43},"end":{"line":121,"column":3}},"line":100},"5":{"name":"(anonymous_5)","decl":{"start":{"line":127,"column":33},"end":{"line":127,"column":34}},"loc":{"start":{"line":127,"column":50},"end":{"line":137,"column":3}},"line":127},"6":{"name":"(anonymous_6)","decl":{"start":{"line":133,"column":40},"end":{"line":133,"column":41}},"loc":{"start":{"line":133,"column":47},"end":{"line":133,"column":61}},"line":133},"7":{"name":"(anonymous_7)","decl":{"start":{"line":211,"column":29},"end":{"line":211,"column":30}},"loc":{"start":{"line":212,"column":14},"end":{"line":249,"column":20}},"line":212},"8":{"name":"(anonymous_8)","decl":{"start":{"line":231,"column":31},"end":{"line":231,"column":32}},"loc":{"start":{"line":231,"column":37},"end":{"line":231,"column":67}},"line":231},"9":{"name":"(anonymous_9)","decl":{"start":{"line":268,"column":26},"end":{"line":268,"column":27}},"loc":{"start":{"line":268,"column":33},"end":{"line":268,"column":67}},"line":268},"10":{"name":"(anonymous_10)","decl":{"start":{"line":283,"column":26},"end":{"line":283,"column":27}},"loc":{"start":{"line":283,"column":33},"end":{"line":283,"column":66}},"line":283},"11":{"name":"(anonymous_11)","decl":{"start":{"line":297,"column":28},"end":{"line":297,"column":29}},"loc":{"start":{"line":297,"column":35},"end":{"line":297,"column":62}},"line":297},"12":{"name":"(anonymous_12)","decl":{"start":{"line":299,"column":34},"end":{"line":299,"column":35}},"loc":{"start":{"line":300,"column":20},"end":{"line":302,"column":29}},"line":300},"13":{"name":"(anonymous_13)","decl":{"start":{"line":316,"column":28},"end":{"line":316,"column":29}},"loc":{"start":{"line":316,"column":35},"end":{"line":316,"column":64}},"line":316}},"branchMap":{"0":{"loc":{"start":{"line":72,"column":17},"end":{"line":72,"column":78}},"type":"binary-expr","locations":[{"start":{"line":72,"column":17},"end":{"line":72,"column":43}},{"start":{"line":72,"column":47},"end":{"line":72,"column":78}}],"line":72},"1":{"loc":{"start":{"line":85,"column":4},"end":{"line":87,"column":5}},"type":"if","locations":[{"start":{"line":85,"column":4},"end":{"line":87,"column":5}},{"start":{},"end":{}}],"line":85},"2":{"loc":{"start":{"line":92,"column":15},"end":{"line":92,"column":70}},"type":"binary-expr","locations":[{"start":{"line":92,"column":15},"end":{"line":92,"column":41}},{"start":{"line":92,"column":45},"end":{"line":92,"column":70}}],"line":92},"3":{"loc":{"start":{"line":109,"column":20},"end":{"line":109,"column":64}},"type":"cond-expr","locations":[{"start":{"line":109,"column":33},"end":{"line":109,"column":57}},{"start":{"line":109,"column":60},"end":{"line":109,"column":64}}],"line":109},"4":{"loc":{"start":{"line":117,"column":18},"end":{"line":117,"column":75}},"type":"binary-expr","locations":[{"start":{"line":117,"column":18},"end":{"line":117,"column":44}},{"start":{"line":117,"column":48},"end":{"line":117,"column":75}}],"line":117},"5":{"loc":{"start":{"line":128,"column":4},"end":{"line":130,"column":5}},"type":"if","locations":[{"start":{"line":128,"column":4},"end":{"line":130,"column":5}},{"start":{},"end":{}}],"line":128},"6":{"loc":{"start":{"line":135,"column":15},"end":{"line":135,"column":75}},"type":"binary-expr","locations":[{"start":{"line":135,"column":15},"end":{"line":135,"column":41}},{"start":{"line":135,"column":45},"end":{"line":135,"column":75}}],"line":135},"7":{"loc":{"start":{"line":139,"column":2},"end":{"line":141,"column":3}},"type":"if","locations":[{"start":{"line":139,"column":2},"end":{"line":141,"column":3}},{"start":{},"end":{}}],"line":139},"8":{"loc":{"start":{"line":143,"column":2},"end":{"line":145,"column":3}},"type":"if","locations":[{"start":{"line":143,"column":2},"end":{"line":145,"column":3}},{"start":{},"end":{}}],"line":143},"9":{"loc":{"start":{"line":149,"column":7},"end":{"line":149,"column":60}},"type":"binary-expr","locations":[{"start":{"line":149,"column":7},"end":{"line":149,"column":12}},{"start":{"line":149,"column":16},"end":{"line":149,"column":60}}],"line":149},"10":{"loc":{"start":{"line":169,"column":11},"end":{"line":181,"column":11}},"type":"binary-expr","locations":[{"start":{"line":169,"column":11},"end":{"line":169,"column":31}},{"start":{"line":170,"column":12},"end":{"line":180,"column":18}}],"line":169},"11":{"loc":{"start":{"line":182,"column":11},"end":{"line":189,"column":11}},"type":"binary-expr","locations":[{"start":{"line":182,"column":11},"end":{"line":182,"column":26}},{"start":{"line":183,"column":12},"end":{"line":188,"column":18}}],"line":182},"12":{"loc":{"start":{"line":192,"column":9},"end":{"line":197,"column":9}},"type":"binary-expr","locations":[{"start":{"line":192,"column":9},"end":{"line":192,"column":23}},{"start":{"line":193,"column":10},"end":{"line":196,"column":16}}],"line":192},"13":{"loc":{"start":{"line":205,"column":9},"end":{"line":252,"column":9}},"type":"cond-expr","locations":[{"start":{"line":206,"column":10},"end":{"line":208,"column":16}},{"start":{"line":210,"column":10},"end":{"line":251,"column":16}}],"line":205},"14":{"loc":{"start":{"line":216,"column":41},"end":{"line":216,"column":83}},"type":"binary-expr","locations":[{"start":{"line":216,"column":41},"end":{"line":216,"column":70}},{"start":{"line":216,"column":74},"end":{"line":216,"column":83}}],"line":216},"15":{"loc":{"start":{"line":218,"column":21},"end":{"line":218,"column":66}},"type":"binary-expr","locations":[{"start":{"line":218,"column":21},"end":{"line":218,"column":50}},{"start":{"line":218,"column":54},"end":{"line":218,"column":66}}],"line":218},"16":{"loc":{"start":{"line":220,"column":19},"end":{"line":222,"column":19}},"type":"binary-expr","locations":[{"start":{"line":220,"column":19},"end":{"line":220,"column":33}},{"start":{"line":221,"column":20},"end":{"line":221,"column":82}}],"line":220},"17":{"loc":{"start":{"line":238,"column":17},"end":{"line":242,"column":17}},"type":"binary-expr","locations":[{"start":{"line":238,"column":17},"end":{"line":238,"column":36}},{"start":{"line":239,"column":18},"end":{"line":241,"column":31}}],"line":238},"18":{"loc":{"start":{"line":244,"column":17},"end":{"line":248,"column":17}},"type":"binary-expr","locations":[{"start":{"line":244,"column":17},"end":{"line":244,"column":30}},{"start":{"line":245,"column":18},"end":{"line":247,"column":25}}],"line":244},"19":{"loc":{"start":{"line":257,"column":11},"end":{"line":257,"column":70}},"type":"binary-expr","locations":[{"start":{"line":257,"column":11},"end":{"line":257,"column":19}},{"start":{"line":257,"column":23},"end":{"line":257,"column":70}}],"line":257},"20":{"loc":{"start":{"line":325,"column":17},"end":{"line":325,"column":60}},"type":"cond-expr","locations":[{"start":{"line":325,"column":30},"end":{"line":325,"column":41}},{"start":{"line":325,"column":44},"end":{"line":325,"column":60}}],"line":325}},"s":{"0":0,"1":0,"2":0,"3":0,"4":0,"5":0,"6":0,"7":0,"8":0,"9":0,"10":0,"11":0,"12":0,"13":0,"14":0,"15":0,"16":0,"17":0,"18":0,"19":0,"20":0,"21":0,"22":0,"23":0,"24":0,"25":0,"26":0,"27":0,"28":0,"29":0,"30":0,"31":0,"32":0,"33":0,"34":0,"35":0,"36":0,"37":0,"38":0,"39":0,"40":0,"41":0,"42":0,"43":0,"44":0,"45":0,"46":0,"47":0,"48":0,"49":0,"50":0,"51":0,"52":0,"53":0,"54":0,"55":0,"56":0,"57":0,"58":0,"59":0,"60":0,"61":0,"62":0,"63":0,"64":0},"f":{"0":0,"1":0,"2":0,"3":0,"4":0,"5":0,"6":0,"7":0,"8":0,"9":0,"10":0,"11":0,"12":0,"13":0},"b":{"0":[0,0],"1":[0,0],"2":[0,0],"3":[0,0],"4":[0,0],"5":[0,0],"6":[0,0],"7":[0,0],"8":[0,0],"9":[0,0],"10":[0,0],"11":[0,0],"12":[0,0],"13":[0,0],"14":[0,0],"15":[0,0],"16":[0,0],"17":[0,0],"18":[0,0],"19":[0,0],"20":[0,0]}}
,"/home/runner/work/Devsecops/Devsecops/frontend/src/pages/SearchPapers.js": {"path":"/home/runner/work/Devsecops/Devsecops/frontend/src/pages/SearchPapers.js","statementMap":{"0":{"start":{"line":15,"column":21},"end":{"line":109,"column":1}},"1":{"start":{"line":16,"column":28},"end":{"line":16,"column":40}},"2":{"start":{"line":17,"column":32},"end":{"line":17,"column":44}},"3":{"start":{"line":18,"column":42},"end":{"line":18,"column":53}},"4":{"start":{"line":19,"column":34},"end":{"line":19,"column":49}},"5":{"start":{"line":20,"column":32},"end":{"line":20,"column":47}},"6":{"start":{"line":21,"column":28},"end":{"line":21,"column":40}},"7":{"start":{"line":27,"column":23},"end":{"line":45,"column":3}},"8":{"start":{"line":28,"column":4},"end":{"line":28,"column":23}},"9":{"start":{"line":29,"column":4},"end":{"line":29,"column":30}},"10":{"start":{"line":29,"column":23},"end":{"line":29,"column":30}},"11":{"start":{"line":31,"column":4},"end":{"line":31,"column":17}},"12":{"start":{"line":32,"column":4},"end":{"line":32,"column":21}},"13":{"start":{"line":33,"column":4},"end":{"line":33,"column":22}},"14":{"start":{"line":34,"column":4},"end":{"line":44,"column":5}},"15":{"start":{"line":35,"column":23},"end":{"line":35,"column":84}},"16":{"start":{"line":36,"column":6},"end":{"line":36,"column":45}},"17":{"start":{"line":37,"column":6},"end":{"line":37,"column":55}},"18":{"start":{"line":39,"column":6},"end":{"line":39,"column":81}},"19":{"start":{"line":40,"column":6},"end":{"line":40,"column":21}},"20":{"start":{"line":41,"column":6},"end":{"line":41,"column":25}},"21":{"start":{"line":43,"column":6},"end":{"line":43,"column":24}},"22":{"start":{"line":47,"column":2},"end":{"line":108,"column":4}},"23":{"start":{"line":57,"column":29},"end":{"line":57,"column":53}},"24":{"start":{"line":81,"column":16},"end":{"line":101,"column":23}}},"fnMap":{"0":{"name":"(anonymous_0)","decl":{"start":{"line":15,"column":21},"end":{"line":15,"column":22}},"loc":{"start":{"line":15,"column":27},"end":{"line":109,"column":1}},"line":15},"1":{"name":"(anonymous_1)","decl":{"start":{"line":27,"column":23},"end":{"line":27,"column":24}},"loc":{"start":{"line":27,"column":36},"end":{"line":45,"column":3}},"line":27},"2":{"name":"(anonymous_2)","decl":{"start":{"line":57,"column":22},"end":{"line":57,"column":23}},"loc":{"start":{"line":57,"column":29},"end":{"line":57,"column":53}},"line":57},"3":{"name":"(anonymous_3)","decl":{"start":{"line":80,"column":27},"end":{"line":80,"column":28}},"loc":{"start":{"line":81,"column":16},"end":{"line":101,"column":23}},"line":81}},"branchMap":{"0":{"loc":{"start":{"line":29,"column":4},"end":{"line":29,"column":30}},"type":"if","locations":[{"start":{"line":29,"column":4},"end":{"line":29,"column":30}},{"start":{},"end":{}}],"line":29},"1":{"loc":{"start":{"line":36,"column":17},"end":{"line":36,"column":43}},"type":"binary-expr","locations":[{"start":{"line":36,"column":17},"end":{"line":36,"column":37}},{"start":{"line":36,"column":41},"end":{"line":36,"column":43}}],"line":36},"2":{"loc":{"start":{"line":37,"column":22},"end":{"line":37,"column":53}},"type":"binary-expr","locations":[{"start":{"line":37,"column":22},"end":{"line":37,"column":48}},{"start":{"line":37,"column":52},"end":{"line":37,"column":53}}],"line":37},"3":{"loc":{"start":{"line":39,"column":15},"end":{"line":39,"column":79}},"type":"binary-expr","locations":[{"start":{"line":39,"column":15},"end":{"line":39,"column":41}},{"start":{"line":39,"column":45},"end":{"line":39,"column":79}}],"line":39},"4":{"loc":{"start":{"line":61,"column":13},"end":{"line":61,"column":48}},"type":"cond-expr","locations":[{"start":{"line":61,"column":23},"end":{"line":61,"column":37}},{"start":{"line":61,"column":40},"end":{"line":61,"column":48}}],"line":61},"5":{"loc":{"start":{"line":66,"column":7},"end":{"line":66,"column":60}},"type":"binary-expr","locations":[{"start":{"line":66,"column":7},"end":{"line":66,"column":12}},{"start":{"line":66,"column":16},"end":{"line":66,"column":60}}],"line":66},"6":{"loc":{"start":{"line":68,"column":7},"end":{"line":106,"column":7}},"type":"binary-expr","locations":[{"start":{"line":68,"column":7},"end":{"line":68,"column":15}},{"start":{"line":68,"column":19},"end":{"line":68,"column":27}},{"start":{"line":69,"column":8},"end":{"line":105,"column":14}}],"line":68},"7":{"loc":{"start":{"line":71,"column":34},"end":{"line":71,"column":63}},"type":"cond-expr","locations":[{"start":{"line":71,"column":55},"end":{"line":71,"column":58}},{"start":{"line":71,"column":61},"end":{"line":71,"column":63}}],"line":71},"8":{"loc":{"start":{"line":74,"column":11},"end":{"line":104,"column":11}},"type":"cond-expr","locations":[{"start":{"line":75,"column":12},"end":{"line":77,"column":18}},{"start":{"line":79,"column":12},"end":{"line":103,"column":18}}],"line":74},"9":{"loc":{"start":{"line":87,"column":23},"end":{"line":91,"column":23}},"type":"binary-expr","locations":[{"start":{"line":87,"column":23},"end":{"line":87,"column":58}},{"start":{"line":88,"column":24},"end":{"line":90,"column":31}}],"line":87},"10":{"loc":{"start":{"line":93,"column":21},"end":{"line":99,"column":21}},"type":"binary-expr","locations":[{"start":{"line":93,"column":21},"end":{"line":93,"column":35}},{"start":{"line":94,"column":22},"end":{"line":98,"column":26}}],"line":93},"11":{"loc":{"start":{"line":95,"column":25},"end":{"line":97,"column":42}},"type":"cond-expr","locations":[{"start":{"line":96,"column":28},"end":{"line":96,"column":68}},{"start":{"line":97,"column":28},"end":{"line":97,"column":42}}],"line":95}},"s":{"0":0,"1":0,"2":0,"3":0,"4":0,"5":0,"6":0,"7":0,"8":0,"9":0,"10":0,"11":0,"12":0,"13":0,"14":0,"15":0,"16":0,"17":0,"18":0,"19":0,"20":0,"21":0,"22":0,"23":0,"24":0},"f":{"0":0,"1":0,"2":0,"3":0},"b":{"0":[0,0],"1":[0,0],"2":[0,0],"3":[0,0],"4":[0,0],"5":[0,0],"6":[0,0,0],"7":[0,0],"8":[0,0],"9":[0,0],"10":[0,0],"11":[0,0]}}
,"/home/runner/work/Devsecops/Devsecops/frontend/src/pages/Signup.js": {"path":"/home/runner/work/Devsecops/Devsecops/frontend/src/pages/Signup.js","statementMap":{"0":{"start":{"line":15,"column":15},"end":{"line":126,"column":1}},"1":{"start":{"line":16,"column":34},"end":{"line":16,"column":46}},"2":{"start":{"line":17,"column":28},"end":{"line":17,"column":40}},"3":{"start":{"line":18,"column":34},"end":{"line":18,"column":46}},"4":{"start":{"line":19,"column":48},"end":{"line":19,"column":60}},"5":{"start":{"line":20,"column":28},"end":{"line":20,"column":40}},"6":{"start":{"line":21,"column":32},"end":{"line":21,"column":47}},"7":{"start":{"line":22,"column":19},"end":{"line":22,"column":32}},"8":{"start":{"line":29,"column":23},"end":{"line":47,"column":3}},"9":{"start":{"line":30,"column":4},"end":{"line":30,"column":23}},"10":{"start":{"line":31,"column":4},"end":{"line":31,"column":17}},"11":{"start":{"line":33,"column":4},"end":{"line":36,"column":5}},"12":{"start":{"line":34,"column":6},"end":{"line":34,"column":42}},"13":{"start":{"line":35,"column":6},"end":{"line":35,"column":13}},"14":{"start":{"line":38,"column":4},"end":{"line":38,"column":21}},"15":{"start":{"line":39,"column":4},"end":{"line":46,"column":5}},"16":{"start":{"line":40,"column":6},"end":{"line":40,"column":72}},"17":{"start":{"line":41,"column":6},"end":{"line":41,"column":25}},"18":{"start":{"line":43,"column":6},"end":{"line":43,"column":87}},"19":{"start":{"line":45,"column":6},"end":{"line":45,"column":24}},"20":{"start":{"line":49,"column":2},"end":{"line":125,"column":4}},"21":{"start":{"line":68,"column":33},"end":{"line":68,"column":60}},"22":{"start":{"line":81,"column":33},"end":{"line":81,"column":57}},"23":{"start":{"line":94,"column":33},"end":{"line":94,"column":60}},"24":{"start":{"line":107,"column":33},"end":{"line":107,"column":67}}},"fnMap":{"0":{"name":"(anonymous_0)","decl":{"start":{"line":15,"column":15},"end":{"line":15,"column":16}},"loc":{"start":{"line":15,"column":21},"end":{"line":126,"column":1}},"line":15},"1":{"name":"(anonymous_1)","decl":{"start":{"line":29,"column":23},"end":{"line":29,"column":24}},"loc":{"start":{"line":29,"column":36},"end":{"line":47,"column":3}},"line":29},"2":{"name":"(anonymous_2)","decl":{"start":{"line":68,"column":26},"end":{"line":68,"column":27}},"loc":{"start":{"line":68,"column":33},"end":{"line":68,"column":60}},"line":68},"3":{"name":"(anonymous_3)","decl":{"start":{"line":81,"column":26},"end":{"line":81,"column":27}},"loc":{"start":{"line":81,"column":33},"end":{"line":81,"column":57}},"line":81},"4":{"name":"(anonymous_4)","decl":{"start":{"line":94,"column":26},"end":{"line":94,"column":27}},"loc":{"start":{"line":94,"column":33},"end":{"line":94,"column":60}},"line":94},"5":{"name":"(anonymous_5)","decl":{"start":{"line":107,"column":26},"end":{"line":107,"column":27}},"loc":{"start":{"line":107,"column":33},"end":{"line":107,"column":67}},"line":107}},"branchMap":{"0":{"loc":{"start":{"line":33,"column":4},"end":{"line":36,"column":5}},"type":"if","locations":[{"start":{"line":33,"column":4},"end":{"line":36,"column":5}},{"start":{},"end":{}}],"line":33},"1":{"loc":{"start":{"line":43,"column":15},"end":{"line":43,"column":85}},"type":"binary-expr","locations":[{"start":{"line":43,"column":15},"end":{"line":43,"column":41}},{"start":{"line":43,"column":45},"end":{"line":43,"column":85}}],"line":43},"2":{"loc":{"start":{"line":58,"column":11},"end":{"line":58,"column":63}},"type":"binary-expr","locations":[{"start":{"line":58,"column":11},"end":{"line":58,"column":16}},{"start":{"line":58,"column":20},"end":{"line":58,"column":63}}],"line":58},"3":{"loc":{"start":{"line":114,"column":15},"end":{"line":114,"column":65}},"type":"cond-expr","locations":[{"start":{"line":114,"column":25},"end":{"line":114,"column":46}},{"start":{"line":114,"column":49},"end":{"line":114,"column":65}}],"line":114}},"s":{"0":0,"1":0,"2":0,"3":0,"4":0,"5":0,"6":0,"7":0,"8":0,"9":0,"10":0,"11":0,"12":0,"13":0,"14":0,"15":0,"16":0,"17":0,"18":0,"19":0,"20":0,"21":0,"22":0,"23":0,"24":0},"f":{"0":0,"1":0,"2":0,"3":0,"4":0,"5":0},"b":{"0":[0,0],"1":[0,0],"2":[0,0],"3":[0,0]}}
}
